<IPython.core.display.HTML object>
2021-07-07 19:31:12.749187 

This run includes 3 GCNs - Cerebellum, Primary Visual Cortex, and Prefrontal Cortex
SEED =  42

Training...

Test: Epoch 0
Train Accuracy: 0.3356   Test ACC: 0.2533
Train F1: 0.2621         Test F1: 0.1507

Label        Train Distribution     Train Accuracy     Test Distribution     Test Accuracy
------------------------------------------------------------------------------------------
Normal    	           0.3333              0.0000              0.2933              0.0000
Alzheimer's 	           0.3333              0.3490              0.4933              0.0811
Huntington's 	           0.3333              0.6577              0.2133              1.0000


Test: Epoch 50
Train Accuracy: 0.6152   Test ACC: 0.5200
Train F1: 0.6053         Test F1: 0.5033

Label        Train Distribution     Train Accuracy     Test Distribution     Test Accuracy
------------------------------------------------------------------------------------------
Normal    	           0.3333              0.2886              0.2933              0.2273
Alzheimer's 	           0.3333              0.8188              0.4933              0.5946
Huntington's 	           0.3333              0.7383              0.2133              0.7500


Test: Epoch 100
Train Accuracy: 0.8881   Test ACC: 0.7200
Train F1: 0.8873         Test F1: 0.7103

Label        Train Distribution     Train Accuracy     Test Distribution     Test Accuracy
------------------------------------------------------------------------------------------
Normal    	           0.3333              0.8456              0.2933              0.9091
Alzheimer's 	           0.3333              0.8389              0.4933              0.5135
Huntington's 	           0.3333              0.9799              0.2133              0.9375


Test: Epoch 150
Train Accuracy: 0.9128   Test ACC: 0.7600
Train F1: 0.9120         Test F1: 0.7561

Label        Train Distribution     Train Accuracy     Test Distribution     Test Accuracy
------------------------------------------------------------------------------------------
Normal    	           0.3333              0.8859              0.2933              0.9545
Alzheimer's 	           0.3333              0.8591              0.4933              0.5946
Huntington's 	           0.3333              0.9933              0.2133              0.8750


Test: Epoch 200
Train Accuracy: 0.9329   Test ACC: 0.8133
Train F1: 0.9324         Test F1: 0.8139

Label        Train Distribution     Train Accuracy     Test Distribution     Test Accuracy
------------------------------------------------------------------------------------------
Normal    	           0.3333              0.9195              0.2933              0.9091
Alzheimer's 	           0.3333              0.8859              0.4933              0.7297
Huntington's 	           0.3333              0.9933              0.2133              0.8750


Test: Epoch 250
Train Accuracy: 0.9530   Test ACC: 0.8267
Train F1: 0.9530         Test F1: 0.8270

Label        Train Distribution     Train Accuracy     Test Distribution     Test Accuracy
------------------------------------------------------------------------------------------
Normal    	           0.3333              0.9195              0.2933              0.8636
Alzheimer's 	           0.3333              0.9463              0.4933              0.7838
Huntington's 	           0.3333              0.9933              0.2133              0.8750


Test: Epoch 300
Train Accuracy: 0.9620   Test ACC: 0.8133
Train F1: 0.9620         Test F1: 0.8139

Label        Train Distribution     Train Accuracy     Test Distribution     Test Accuracy
------------------------------------------------------------------------------------------
Normal    	           0.3333              0.9530              0.2933              0.8636
Alzheimer's 	           0.3333              0.9396              0.4933              0.7568
Huntington's 	           0.3333              0.9933              0.2133              0.8750


Test: Epoch 350
Train Accuracy: 0.9485   Test ACC: 0.8267
Train F1: 0.9485         Test F1: 0.8270

Label        Train Distribution     Train Accuracy     Test Distribution     Test Accuracy
------------------------------------------------------------------------------------------
Normal    	           0.3333              0.9195              0.2933              0.8636
Alzheimer's 	           0.3333              0.9329              0.4933              0.7838
Huntington's 	           0.3333              0.9933              0.2133              0.8750


Test: Epoch 400
Train Accuracy: 0.9642   Test ACC: 0.8400
Train F1: 0.9642         Test F1: 0.8401

Label        Train Distribution     Train Accuracy     Test Distribution     Test Accuracy
------------------------------------------------------------------------------------------
Normal    	           0.3333              0.9463              0.2933              0.8636
Alzheimer's 	           0.3333              0.9530              0.4933              0.8108
Huntington's 	           0.3333              0.9933              0.2133              0.8750


Test: Epoch 450
Train Accuracy: 0.9597   Test ACC: 0.9200
Train F1: 0.9598         Test F1: 0.9199

Label        Train Distribution     Train Accuracy     Test Distribution     Test Accuracy
------------------------------------------------------------------------------------------
Normal    	           0.3333              0.9396              0.2933              0.8636
Alzheimer's 	           0.3333              0.9463              0.4933              0.9730
Huntington's 	           0.3333              0.9933              0.2133              0.8750


Test: Epoch 500
Train Accuracy: 0.9687   Test ACC: 0.8933
Train F1: 0.9687         Test F1: 0.8938

Label        Train Distribution     Train Accuracy     Test Distribution     Test Accuracy
------------------------------------------------------------------------------------------
Normal    	           0.3333              0.9664              0.2933              0.8636
Alzheimer's 	           0.3333              0.9463              0.4933              0.9189
Huntington's 	           0.3333              0.9933              0.2133              0.8750


Test: Epoch 550
Train Accuracy: 0.9664   Test ACC: 0.8533
Train F1: 0.9664         Test F1: 0.8536

Label        Train Distribution     Train Accuracy     Test Distribution     Test Accuracy
------------------------------------------------------------------------------------------
Normal    	           0.3333              0.9664              0.2933              0.9091
Alzheimer's 	           0.3333              0.9329              0.4933              0.8108
Huntington's 	           0.3333              1.0000              0.2133              0.8750


Test: Epoch 600
Train Accuracy: 0.9642   Test ACC: 0.9200
Train F1: 0.9643         Test F1: 0.9199

Label        Train Distribution     Train Accuracy     Test Distribution     Test Accuracy
------------------------------------------------------------------------------------------
Normal    	           0.3333              0.9463              0.2933              0.8636
Alzheimer's 	           0.3333              0.9530              0.4933              0.9730
Huntington's 	           0.3333              0.9933              0.2133              0.8750


Test: Epoch 650
Train Accuracy: 0.9664   Test ACC: 0.9067
Train F1: 0.9664         Test F1: 0.9071

Label        Train Distribution     Train Accuracy     Test Distribution     Test Accuracy
------------------------------------------------------------------------------------------
Normal    	           0.3333              0.9732              0.2933              0.9091
Alzheimer's 	           0.3333              0.9329              0.4933              0.9189
Huntington's 	           0.3333              0.9933              0.2133              0.8750


Test: Epoch 700
Train Accuracy: 0.9709   Test ACC: 0.9067
Train F1: 0.9709         Test F1: 0.9071

Label        Train Distribution     Train Accuracy     Test Distribution     Test Accuracy
------------------------------------------------------------------------------------------
Normal    	           0.3333              0.9732              0.2933              0.9091
Alzheimer's 	           0.3333              0.9463              0.4933              0.9189
Huntington's 	           0.3333              0.9933              0.2133              0.8750


Test: Epoch 750
Train Accuracy: 0.9754   Test ACC: 0.8933
Train F1: 0.9754         Test F1: 0.8934

Label        Train Distribution     Train Accuracy     Test Distribution     Test Accuracy
------------------------------------------------------------------------------------------
Normal    	           0.3333              0.9799              0.2933              0.9091
Alzheimer's 	           0.3333              0.9463              0.4933              0.8919
Huntington's 	           0.3333              1.0000              0.2133              0.8750


Test: Epoch 800
Train Accuracy: 0.9732   Test ACC: 0.9067
Train F1: 0.9731         Test F1: 0.9066

Label        Train Distribution     Train Accuracy     Test Distribution     Test Accuracy
------------------------------------------------------------------------------------------
Normal    	           0.3333              0.9732              0.2933              0.9091
Alzheimer's 	           0.3333              0.9463              0.4933              0.9189
Huntington's 	           0.3333              1.0000              0.2133              0.8750


Test: Epoch 850
Train Accuracy: 0.9732   Test ACC: 0.9200
Train F1: 0.9732         Test F1: 0.9199

Label        Train Distribution     Train Accuracy     Test Distribution     Test Accuracy
------------------------------------------------------------------------------------------
Normal    	           0.3333              0.9732              0.2933              0.8636
Alzheimer's 	           0.3333              0.9530              0.4933              0.9730
Huntington's 	           0.3333              0.9933              0.2133              0.8750


Test: Epoch 900
Train Accuracy: 0.9732   Test ACC: 0.9333
Train F1: 0.9732         Test F1: 0.9331

Label        Train Distribution     Train Accuracy     Test Distribution     Test Accuracy
------------------------------------------------------------------------------------------
Normal    	           0.3333              0.9732              0.2933              0.8636
Alzheimer's 	           0.3333              0.9530              0.4933              1.0000
Huntington's 	           0.3333              0.9933              0.2133              0.8750

Performing feature extraction using LIME ...

Average lime score =  0.7184751912033565 
 Standard deviation =  0.028504221753133184 

