
 ==================================================
Missing datatype =  ['mirna'] 


 --------------------------------------------------
mean
Mean Spearman Score = -3.1979797787282425e-17
Std Spearman Score = 3.6628248272745005e-16

 --------------------------------------------------
median
Mean Spearman Score = 1.803413580160588e-17
Std Spearman Score = 3.7994338786434823e-16

 --------------------------------------------------
enet
Mean Spearman Score = -3.1979797787282425e-17
Std Spearman Score = 3.6628248272745005e-16

 --------------------------------------------------
knn_iter
Mean Spearman Score = 0.2974508755997625
Std Spearman Score = 0.13165087548273993

 --------------------------------------------------
rf
Mean Spearman Score = 0.19359798034807146
Std Spearman Score = 0.1580653011043232

 --------------------------------------------------
knn1
Mean Spearman Score = 0.17616561409181078
Std Spearman Score = 0.12846631181759702

 --------------------------------------------------
knn50
Mean Spearman Score = 0.30825384690118834
Std Spearman Score = 0.1285933373617752

 ==================================================
Missing datatype =  ['meth'] 


 --------------------------------------------------
mean
Mean Spearman Score = -2.2882736463216474e-17
Std Spearman Score = 1.4533245916211349e-15

 --------------------------------------------------
median
Mean Spearman Score = -1.1407508744939772e-16
Std Spearman Score = 1.4733591931252008e-15

 --------------------------------------------------
enet
Mean Spearman Score = -2.2882736463216474e-17
Std Spearman Score = 1.4533245916211349e-15

 --------------------------------------------------
knn_iter
Mean Spearman Score = 0.3036398820298162
Std Spearman Score = 0.13991635971358743

 --------------------------------------------------
rf
Mean Spearman Score = 0.2810307857815726
Std Spearman Score = 0.1585820012525875

 --------------------------------------------------
knn1
Mean Spearman Score = 0.2095642909954602
Std Spearman Score = 0.1368859732163964

 --------------------------------------------------
knn50
Mean Spearman Score = 0.3667054366228395
Std Spearman Score = 0.13548758611511388

 ==================================================
Missing datatype =  ['mrna'] 


 --------------------------------------------------
mean
Mean Spearman Score = 4.229475056155671e-17
Std Spearman Score = 1.2210403238899595e-15

 --------------------------------------------------
median
Mean Spearman Score = 1.6765344973812803e-17
Std Spearman Score = 1.2167355728907642e-15

 --------------------------------------------------
enet
Mean Spearman Score = 4.229475056155671e-17
Std Spearman Score = 1.2210403238899595e-15

 --------------------------------------------------
knn_iter
Mean Spearman Score = 0.3068190204942587
Std Spearman Score = 0.1613695061973963

 --------------------------------------------------
rf
Mean Spearman Score = 0.3317863538190637
Std Spearman Score = 0.16819652169745175

 --------------------------------------------------
knn1
Mean Spearman Score = 0.20130691563263522
Std Spearman Score = 0.14066525559316945

 --------------------------------------------------
knn50
Mean Spearman Score = 0.36314282317329755
Std Spearman Score = 0.16048779816260267

 ==================================================
Missing datatype =  ['mirna', 'meth'] 


 --------------------------------------------------
mean
Mean Spearman Score = -2.4715897435320425e-17
Std Spearman Score = 1.3088661884970452e-15

 --------------------------------------------------
median
Mean Spearman Score = -8.75210233931076e-17
Std Spearman Score = 1.328840806642652e-15

 --------------------------------------------------
enet
Mean Spearman Score = -2.4715897435320425e-17
Std Spearman Score = 1.3088661884970452e-15

 --------------------------------------------------
knn_iter
Mean Spearman Score = 0.2917586055584606
Std Spearman Score = 0.13822927724038073

 --------------------------------------------------
rf
Mean Spearman Score = 0.2581240000911341
Std Spearman Score = 0.16408694768991897

 --------------------------------------------------
knn1
Mean Spearman Score = 0.2221366792222648
Std Spearman Score = 0.13508323832827163

 --------------------------------------------------
knn50
Mean Spearman Score = 0.3604577597683326
Std Spearman Score = 0.14095615008914772

 ==================================================
Missing datatype =  ['meth', 'mrna'] 


 --------------------------------------------------
mean
Mean Spearman Score = 9.671703108630753e-18
Std Spearman Score = 1.3423810747429265e-15

 --------------------------------------------------
median
Mean Spearman Score = -4.879173361480418e-17
Std Spearman Score = 1.3526513155730039e-15

 --------------------------------------------------
enet
Mean Spearman Score = 9.671703108630753e-18
Std Spearman Score = 1.3423810747429265e-15

 --------------------------------------------------
knn_iter
Mean Spearman Score = 0.07812932418194986
Std Spearman Score = 0.12342270986672749

 --------------------------------------------------
rf
Mean Spearman Score = 0.13284470692784128
Std Spearman Score = 0.14278056344987

 --------------------------------------------------
knn1
Mean Spearman Score = 0.2061733898159301
Std Spearman Score = 0.13454022904130927

 --------------------------------------------------
knn50
Mean Spearman Score = 0.29140491358176757
Std Spearman Score = 0.13199999839994236

 ==================================================
Missing datatype =  ['mrna', 'mirna'] 


 --------------------------------------------------
mean
Mean Spearman Score = 2.730241111351514e-17
Std Spearman Score = 1.1034581016309667e-15

 --------------------------------------------------
median
Mean Spearman Score = 1.7021226638664793e-17
Std Spearman Score = 1.1002932844992593e-15

 --------------------------------------------------
enet
Mean Spearman Score = 2.730241111351514e-17
Std Spearman Score = 1.1034581016309667e-15

 --------------------------------------------------
knn_iter
Mean Spearman Score = 0.2581797826522794
Std Spearman Score = 0.16626900896254337

 --------------------------------------------------
rf
Mean Spearman Score = 0.26526192147402994
Std Spearman Score = 0.17919726520385185

 --------------------------------------------------
knn1
Mean Spearman Score = 0.1862170572732888
Std Spearman Score = 0.14605242811488392

 --------------------------------------------------
knn50
Mean Spearman Score = 0.3212626097747626
Std Spearman Score = 0.1659994467860174
