<IPython.core.display.HTML object>
2021-07-21 17:30:34.167648 

This run includes only 3 GCNs - Cerebellum, Visual Cortex, and Prefrontal Cortex 
Classifying between Alzheimer's Affected and Controls
SEED =  42

Training...

Test: Epoch 0
Train Accuracy: 0.5000   Test ACC: 0.4868
Train F1: 0.3333         Test F1: 0.3188

Label        Train Distribution     Train Accuracy     Test Distribution     Test Accuracy
------------------------------------------------------------------------------------------
control 	           0.5000              0.0000              0.5132              0.0000
affected 	           0.5000              1.0000              0.4868              1.0000


Test: Epoch 25
Train Accuracy: 0.5000   Test ACC: 0.4868
Train F1: 0.3333         Test F1: 0.3188

Label        Train Distribution     Train Accuracy     Test Distribution     Test Accuracy
------------------------------------------------------------------------------------------
control 	           0.5000              0.0000              0.5132              0.0000
affected 	           0.5000              1.0000              0.4868              1.0000


Test: Epoch 50
Train Accuracy: 0.5000   Test ACC: 0.4868
Train F1: 0.3333         Test F1: 0.3188

Label        Train Distribution     Train Accuracy     Test Distribution     Test Accuracy
------------------------------------------------------------------------------------------
control 	           0.5000              0.0000              0.5132              0.0000
affected 	           0.5000              1.0000              0.4868              1.0000


Test: Epoch 75
Train Accuracy: 0.5000   Test ACC: 0.4868
Train F1: 0.3333         Test F1: 0.3188

Label        Train Distribution     Train Accuracy     Test Distribution     Test Accuracy
------------------------------------------------------------------------------------------
control 	           0.5000              0.0000              0.5132              0.0000
affected 	           0.5000              1.0000              0.4868              1.0000


Test: Epoch 100
Train Accuracy: 0.5031   Test ACC: 0.5000
Train F1: 0.3402         Test F1: 0.3473

Label        Train Distribution     Train Accuracy     Test Distribution     Test Accuracy
------------------------------------------------------------------------------------------
control 	           0.5000              0.0063              0.5132              0.0256
affected 	           0.5000              1.0000              0.4868              1.0000


Test: Epoch 125
Train Accuracy: 0.5500   Test ACC: 0.5000
Train F1: 0.4357         Test F1: 0.3473

Label        Train Distribution     Train Accuracy     Test Distribution     Test Accuracy
------------------------------------------------------------------------------------------
control 	           0.5000              0.1000              0.5132              0.0256
affected 	           0.5000              1.0000              0.4868              1.0000


Test: Epoch 150
Train Accuracy: 0.7688   Test ACC: 0.8026
Train F1: 0.7603         Test F1: 0.7958

Label        Train Distribution     Train Accuracy     Test Distribution     Test Accuracy
------------------------------------------------------------------------------------------
control 	           0.5000              0.5813              0.5132              0.6154
affected 	           0.5000              0.9563              0.4868              1.0000


Test: Epoch 175
Train Accuracy: 0.8187   Test ACC: 0.8289
Train F1: 0.8162         Test F1: 0.8246

Label        Train Distribution     Train Accuracy     Test Distribution     Test Accuracy
------------------------------------------------------------------------------------------
control 	           0.5000              0.7000              0.5132              0.6667
affected 	           0.5000              0.9375              0.4868              1.0000


Test: Epoch 200
Train Accuracy: 0.8313   Test ACC: 0.8289
Train F1: 0.8298         Test F1: 0.8246

Label        Train Distribution     Train Accuracy     Test Distribution     Test Accuracy
------------------------------------------------------------------------------------------
control 	           0.5000              0.7375              0.5132              0.6667
affected 	           0.5000              0.9250              0.4868              1.0000


Test: Epoch 225
Train Accuracy: 0.8219   Test ACC: 0.8684
Train F1: 0.8202         Test F1: 0.8666

Label        Train Distribution     Train Accuracy     Test Distribution     Test Accuracy
------------------------------------------------------------------------------------------
control 	           0.5000              0.7250              0.5132              0.7436
affected 	           0.5000              0.9187              0.4868              1.0000


Test: Epoch 250
Train Accuracy: 0.8562   Test ACC: 0.8816
Train F1: 0.8558         Test F1: 0.8809

Label        Train Distribution     Train Accuracy     Test Distribution     Test Accuracy
------------------------------------------------------------------------------------------
control 	           0.5000              0.8000              0.5132              0.7949
affected 	           0.5000              0.9125              0.4868              0.9730


Test: Epoch 275
Train Accuracy: 0.8656   Test ACC: 0.8816
Train F1: 0.8653         Test F1: 0.8809

Label        Train Distribution     Train Accuracy     Test Distribution     Test Accuracy
------------------------------------------------------------------------------------------
control 	           0.5000              0.8187              0.5132              0.7949
affected 	           0.5000              0.9125              0.4868              0.9730


Test: Epoch 300
Train Accuracy: 0.8719   Test ACC: 0.8816
Train F1: 0.8716         Test F1: 0.8809

Label        Train Distribution     Train Accuracy     Test Distribution     Test Accuracy
------------------------------------------------------------------------------------------
control 	           0.5000              0.8250              0.5132              0.7949
affected 	           0.5000              0.9187              0.4868              0.9730


Test: Epoch 325
Train Accuracy: 0.8625   Test ACC: 0.8816
Train F1: 0.8622         Test F1: 0.8809

Label        Train Distribution     Train Accuracy     Test Distribution     Test Accuracy
------------------------------------------------------------------------------------------
control 	           0.5000              0.8125              0.5132              0.7949
affected 	           0.5000              0.9125              0.4868              0.9730


Test: Epoch 350
Train Accuracy: 0.8531   Test ACC: 0.8553
Train F1: 0.8522         Test F1: 0.8527

Label        Train Distribution     Train Accuracy     Test Distribution     Test Accuracy
------------------------------------------------------------------------------------------
control 	           0.5000              0.7750              0.5132              0.7179
affected 	           0.5000              0.9313              0.4868              1.0000


Test: Epoch 375
Train Accuracy: 0.8906   Test ACC: 0.8947
Train F1: 0.8906         Test F1: 0.8946

Label        Train Distribution     Train Accuracy     Test Distribution     Test Accuracy
------------------------------------------------------------------------------------------
control 	           0.5000              0.8875              0.5132              0.8462
affected 	           0.5000              0.8938              0.4868              0.9459


Test: Epoch 400
Train Accuracy: 0.8875   Test ACC: 0.8816
Train F1: 0.8875         Test F1: 0.8815

Label        Train Distribution     Train Accuracy     Test Distribution     Test Accuracy
------------------------------------------------------------------------------------------
control 	           0.5000              0.8750              0.5132              0.8462
affected 	           0.5000              0.9000              0.4868              0.9189


Test: Epoch 425
Train Accuracy: 0.9000   Test ACC: 0.8816
Train F1: 0.9000         Test F1: 0.8815

Label        Train Distribution     Train Accuracy     Test Distribution