<IPython.core.display.HTML object>
2021-07-26 16:42:58.488260 

This run includes 9 GCNs - Primary features and all the Interaction features 
Classifying between Huntington's Affected and Controls
SEED =  42

Training...

Test: Epoch 0
Train Accuracy: 0.5083   Test ACC: 0.2237
Train F1: 0.3516         Test F1: 0.0818

Label        Train Distribution     Train Accuracy     Test Distribution     Test Accuracy
------------------------------------------------------------------------------------------
control 	           0.5000              0.0167              0.7763              0.0000
affected 	           0.5000              1.0000              0.2237              1.0000


Test: Epoch 25
Train Accuracy: 0.7604   Test ACC: 0.5921
Train F1: 0.7604         Test F1: 0.6195

Label        Train Distribution     Train Accuracy     Test Distribution     Test Accuracy
------------------------------------------------------------------------------------------
control 	           0.5000              0.7625              0.7763              0.4915
affected 	           0.5000              0.7583              0.2237              0.9412


Test: Epoch 50
Train Accuracy: 0.9542   Test ACC: 0.7895
Train F1: 0.9541         Test F1: 0.8060

Label        Train Distribution     Train Accuracy     Test Distribution     Test Accuracy
------------------------------------------------------------------------------------------
control 	           0.5000              0.9750              0.7763              0.7458
affected 	           0.5000              0.9333              0.2237              0.9412


Test: Epoch 75
Train Accuracy: 0.9833   Test ACC: 0.8553
Train F1: 0.9833         Test F1: 0.8655

Label        Train Distribution     Train Accuracy     Test Distribution     Test Accuracy
------------------------------------------------------------------------------------------
control 	           0.5000              0.9875              0.7763              0.8136
affected 	           0.5000              0.9792              0.2237              1.0000


Test: Epoch 100
Train Accuracy: 0.9854   Test ACC: 0.9211
Train F1: 0.9854         Test F1: 0.9249

Label        Train Distribution     Train Accuracy     Test Distribution     Test Accuracy
------------------------------------------------------------------------------------------
control 	           0.5000              0.9917              0.7763              0.8983
affected 	           0.5000              0.9792              0.2237              1.0000


Test: Epoch 125
Train Accuracy: 0.9896   Test ACC: 0.9605
Train F1: 0.9896         Test F1: 0.9616

Label        Train Distribution     Train Accuracy     Test Distribution     Test Accuracy
------------------------------------------------------------------------------------------
control 	           0.5000              1.0000              0.7763              0.9492
affected 	           0.5000              0.9792              0.2237              1.0000


Test: Epoch 150
Train Accuracy: 0.9875   Test ACC: 0.9605
Train F1: 0.9875         Test F1: 0.9616

Label        Train Distribution     Train Accuracy     Test Distribution     Test Accuracy
------------------------------------------------------------------------------------------
control 	           0.5000              0.9958              0.7763              0.9492
affected 	           0.5000              0.9792              0.2237              1.0000


Test: Epoch 175
Train Accuracy: 0.9896   Test ACC: 0.9605
Train F1: 0.9896         Test F1: 0.9616

Label        Train Distribution     Train Accuracy     Test Distribution     Test Accuracy
------------------------------------------------------------------------------------------
control 	           0.5000              1.0000              0.7763              0.9492
affected 	           0.5000              0.9792              0.2237              1.0000


Test: Epoch 200
Train Accuracy: 0.9917   Test ACC: 0.9605
Train F1: 0.9917         Test F1: 0.9616

Label        Train Distribution     Train Accuracy     Test Distribution     Test Accuracy
------------------------------------------------------------------------------------------
control 	           0.5000              1.0000              0.7763              0.9492
affected 	           0.5000              0.9833              0.2237              1.0000


Test: Epoch 225
Train Accuracy: 0.9917   Test ACC: 0.9605
Train F1: 0.9917         Test F1: 0.9616

Label        Train Distribution     Train Accuracy     Test Distribution     Test Accuracy
------------------------------------------------------------------------------------------
control 	           0.5000              0.9917              0.7763              0.9492
affected 	           0.5000              0.9917              0.2237              1.0000


Test: Epoch 250
Train Accuracy: 0.9917   Test ACC: 0.9605
Train F1: 0.9917         Test F1: 0.9616

Label        Train Distribution     Train Accuracy     Test Distribution     Test Accuracy
------------------------------------------------------------------------------------------
control 	           0.5000              0.9958              0.7763              0.9492
affected 	           0.5000              0.9875              0.2237              1.0000


Test: Epoch 275
Train Accuracy: 0.9938   Test ACC: 0.9737
Train F1: 0.9937         Test F1: 0.9742

Label        Train Distribution     Train Accuracy     Test Distribution     Test Accuracy
------------------------------------------------------------------------------------------
control 	           0.5000              1.0000              0.7763              0.9661
affected 	           0.5000              0.9875              0.2237              1.0000


Test: Epoch 300
Train Accuracy: 0.9938   Test ACC: 0.9737
Train F1: 0.9937         Test F1: 0.9742

Label        Train Distribution     Train Accuracy     Test Distribution     Test Accuracy
------------------------------------------------------------------------------------------
control 	           0.5000              0.9958              0.7763              0.9661
affected 	           0.5000              0.9917              0.2237              1.0000


Test: Epoch 325
Train Accuracy: 0.9958   Test ACC: 0.9737
Train F1: 0.9958         Test F1: 0.9742

Label        Train Distribution     Train Accuracy     Test Distribution     Test Accuracy
------------------------------------------------------------------------------------------
control 	           0.5000              1.0000              0.7763              0.9661
affected 	           0.5000              0.9917              0.2237              1.0000


Test: Epoch 350
Train Accuracy: 0.9958   Test ACC: 0.9737
Train F1: 0.9958         Test F1: 0.9742

Label        Train Distribution     Train Accuracy     Test Distribution     Test Accuracy
------------------------------------------------------------------------------------------
control 	           0.5000              1.0000              0.7763              0.9661
affected 	           0.5000              0.9917              0.2237              1.0000


Test: Epoch 375
Train Accuracy: 0.9958   Test ACC: 0.9474
Train F1: 0.9958         Test F1: 0.9492

Label        Train Distribution     Train Accuracy     Test Distribution     Test Accuracy
------------------------------------------------------------------------------------------
control 	           0.5000              0.9958              0.7763              0.9322
affected 	           0.5000              0.9958              0.2237              1.0000


Test: Epoch 400
Train Accuracy: 0.9958   Test ACC: 0.9737
Train F1: 0.9958         Test F1: 0.9742

Label        Train Distribution     Train Accuracy     Test Distribution     Test Accuracy
------------------------------------------------------------------------------------------
control 	           0.5000              1.0000              0.7763              0.9661
affected 	           0.5000              0.9917              0.2237              1.0000


Test: Epoch 425
Train Accuracy: 0.9958   Test ACC: 0.9737
Train F1: 0.9958         Test F1: 0.9742

Label        Train Distribution     Train Accuracy     Test Distribution 