2020-12-09 21:00:41.930285 

Complete data - DNA Methylation
This run includes only one GCN - DNA Methylation 


Training...
Epoch 0, Train loss: C1:1.61e-01, C:7.75e-01

Test: Epoch 0
Train Accuracy: 0.1712   Test ACC: 0.1739
Train F1: 0.0501         Test F1: 0.0515

Epoch 1, Train loss: C1:1.71e+05, C:6.01e-01
Epoch 2, Train loss: C1:2.94e+07, C:6.10e-01
Epoch 3, Train loss: C1:1.41e+06, C:7.93e-01
Epoch 4, Train loss: C1:1.55e+06, C:8.77e-01
Epoch 5, Train loss: C1:1.28e+06, C:7.60e-01
Epoch 6, Train loss: C1:5.35e+05, C:7.32e-01
Epoch 7, Train loss: C1:1.01e+05, C:6.71e-01
Epoch 8, Train loss: C1:1.21e+05, C:5.87e-01
Epoch 9, Train loss: C1:5.10e+05, C:5.49e-01
Epoch 10, Train loss: C1:5.38e+05, C:5.44e-01
Epoch 11, Train loss: C1:4.39e+05, C:5.89e-01
Epoch 12, Train loss: C1:6.93e+04, C:7.58e-01
Epoch 13, Train loss: C1:1.11e+05, C:7.20e-01
Epoch 14, Train loss: C1:3.63e+05, C:8.53e-01
Epoch 15, Train loss: C1:3.45e+05, C:7.02e-01
Epoch 16, Train loss: C1:1.67e+05, C:5.75e-01
Epoch 17, Train loss: C1:3.41e+04, C:6.45e-01
Epoch 18, Train loss: C1:1.07e+05, C:5.45e-01
Epoch 19, Train loss: C1:1.60e+05, C:5.70e-01
Epoch 20, Train loss: C1:1.05e+05, C:5.51e-01
Epoch 21, Train loss: C1:4.97e+04, C:5.71e-01
Epoch 22, Train loss: C1:1.61e+04, C:7.06e-01
Epoch 23, Train loss: C1:2.33e+04, C:6.77e-01
Epoch 24, Train loss: C1:5.78e+04, C:7.16e-01
Epoch 25, Train loss: C1:5.48e+04, C:7.86e-01
Epoch 26, Train loss: C1:4.11e+04, C:7.21e-01
Epoch 27, Train loss: C1:6.75e+03, C:4.87e-01
Epoch 28, Train loss: C1:1.48e+04, C:5.31e-01
Epoch 29, Train loss: C1:1.98e+04, C:6.06e-01
Epoch 30, Train loss: C1:3.85e+04, C:5.82e-01
Epoch 31, Train loss: C1:2.36e+04, C:5.18e-01
Epoch 32, Train loss: C1:1.48e+04, C:6.69e-01
Epoch 33, Train loss: C1:1.61e+03, C:7.76e-01
Epoch 34, Train loss: C1:1.44e+04, C:7.16e-01
Epoch 35, Train loss: C1:1.78e+04, C:6.56e-01
Epoch 36, Train loss: C1:2.07e+04, C:6.74e-01
Epoch 37, Train loss: C1:7.24e+03, C:7.12e-01
Epoch 38, Train loss: C1:4.75e+03, C:5.23e-01
Epoch 39, Train loss: C1:5.66e+03, C:5.47e-01
Epoch 40, Train loss: C1:1.41e+04, C:5.02e-01
Epoch 41, Train loss: C1:1.03e+04, C:5.33e-01
Epoch 42, Train loss: C1:7.70e+03, C:5.79e-01
Epoch 43, Train loss: C1:9.52e+02, C:6.34e-01
Epoch 44, Train loss: C1:5.51e+03, C:6.69e-01
Epoch 45, Train loss: C1:7.44e+03, C:7.15e-01
Epoch 46, Train loss: C1:9.54e+03, C:6.90e-01
Epoch 47, Train loss: C1:5.06e+03, C:5.41e-01
Epoch 48, Train loss: C1:5.88e+03, C:5.86e-01
Epoch 49, Train loss: C1:7.13e+03, C:5.08e-01
Epoch 50, Train loss: C1:9.33e+03, C:5.26e-01

Test: Epoch 50
Train Accuracy: 0.1872   Test ACC: 0.1739
Train F1: 0.1059         Test F1: 0.0515

Epoch 51, Train loss: C1:7.20e+03, C:4.84e-01
Epoch 52, Train loss: C1:2.89e+03, C:6.71e-01
Epoch 53, Train loss: C1:1.96e+03, C:7.11e-01
Epoch 54, Train loss: C1:3.81e+03, C:5.91e-01
Epoch 55, Train loss: C1:8.67e+03, C:6.84e-01
Epoch 56, Train loss: C1:9.02e+03, C:6.44e-01
Epoch 57, Train loss: C1:8.69e+03, C:5.34e-01
Epoch 58, Train loss: C1:4.33e+03, C:4.63e-01
Epoch 59, Train loss: C1:2.76e+03, C:4.98e-01
Epoch 60, Train loss: C1:3.25e+03, C:5.62e-01
Epoch 61, Train loss: C1:5.45e+03, C:4.60e-01
Epoch 62, Train loss: C1:5.25e+03, C:6.62e-01
Epoch 63, Train loss: C1:3.46e+03, C:6.57e-01
Epoch 64, Train loss: C1:2.39e+03, C:6.32e-01
Epoch 65, Train loss: C1:1.76e+03, C:6.53e-01
Epoch 66, Train loss: C1:3.94e+03, C:5.58e-01
Epoch 67, Train loss: C1:4.35e+03, C:5.52e-01
Epoch 68, Train loss: C1:4.18e+03, C:4.71e-01
Epoch 69, Train loss: C1:2.32e+03, C:4.94e-01
Epoch 70, Train loss: C1:1.42e+03, C:5.37e-01
Epoch 71, Train loss: C1:1.42e+03, C:6.10e-01
Epoch 72, Train loss: C1:2.11e+03, C:6.41e-01
Epoch 73, Train loss: C1:2.93e+03, C:6.11e-01
Epoch 74, Train loss: C1:2.13e+03, C:6.73e-01
Epoch 75, Train loss: C1:1.46e+03, C:5.85e-01
Epoch 76, Train loss: C1:7.10e+02, C:4.77e-01
Epoch 77, Train loss: C1:1.03e+03, C:5.22e-01
Epoch 78, Train loss: C1:1.26e+03, C:4.98e-01
Epoch 79, Train loss: C1:1.14e+03, C:4.92e-01
Epoch 80, Train loss: C1:8.50e+02, C:5.91e-01
Epoch 81, Train loss: C1:5.60e+02, C:6.35e-01
Epoch 82, Train loss: C1:7.50e+02, C:6.05e-01
Epoch 83, Train loss: C1:7.93e+02, C:6.00e-01
Epoch 84, Train loss: C1:8.66e+02, C:5.74e-01
Epoch 85, Train loss: C1:7.59e+02, C:5.10e-01
Epoch 86, Train loss: C1:7.45e+02, C:4.61e-01
Epoch 87, Train loss: C1:1.12e+03, C:5.01e-01
Epoch 88, Train loss: C1:1.22e+03, C:4.94e-01
Epoch 89, Train loss: C1:1.31e+03, C:5.67e-01
Epoch 90, Train loss: C1:1.23e+03, C:5.70e-01
Epoch 91, Train loss: C1:1.01e+03, C:6.23e-01
Epoch 92, Train loss: C1:8.20e+02, C:5.81e-01
Epoch 93, Train loss: C1:5.76e+02, C:5.44e-01
Epoch 94, Train loss: C1:7.01e+02, C:4.99e-01
Epoch 95, Train loss: C1:6.44e+02, C:4.84e-01
Epoch 96, Train loss: C1:7.91e+02, C:4.91e-01
Epoch 97, Train loss: C1:9.15e+02, C:5.07e-01
Epoch 98, Train loss: C1:8.18e+02, C:5.48e-01
Epoch 99, Train loss: C1:7.99e+02, C:5.70e-01
Epoch 100, Train loss: C1:7.71e+02, C:5.69e-01

Test: Epoch 100
Train Accuracy: 0.1553   Test ACC: 0.1739
Train F1: 0.0893         Test F1: 0.0515

Epoch 101, Train loss: C1:6.79e+02, C:5.56e-01
Epoch 102, Train loss: C1:6.21e+02, C:5.06e-01
Epoch 103, Train loss: C1:5.69e+02, C:4.86e-01
Epoch 104, Train loss: C1:6.89e+02, C:5.00e-01
Epoch 105, Train loss: C1:8.17e+02, C:4.79e-01
Epoch 106, Train loss: C1:8.33e+02, C:5.18e-01
Epoch 107, Train loss: C1:8.43e+02, C:5.43e-01
Epoch 108, Train loss: C1:1.10e+03, C:5.55e-01
Epoch 109, Train loss: C1:1.48e+03, C:5.26e-01
Epoch 110, Train loss: C1:2.41e+03, C:5.35e-01
Epoch 111, Train loss: C1:3.91e+03, C:4.93e-01
Epoch 112, Train loss: C1:7.07e+03, C:4.96e-01
Epoch 113, Train loss: C1:1.32e+04, C:4.79e-01
Epoch 114, Train loss: C1:2.56e+04, C:4.93e-01
Epoch 115, Train loss: C1:4.17e+04, C:5.19e-01
Epoch 116, Train loss: C1:5.14e+04, C:5.08e-01
Epoch 117, Train loss: C1:3.04e+04, C:4.80e-01
Epoch 118, Train loss: C1:3.84e+03, C:4.95e-01
Epoch 119, Train loss: C1:6.10e+03, C:4.99e-01
Epoch 120, Train loss: C1:2.13e+04, C:4.80e-01
Epoch 121, Train loss: C1:1.41e+04, C:4.69e-01
Epoch 122, Train loss: C1:7.01e+02, C:5.03e-01
Epoch 123, Train loss: C1:1.13e+04, C:4.89e-01
Epoch 124, Train loss: C1:1.11e+04, C:4.85e-01
Epoch 125, Train loss: C1:7.48e+02, C:5.24e-01
Epoch 126, Train loss: C1:9.38e+03, C:4.94e-01
Epoch 127, Train loss: C1:6.51e+03, C:4.68e-01
Epoch 128, Train loss: C1:1.22e+03, C:5.01e-01
Epoch 129, Train loss: C1:7.16e+03, C:4.84e-01
Epoch 130, Train loss: C1:2.13e+03, C:4.68e-01
Epoch 131, Train loss: C1:2.77e+03, C:4.98e-01
Epoch 132, Train loss: C1:4.31e+03, C:5.31e-01
Epoch 133, Train loss: C1:8.08e+02, C:4.74e-01
Epoch 134, Train loss: C1:3.56e+03, C:5.04e-01
Epoch 135, Train loss: C1:1.42e+03, C:5.11e-01
Epoch 136, Train loss: C1:1.89e+03, C:4.90e-01
Epoch 137, Train loss: C1:2.39e+03, C:4.59e-01
Epoch 138, Train loss: C1:7.00e+02, C:5.09e-01
Epoch 139, Train loss: C1:2.41e+03, C:5.02e-01
Epoch 140, Train loss: C1:8.51e+02, C:4.61e-01
Epoch 141, Train loss: C1:1.47e+03, C:4.84e-01
Epoch 142, Train loss: C1:1.38e+03, C:4.94e-01
Epoch 143, Train loss: C1:6.08e+02, C:4.77e-01
Epoch 144, Train loss: C1:1.25e+03, C:4.75e-01
Epoch 145, Train loss: C1:4.12e+02, C:5.05e-01
Epoch 146, Train loss: C1:1.29e+03, C:4.89e-01
Epoch 147, Train loss: C1:7.39e+02, C:4.76e-01
Epoch 148, Train loss: C1:7.29e+02, C:4.76e-01
Epoch 149, Train loss: C1:9.12e+02, C:4.75e-01
Epoch 150, Train loss: C1:5.11e+02, C:4.55e-01

Test: Epoch 150
Train Accuracy: 0.3699   Test ACC: 0.4837
Train F1: 0.3280         Test F1: 0.3154

Epoch 151, Train loss: C1:1.22e+03, C:4.57e-01
Epoch 152, Train loss: C1:3.63e+02, C:4.80e-01
Epoch 153, Train loss: C1:8.24e+02, C:4.76e-01
Epoch 154, Train loss: C1:4.73e+02, C:4.78e-01
Epoch 155, Train loss: C1:6.06e+02, C:4.88e-01
Epoch 156, Train loss: C1:6.28e+02, C:4.92e-01
Epoch 157, Train loss: C1:5.02e+02, C:4.74e-01
Epoch 158, Train loss: C1:7.99e+02, C:4.69e-01
Epoch 159, Train loss: C1:3.53e+02, C:4.66e-01
Epoch 160, Train loss: C1:5.30e+02, C:4.70e-01
Epoch 161, Train loss: C1:4.34e+02, C:4.59e-01
Epoch 162, Train loss: C1:4.66e+02, C:4.48e-01
Epoch 163, Train loss: C1:4.77e+02, C:4.61e-01
Epoch 164, Train loss: C1:4.06e+02, C:4.86e-01
Epoch 165, Train loss: C1:4.33e+02, C:4.54e-01
Epoch 166, Train loss: C1:3.59e+02, C:4.71e-01
Epoch 167, Train loss: C1:4.21e+02, C:4.85e-01
Epoch 168, Train loss: C1:3.55e+02, C:4.68e-01
Epoch 169, Train loss: C1:4.30e+02, C:4.41e-01
Epoch 170, Train loss: C1:3.41e+02, C:4.55e-01
Epoch 171, Train loss: C1:4.13e+02, C:4.63e-01
Epoch 172, Train loss: C1:4.47e+02, C:4.43e-01
Epoch 173, Train loss: C1:3.50e+02, C:4.45e-01
Epoch 174, Train loss: C1:3.33e+02, C:4.61e-01
Epoch 175, Train loss: C1:2.91e+02, C:4.60e-01
Epoch 176, Train loss: C1:3.51e+02, C:4.46e-01
Epoch 177, Train loss: C1:3.39e+02, C:4.63e-01
Epoch 178, Train loss: C1:3.51e+02, C:4.72e-01
Epoch 179, Train loss: C1:4.21e+02, C:4.45e-01
Epoch 180, Train loss: C1:3.40e+02, C:4.47e-01
Epoch 181, Train loss: C1:4.15e+02, C:4.60e-01
Epoch 182, Train loss: C1:3.50e+02, C:4.39e-01
Epoch 183, Train loss: C1:3.74e+02, C:4.23e-01
Epoch 184, Train loss: C1:3.16e+02, C:4.51e-01
Epoch 185, Train loss: C1:4.13e+02, C:4.44e-01
Epoch 186, Train loss: C1:3.97e+02, C:4.31e-01
Epoch 187, Train loss: C1:3.10e+02, C:4.41e-01
Epoch 188, Train loss: C1:3.66e+02, C:4.46e-01
Epoch 189, Train loss: C1:3.19e+02, C:4.24e-01
Epoch 190, Train loss: C1:3.89e+02, C:4.40e-01
Epoch 191, Train loss: C1:3.41e+02, C:4.44e-01
Epoch 192, Train loss: C1:3.71e+02, C:4.34e-01
Epoch 193, Train loss: C1:3.41e+02, C:4.38e-01
Epoch 194, Train loss: C1:3.35e+02, C:4.46e-01
Epoch 195, Train loss: C1:2.92e+02, C:4.52e-01
Epoch 196, Train loss: C1:2.78e+02, C:4.14e-01
Epoch 197, Train loss: C1:3.28e+02, C:4.23e-01
Epoch 198, Train loss: C1:3.14e+02, C:4.53e-01
Epoch 199, Train loss: C1:3.38e+02, C:4.28e-01
Epoch 200, Train loss: C1:3.00e+02, C:4.13e-01

Test: Epoch 200
Train Accuracy: 0.3813   Test ACC: 0.4837
Train F1: 0.3251         Test F1: 0.3154

Epoch 201, Train loss: C1:3.42e+02, C:4.40e-01
Epoch 202, Train loss: C1:3.09e+02, C:4.47e-01
Epoch 203, Train loss: C1:3.05e+02, C:4.06e-01
Epoch 204, Train loss: C1:2.98e+02, C:4.14e-01
Epoch 205, Train loss: C1:2.97e+02, C:4.58e-01
Epoch 206, Train loss: C1:3.54e+02, C:4.33e-01
Epoch 207, Train loss: C1:2.81e+02, C:4.09e-01
Epoch 208, Train loss: C1:2.86e+02, C:4.25e-01
Epoch 209, Train loss: C1:3.22e+02, C:4.36e-01
Epoch 210, Train loss: C1:3.28e+02, C:3.98e-01
Epoch 211, Train loss: C1:2.65e+02, C:4.11e-01
Epoch 212, Train loss: C1:2.59e+02, C:4.33e-01
Epoch 213, Train loss: C1:3.66e+02, C:4.07e-01
Epoch 214, Train loss: C1:3.04e+02, C:4.06e-01
Epoch 215, Train loss: C1:3.02e+02, C:4.31e-01
Epoch 216, Train loss: C1:3.91e+02, C:4.20e-01
Epoch 217, Train loss: C1:3.32e+02, C:4.00e-01
Epoch 218, Train loss: C1:2.67e+02, C:4.18e-01
Epoch 219, Train loss: C1:3.16e+02, C:4.13e-01
Epoch 220, Train loss: C1:3.04e+02, C:3.96e-01
Epoch 221, Train loss: C1:2.97e+02, C:4.02e-01
Epoch 222, Train loss: C1:3.00e+02, C:4.20e-01
Epoch 223, Train loss: C1:2.97e+02, C:4.08e-01
Epoch 224, Train loss: C1:3.37e+02, C:3.95e-01
Epoch 225, Train loss: C1:2.64e+02, C:4.13e-01
Epoch 226, Train loss: C1:2.88e+02, C:4.12e-01
Epoch 227, Train loss: C1:2.65e+02, C:3.98e-01
Epoch 228, Train loss: C1:3.12e+02, C:3.95e-01
Epoch 229, Train loss: C1:2.83e+02, C:4.05e-01
Epoch 230, Train loss: C1:2.59e+02, C:3.95e-01
Epoch 231, Train loss: C1:2.83e+02, C:3.92e-01
Epoch 232, Train loss: C1:3.17e+02, C:3.89e-01
Epoch 233, Train loss: C1:2.75e+02, C:3.99e-01
Epoch 234, Train loss: C1:2.56e+02, C:3.90e-01
Epoch 235, Train loss: C1:2.64e+02, C:3.89e-01
Epoch 236, Train loss: C1:2.86e+02, C:4.05e-01
Epoch 237, Train loss: C1:2.98e+02, C:4.02e-01
Epoch 238, Train loss: C1:2.75e+02, C:3.72e-01
Epoch 239, Train loss: C1:2.57e+02, C:3.96e-01
Epoch 240, Train loss: C1:2.83e+02, C:3.93e-01
Epoch 241, Train loss: C1:2.92e+02, C:3.80e-01
Epoch 242, Train loss: C1:2.64e+02, C:3.88e-01
Epoch 243, Train loss: C1:2.42e+02, C:4.02e-01
Epoch 244, Train loss: C1:3.03e+02, C:3.80e-01
Epoch 245, Train loss: C1:2.88e+02, C:3.69e-01
Epoch 246, Train loss: C1:2.41e+02, C:4.03e-01
Epoch 247, Train loss: C1:2.79e+02, C:3.72e-01
Epoch 248, Train loss: C1:2.31e+02, C:3.65e-01
Epoch 249, Train loss: C1:2.71e+02, C:3.96e-01
Epoch 250, Train loss: C1:2.15e+02, C:3.79e-01

Test: Epoch 250
Train Accuracy: 0.4589   Test ACC: 0.4837
Train F1: 0.3091         Test F1: 0.3154

Epoch 251, Train loss: C1:2.80e+02, C:3.70e-01
Epoch 252, Train loss: C1:2.83e+02, C:3.74e-01
Epoch 253, Train loss: C1:3.34e+02, C:3.80e-01
Epoch 254, Train loss: C1:3.13e+02, C:3.73e-01
Epoch 255, Train loss: C1:2.75e+02, C:3.61e-01
Epoch 256, Train loss: C1:3.04e+02, C:3.73e-01
Epoch 257, Train loss: C1:2.82e+02, C:3.69e-01
Epoch 258, Train loss: C1:2.42e+02, C:3.62e-01
Epoch 259, Train loss: C1:2.39e+02, C:3.68e-01
Epoch 260, Train loss: C1:2.25e+02, C:3.68e-01
Epoch 261, Train loss: C1:2.50e+02, C:3.57e-01
Epoch 262, Train loss: C1:2.90e+02, C:3.60e-01
Epoch 263, Train loss: C1:2.32e+02, C:3.71e-01
Epoch 264, Train loss: C1:2.56e+02, C:3.75e-01
Epoch 265, Train loss: C1:2.30e+02, C:3.52e-01
Epoch 266, Train loss: C1:2.44e+02, C:3.63e-01
Epoch 267, Train loss: C1:2.24e+02, C:3.57e-01
Epoch 268, Train loss: C1:2.56e+02, C:3.58e-01
Epoch 269, Train loss: C1:2.48e+02, C:3.59e-01
Epoch 270, Train loss: C1:2.51e+02, C:3.51e-01
Epoch 271, Train loss: C1:2.65e+02, C:3.55e-01
Epoch 272, Train loss: C1:2.22e+02, C:3.65e-01
Epoch 273, Train loss: C1:2.35e+02, C:3.59e-01
Epoch 274, Train loss: C1:2.26e+02, C:3.54e-01
Epoch 275, Train loss: C1:2.62e+02, C:3.72e-01
Epoch 276, Train loss: C1:2.31e+02, C:3.46e-01
Epoch 277, Train loss: C1:2.15e+02, C:3.52e-01
Epoch 278, Train loss: C1:2.32e+02, C:3.53e-01
Epoch 279, Train loss: C1:2.12e+02, C:3.50e-01
Epoch 280, Train loss: C1:2.81e+02, C:3.35e-01
Epoch 281, Train loss: C1:3.27e+02, C:3.55e-01
Epoch 282, Train loss: C1:2.11e+02, C:3.62e-01
Epoch 283, Train loss: C1:2.49e+02, C:3.41e-01
Epoch 284, Train loss: C1:2.33e+02, C:3.53e-01
Epoch 285, Train loss: C1:2.27e+02, C:3.60e-01
Epoch 286, Train loss: C1:2.65e+02, C:3.34e-01
Epoch 287, Train loss: C1:2.85e+02, C:3.35e-01
Epoch 288, Train loss: C1:2.69e+02, C:3.62e-01
Epoch 289, Train loss: C1:3.12e+02, C:3.31e-01
Epoch 290, Train loss: C1:2.59e+02, C:3.37e-01
Epoch 291, Train loss: C1:2.32e+02, C:3.53e-01
Epoch 292, Train loss: C1:2.11e+02, C:3.26e-01
Epoch 293, Train loss: C1:2.47e+02, C:3.33e-01
Epoch 294, Train loss: C1:2.05e+02, C:3.58e-01
Epoch 295, Train loss: C1:2.92e+02, C:3.29e-01
Epoch 296, Train loss: C1:2.35e+02, C:3.32e-01
Epoch 297, Train loss: C1:2.14e+02, C:3.46e-01
Epoch 298, Train loss: C1:2.12e+02, C:3.33e-01
Epoch 299, Train loss: C1:1.94e+02, C:3.33e-01
Epoch 300, Train loss: C1:2.35e+02, C:3.49e-01

Test: Epoch 300
Train Accuracy: 0.4680   Test ACC: 0.4837
Train F1: 0.3101         Test F1: 0.3154

Epoch 301, Train loss: C1:2.26e+02, C:3.24e-01
Epoch 302, Train loss: C1:2.05e+02, C:3.32e-01
Epoch 303, Train loss: C1:2.44e+02, C:3.42e-01
Epoch 304, Train loss: C1:2.61e+02, C:3.27e-01
Epoch 305, Train loss: C1:2.30e+02, C:3.36e-01
Epoch 306, Train loss: C1:2.48e+02, C:3.36e-01
Epoch 307, Train loss: C1:2.20e+02, C:3.21e-01
Epoch 308, Train loss: C1:2.32e+02, C:3.42e-01
Epoch 309, Train loss: C1:2.44e+02, C:3.27e-01
Epoch 310, Train loss: C1:2.08e+02, C:3.35e-01
Epoch 311, Train loss: C1:2.15e+02, C:3.29e-01
Epoch 312, Train loss: C1:2.00e+02, C:3.24e-01
Epoch 313, Train loss: C1:1.91e+02, C:3.29e-01
Epoch 314, Train loss: C1:1.93e+02, C:3.28e-01
Epoch 315, Train loss: C1:2.04e+02, C:3.20e-01
Epoch 316, Train loss: C1:2.34e+02, C:3.27e-01
Epoch 317, Train loss: C1:1.78e+02, C:3.19e-01
Epoch 318, Train loss: C1:2.04e+02, C:3.32e-01
Epoch 319, Train loss: C1:2.20e+02, C:3.15e-01
Epoch 320, Train loss: C1:1.99e+02, C:3.18e-01
Epoch 321, Train loss: C1:2.22e+02, C:3.46e-01
Epoch 322, Train loss: C1:2.76e+02, C:3.10e-01
Epoch 323, Train loss: C1:2.21e+02, C:3.13e-01
Epoch 324, Train loss: C1:1.96e+02, C:3.34e-01
Epoch 325, Train loss: C1:1.94e+02, C:3.01e-01
Epoch 326, Train loss: C1:2.49e+02, C:3.27e-01
Epoch 327, Train loss: C1:2.16e+02, C:3.38e-01
Epoch 328, Train loss: C1:1.88e+02, C:2.98e-01
Epoch 329, Train loss: C1:2.56e+02, C:3.31e-01
Epoch 330, Train loss: C1:2.24e+02, C:3.24e-01
Epoch 331, Train loss: C1:2.19e+02, C:2.93e-01
Epoch 332, Train loss: C1:2.88e+02, C:3.40e-01
Epoch 333, Train loss: C1:2.59e+02, C:3.07e-01
Epoch 334, Train loss: C1:2.01e+02, C:2.95e-01
Epoch 335, Train loss: C1:2.53e+02, C:3.40e-01
Epoch 336, Train loss: C1:2.52e+02, C:3.03e-01
Epoch 337, Train loss: C1:2.05e+02, C:2.97e-01
Epoch 338, Train loss: C1:2.30e+02, C:3.36e-01
Epoch 339, Train loss: C1:3.02e+02, C:2.94e-01
Epoch 340, Train loss: C1:2.49e+02, C:3.01e-01
Epoch 341, Train loss: C1:1.69e+02, C:3.36e-01
Epoch 342, Train loss: C1:2.37e+02, C:2.92e-01
Epoch 343, Train loss: C1:2.23e+02, C:3.07e-01
Epoch 344, Train loss: C1:2.06e+02, C:3.32e-01
Epoch 345, Train loss: C1:1.93e+02, C:2.97e-01
Epoch 346, Train loss: C1:2.47e+02, C:3.26e-01
Epoch 347, Train loss: C1:1.75e+02, C:3.14e-01
Epoch 348, Train loss: C1:1.94e+02, C:2.92e-01
Epoch 349, Train loss: C1:1.94e+02, C:3.28e-01
Epoch 350, Train loss: C1:1.80e+02, C:3.02e-01

Test: Epoch 350
Train Accuracy: 0.4772   Test ACC: 0.4837
Train F1: 0.3083         Test F1: 0.3154

Epoch 351, Train loss: C1:2.08e+02, C:2.86e-01
Epoch 352, Train loss: C1:2.61e+02, C:3.20e-01
Epoch 353, Train loss: C1:2.20e+02, C:3.08e-01
Epoch 354, Train loss: C1:1.87e+02, C:2.89e-01
Epoch 355, Train loss: C1:2.05e+02, C:3.18e-01
Epoch 356, Train loss: C1:2.26e+02, C:2.95e-01
Epoch 357, Train loss: C1:1.55e+02, C:2.91e-01
Epoch 358, Train loss: C1:2.05e+02, C:3.18e-01
Epoch 359, Train loss: C1:2.53e+02, C:2.95e-01
Epoch 360, Train loss: C1:2.39e+02, C:2.98e-01
Epoch 361, Train loss: C1:1.82e+02, C:3.17e-01
Epoch 362, Train loss: C1:1.76e+02, C:2.92e-01
Epoch 363, Train loss: C1:2.19e+02, C:3.10e-01
Epoch 364, Train loss: C1:1.62e+02, C:3.05e-01
Epoch 365, Train loss: C1:2.08e+02, C:2.89e-01
Epoch 366, Train loss: C1:4.05e+02, C:3.11e-01
Epoch 367, Train loss: C1:3.86e+02, C:2.94e-01
Epoch 368, Train loss: C1:1.96e+02, C:2.86e-01
Epoch 369, Train loss: C1:2.03e+02, C:3.26e-01
Epoch 370, Train loss: C1:3.49e+02, C:2.85e-01
Epoch 371, Train loss: C1:2.90e+02, C:2.97e-01
Epoch 372, Train loss: C1:2.21e+02, C:3.17e-01
Epoch 373, Train loss: C1:2.39e+02, C:2.89e-01
Epoch 374, Train loss: C1:2.42e+02, C:3.10e-01
Epoch 375, Train loss: C1:1.84e+02, C:2.99e-01
Epoch 376, Train loss: C1:1.62e+02, C:2.86e-01
Epoch 377, Train loss: C1:2.12e+02, C:3.15e-01
Epoch 378, Train loss: C1:2.35e+02, C:2.88e-01
Epoch 379, Train loss: C1:1.91e+02, C:2.92e-01
Epoch 380, Train loss: C1:1.78e+02, C:3.13e-01
Epoch 381, Train loss: C1:1.91e+02, C:2.93e-01
Epoch 382, Train loss: C1:1.86e+02, C:2.99e-01
Epoch 383, Train loss: C1:1.59e+02, C:2.93e-01
Epoch 384, Train loss: C1:1.91e+02, C:2.87e-01
Epoch 385, Train loss: C1:1.67e+02, C:2.91e-01
Epoch 386, Train loss: C1:1.76e+02, C:2.96e-01
Epoch 387, Train loss: C1:2.72e+02, C:2.85e-01
Epoch 388, Train loss: C1:2.49e+02, C:2.88e-01
Epoch 389, Train loss: C1:2.15e+02, C:3.01e-01
Epoch 390, Train loss: C1:1.94e+02, C:2.87e-01
Epoch 391, Train loss: C1:1.76e+02, C:3.05e-01
Epoch 392, Train loss: C1:1.70e+02, C:2.89e-01
Epoch 393, Train loss: C1:1.48e+02, C:2.86e-01
Epoch 394, Train loss: C1:1.66e+02, C:3.06e-01
Epoch 395, Train loss: C1:2.02e+02, C:2.85e-01
Epoch 396, Train loss: C1:1.42e+02, C:2.94e-01
Epoch 397, Train loss: C1:1.54e+02, C:2.96e-01
Epoch 398, Train loss: C1:1.45e+02, C:2.87e-01
Epoch 399, Train loss: C1:1.60e+02, C:2.97e-01
Epoch 400, Train loss: C1:1.52e+02, C:2.84e-01

Test: Epoch 400
Train Accuracy: 0.4772   Test ACC: 0.4837
Train F1: 0.3083         Test F1: 0.3154

Epoch 401, Train loss: C1:1.68e+02, C:2.89e-01
Epoch 402, Train loss: C1:1.68e+02, C:2.97e-01
Epoch 403, Train loss: C1:1.77e+02, C:2.83e-01
Epoch 404, Train loss: C1:1.54e+02, C:2.97e-01
Epoch 405, Train loss: C1:1.76e+02, C:2.86e-01
Epoch 406, Train loss: C1:1.80e+02, C:2.87e-01
Epoch 407, Train loss: C1:1.49e+02, C:2.91e-01
Epoch 408, Train loss: C1:1.56e+02, C:2.80e-01
Epoch 409, Train loss: C1:1.66e+02, C:2.98e-01
Epoch 410, Train loss: C1:1.55e+02, C:2.86e-01
Epoch 411, Train loss: C1:1.77e+02, C:2.83e-01
Epoch 412, Train loss: C1:2.09e+02, C:2.92e-01
Epoch 413, Train loss: C1:1.81e+02, C:2.83e-01
Epoch 414, Train loss: C1:1.55e+02, C:2.82e-01
Epoch 415, Train loss: C1:1.35e+02, C:2.92e-01
Epoch 416, Train loss: C1:1.70e+02, C:2.83e-01
Epoch 417, Train loss: C1:1.80e+02, C:2.88e-01
Epoch 418, Train loss: C1:2.28e+02, C:2.85e-01
Epoch 419, Train loss: C1:1.93e+02, C:2.78e-01
Epoch 420, Train loss: C1:1.72e+02, C:2.98e-01
Epoch 421, Train loss: C1:1.97e+02, C:2.82e-01
Epoch 422, Train loss: C1:2.28e+02, C:3.02e-01
Epoch 423, Train loss: C1:1.78e+02, C:2.85e-01
Epoch 424, Train loss: C1:1.46e+02, C:2.87e-01
Epoch 425, Train loss: C1:1.25e+02, C:2.99e-01
Epoch 426, Train loss: C1:1.63e+02, C:2.83e-01
Epoch 427, Train loss: C1:2.03e+02, C:2.97e-01
Epoch 428, Train loss: C1:1.81e+02, C:2.82e-01
Epoch 429, Train loss: C1:1.36e+02, C:2.88e-01
Epoch 430, Train loss: C1:1.27e+02, C:2.95e-01
Epoch 431, Train loss: C1:1.54e+02, C:2.79e-01
Epoch 432, Train loss: C1:1.46e+02, C:2.88e-01
Epoch 433, Train loss: C1:1.57e+02, C:2.85e-01
Epoch 434, Train loss: C1:1.54e+02, C:2.78e-01
Epoch 435, Train loss: C1:1.58e+02, C:2.83e-01
Epoch 436, Train loss: C1:1.75e+02, C:2.87e-01
Epoch 437, Train loss: C1:1.66e+02, C:2.73e-01
Epoch 438, Train loss: C1:1.29e+02, C:2.91e-01
Epoch 439, Train loss: C1:1.25e+02, C:2.85e-01
Epoch 440, Train loss: C1:1.29e+02, C:2.89e-01
Epoch 441, Train loss: C1:1.28e+02, C:2.85e-01
Epoch 442, Train loss: C1:1.15e+02, C:2.79e-01
Epoch 443, Train loss: C1:1.32e+02, C:2.97e-01
Epoch 444, Train loss: C1:1.77e+02, C:2.78e-01
Epoch 445, Train loss: C1:2.20e+02, C:2.88e-01
Epoch 446, Train loss: C1:1.78e+02, C:2.83e-01
Epoch 447, Train loss: C1:1.27e+02, C:2.75e-01
Epoch 448, Train loss: C1:1.84e+02, C:3.04e-01
Epoch 449, Train loss: C1:3.19e+02, C:2.82e-01
Epoch 450, Train loss: C1:4.21e+02, C:3.05e-01

Test: Epoch 450
Train Accuracy: 0.4772   Test ACC: 0.4837
Train F1: 0.3083         Test F1: 0.3154

Epoch 451, Train loss: C1:3.03e+02, C:2.80e-01
Epoch 452, Train loss: C1:1.44e+02, C:2.74e-01
Epoch 453, Train loss: C1:1.50e+02, C:3.00e-01
Epoch 454, Train loss: C1:2.48e+02, C:2.81e-01
Epoch 455, Train loss: C1:3.13e+02, C:2.91e-01
Epoch 456, Train loss: C1:3.00e+02, C:2.74e-01
Epoch 457, Train loss: C1:3.61e+02, C:2.72e-01
Epoch 458, Train loss: C1:4.63e+02, C:2.78e-01
Epoch 459, Train loss: C1:6.12e+02, C:2.72e-01
Epoch 460, Train loss: C1:7.54e+02, C:2.81e-01
Epoch 461, Train loss: C1:8.27e+02, C:2.77e-01
Epoch 462, Train loss: C1:8.92e+02, C:2.84e-01
Epoch 463, Train loss: C1:9.86e+02, C:2.72e-01
Epoch 464, Train loss: C1:1.09e+03, C:2.86e-01
Epoch 465, Train loss: C1:1.14e+03, C:2.70e-01
Epoch 466, Train loss: C1:1.17e+03, C:2.84e-01
Epoch 467, Train loss: C1:1.10e+03, C:2.71e-01
Epoch 468, Train loss: C1:9.89e+02, C:2.84e-01
Epoch 469, Train loss: C1:7.58e+02, C:2.78e-01
Epoch 470, Train loss: C1:5.10e+02, C:2.73e-01
Epoch 471, Train loss: C1:2.82e+02, C:2.89e-01
Epoch 472, Train loss: C1:1.51e+02, C:2.81e-01
Epoch 473, Train loss: C1:1.13e+02, C:2.74e-01
Epoch 474, Train loss: C1:1.42e+02, C:2.89e-01
Epoch 475, Train loss: C1:1.81e+02, C:2.84e-01
Epoch 476, Train loss: C1:1.77e+02, C:2.84e-01
Epoch 477, Train loss: C1:1.67e+02, C:2.78e-01
Epoch 478, Train loss: C1:2.32e+02, C:2.71e-01
Epoch 479, Train loss: C1:3.10e+02, C:2.75e-01
Epoch 480, Train loss: C1:2.67e+02, C:2.71e-01
Epoch 481, Train loss: C1:1.91e+02, C:2.78e-01
Epoch 482, Train loss: C1:1.48e+02, C:2.90e-01
Epoch 483, Train loss: C1:1.52e+02, C:2.79e-01
Epoch 484, Train loss: C1:2.28e+02, C:2.78e-01
Epoch 485, Train loss: C1:3.11e+02, C:2.69e-01
Epoch 486, Train loss: C1:2.67e+02, C:2.73e-01
Epoch 487, Train loss: C1:2.20e+02, C:2.87e-01
Epoch 488, Train loss: C1:2.90e+02, C:2.79e-01
Epoch 489, Train loss: C1:3.42e+02, C:2.90e-01
Epoch 490, Train loss: C1:2.64e+02, C:2.79e-01
Epoch 491, Train loss: C1:1.39e+02, C:2.80e-01
Epoch 492, Train loss: C1:1.20e+02, C:2.96e-01
Epoch 493, Train loss: C1:2.14e+02, C:2.81e-01
Epoch 494, Train loss: C1:2.59e+02, C:2.89e-01
Epoch 495, Train loss: C1:1.99e+02, C:2.79e-01
Epoch 496, Train loss: C1:1.27e+02, C:2.76e-01
Epoch 497, Train loss: C1:1.04e+02, C:2.93e-01
Epoch 498, Train loss: C1:1.31e+02, C:2.79e-01
Epoch 499, Train loss: C1:1.50e+02, C:2.84e-01
Epoch 500, Train loss: C1:1.43e+02, C:2.78e-01

Test: Epoch 500
Train Accuracy: 0.4772   Test ACC: 0.4837
Train F1: 0.3083         Test F1: 0.3154

Epoch 501, Train loss: C1:1.73e+02, C:2.71e-01
Epoch 502, Train loss: C1:1.97e+02, C:2.75e-01
Epoch 503, Train loss: C1:1.56e+02, C:2.76e-01
Epoch 504, Train loss: C1:1.16e+02, C:2.83e-01
Epoch 505, Train loss: C1:9.96e+01, C:2.86e-01
Epoch 506, Train loss: C1:1.05e+02, C:2.79e-01
Epoch 507, Train loss: C1:1.02e+02, C:2.78e-01
Epoch 508, Train loss: C1:9.47e+01, C:2.75e-01
Epoch 509, Train loss: C1:8.54e+01, C:2.70e-01
Epoch 510, Train loss: C1:1.07e+02, C:2.75e-01
Epoch 511, Train loss: C1:1.03e+02, C:2.78e-01
Epoch 512, Train loss: C1:9.81e+01, C:2.78e-01
Epoch 513, Train loss: C1:8.66e+01, C:2.73e-01
Epoch 514, Train loss: C1:1.09e+02, C:2.76e-01
Epoch 515, Train loss: C1:1.03e+02, C:2.65e-01
Epoch 516, Train loss: C1:9.36e+01, C:2.75e-01
Epoch 517, Train loss: C1:1.07e+02, C:2.79e-01
Epoch 518, Train loss: C1:9.66e+01, C:2.75e-01
Epoch 519, Train loss: C1:1.11e+02, C:2.69e-01
Epoch 520, Train loss: C1:1.25e+02, C:2.73e-01
Epoch 521, Train loss: C1:1.29e+02, C:2.74e-01
Epoch 522, Train loss: C1:1.09e+02, C:2.73e-01
Epoch 523, Train loss: C1:1.18e+02, C:2.82e-01
Epoch 524, Train loss: C1:1.37e+02, C:2.85e-01
Epoch 525, Train loss: C1:1.67e+02, C:2.73e-01
Epoch 526, Train loss: C1:1.63e+02, C:2.71e-01
Epoch 527, Train loss: C1:1.42e+02, C:2.74e-01
Epoch 528, Train loss: C1:1.67e+02, C:2.76e-01
Epoch 529, Train loss: C1:2.04e+02, C:2.74e-01
Epoch 530, Train loss: C1:2.55e+02, C:2.73e-01
Epoch 531, Train loss: C1:3.22e+02, C:2.85e-01
Epoch 532, Train loss: C1:3.73e+02, C:2.76e-01
Epoch 533, Train loss: C1:4.12e+02, C:2.66e-01
Epoch 534, Train loss: C1:4.57e+02, C:2.75e-01
Epoch 535, Train loss: C1:4.64e+02, C:2.69e-01
Epoch 536, Train loss: C1:4.81e+02, C:2.76e-01
Epoch 537, Train loss: C1:5.10e+02, C:2.70e-01
Epoch 538, Train loss: C1:4.93e+02, C:2.76e-01
Epoch 539, Train loss: C1:4.25e+02, C:2.75e-01
Epoch 540, Train loss: C1:3.47e+02, C:2.75e-01
Epoch 541, Train loss: C1:2.84e+02, C:2.70e-01
Epoch 542, Train loss: C1:2.16e+02, C:2.70e-01
Epoch 543, Train loss: C1:1.81e+02, C:2.77e-01
Epoch 544, Train loss: C1:1.11e+02, C:2.76e-01
Epoch 545, Train loss: C1:9.67e+01, C:2.76e-01
Epoch 546, Train loss: C1:1.06e+02, C:2.81e-01
Epoch 547, Train loss: C1:1.20e+02, C:2.72e-01
Epoch 548, Train loss: C1:1.54e+02, C:2.71e-01
Epoch 549, Train loss: C1:2.04e+02, C:2.76e-01
Epoch 550, Train loss: C1:2.67e+02, C:2.68e-01

Test: Epoch 550
Train Accuracy: 0.4772   Test ACC: 0.4837
Train F1: 0.3083         Test F1: 0.3154

Epoch 551, Train loss: C1:3.13e+02, C:2.76e-01
Epoch 552, Train loss: C1:3.02e+02, C:2.74e-01
Epoch 553, Train loss: C1:2.78e+02, C:2.76e-01
Epoch 554, Train loss: C1:2.41e+02, C:2.68e-01
Epoch 555, Train loss: C1:2.03e+02, C:2.72e-01
Epoch 556, Train loss: C1:1.67e+02, C:2.77e-01
Epoch 557, Train loss: C1:1.28e+02, C:2.69e-01
Epoch 558, Train loss: C1:1.03e+02, C:2.77e-01
Epoch 559, Train loss: C1:7.62e+01, C:2.76e-01
Epoch 560, Train loss: C1:6.80e+01, C:2.74e-01
Epoch 561, Train loss: C1:8.30e+01, C:2.69e-01
Epoch 562, Train loss: C1:7.39e+01, C:2.78e-01
Epoch 563, Train loss: C1:7.60e+01, C:2.68e-01
Epoch 564, Train loss: C1:1.06e+02, C:2.75e-01
Epoch 565, Train loss: C1:1.25e+02, C:2.67e-01
Epoch 566, Train loss: C1:1.59e+02, C:2.73e-01
Epoch 567, Train loss: C1:1.52e+02, C:2.69e-01
Epoch 568, Train loss: C1:1.38e+02, C:2.72e-01
Epoch 569, Train loss: C1:1.40e+02, C:2.78e-01
Epoch 570, Train loss: C1:1.23e+02, C:2.77e-01
Epoch 571, Train loss: C1:1.36e+02, C:2.76e-01
Epoch 572, Train loss: C1:1.09e+02, C:2.71e-01
Epoch 573, Train loss: C1:8.48e+01, C:2.76e-01
Epoch 574, Train loss: C1:1.49e+02, C:2.75e-01
Epoch 575, Train loss: C1:2.26e+02, C:2.69e-01
Epoch 576, Train loss: C1:2.63e+02, C:2.71e-01
Epoch 577, Train loss: C1:2.48e+02, C:2.67e-01
Epoch 578, Train loss: C1:2.37e+02, C:2.71e-01
Epoch 579, Train loss: C1:2.53e+02, C:2.65e-01
Epoch 580, Train loss: C1:3.61e+02, C:2.75e-01
Epoch 581, Train loss: C1:5.21e+02, C:2.65e-01
Epoch 582, Train loss: C1:7.27e+02, C:2.76e-01
Epoch 583, Train loss: C1:9.81e+02, C:2.64e-01
Epoch 584, Train loss: C1:1.24e+03, C:2.77e-01
Epoch 585, Train loss: C1:1.50e+03, C:2.65e-01
Epoch 586, Train loss: C1:1.80e+03, C:2.77e-01
Epoch 587, Train loss: C1:1.96e+03, C:2.65e-01
Epoch 588, Train loss: C1:1.95e+03, C:2.76e-01
Epoch 589, Train loss: C1:1.68e+03, C:2.67e-01
Epoch 590, Train loss: C1:1.19e+03, C:2.75e-01
Epoch 591, Train loss: C1:6.45e+02, C:2.67e-01
Epoch 592, Train loss: C1:2.26e+02, C:2.71e-01
Epoch 593, Train loss: C1:8.78e+01, C:2.70e-01
Epoch 594, Train loss: C1:2.00e+02, C:2.70e-01
Epoch 595, Train loss: C1:4.48e+02, C:2.77e-01
Epoch 596, Train loss: C1:5.75e+02, C:2.68e-01
Epoch 597, Train loss: C1:4.99e+02, C:2.77e-01
Epoch 598, Train loss: C1:3.28e+02, C:2.64e-01
Epoch 599, Train loss: C1:2.06e+02, C:2.85e-01
Epoch 600, Train loss: C1:1.92e+02, C:2.77e-01

Test: Epoch 600
Train Accuracy: 0.4772   Test ACC: 0.4837
Train F1: 0.3083         Test F1: 0.3154

Epoch 601, Train loss: C1:1.60e+02, C:2.70e-01
Epoch 602, Train loss: C1:1.77e+02, C:2.73e-01
Epoch 603, Train loss: C1:3.24e+02, C:2.68e-01
Epoch 604, Train loss: C1:3.79e+02, C:2.75e-01
Epoch 605, Train loss: C1:2.26e+02, C:2.73e-01
Epoch 606, Train loss: C1:7.93e+01, C:2.70e-01
Epoch 607, Train loss: C1:1.25e+02, C:2.74e-01
Epoch 608, Train loss: C1:2.64e+02, C:2.66e-01
Epoch 609, Train loss: C1:2.87e+02, C:2.71e-01
Epoch 610, Train loss: C1:2.01e+02, C:2.64e-01
Epoch 611, Train loss: C1:1.21e+02, C:2.77e-01
Epoch 612, Train loss: C1:1.04e+02, C:2.82e-01
Epoch 613, Train loss: C1:1.72e+02, C:2.64e-01
Epoch 614, Train loss: C1:2.15e+02, C:2.75e-01
Epoch 615, Train loss: C1:1.85e+02, C:2.71e-01
Epoch 616, Train loss: C1:1.56e+02, C:2.80e-01
Epoch 617, Train loss: C1:1.31e+02, C:2.81e-01
Epoch 618, Train loss: C1:8.14e+01, C:2.68e-01
Epoch 619, Train loss: C1:6.67e+01, C:2.68e-01
Epoch 620, Train loss: C1:1.07e+02, C:2.84e-01
Epoch 621, Train loss: C1:1.26e+02, C:2.74e-01
Epoch 622, Train loss: C1:1.03e+02, C:2.75e-01
Epoch 623, Train loss: C1:6.67e+01, C:2.69e-01
Epoch 624, Train loss: C1:6.21e+01, C:2.80e-01
Epoch 625, Train loss: C1:7.39e+01, C:2.77e-01
Epoch 626, Train loss: C1:8.28e+01, C:2.72e-01
Epoch 627, Train loss: C1:5.63e+01, C:2.70e-01
Epoch 628, Train loss: C1:6.74e+01, C:2.72e-01
Epoch 629, Train loss: C1:6.07e+01, C:2.75e-01
Epoch 630, Train loss: C1:6.85e+01, C:2.76e-01
Epoch 631, Train loss: C1:7.88e+01, C:2.76e-01
Epoch 632, Train loss: C1:6.62e+01, C:2.69e-01
Epoch 633, Train loss: C1:5.99e+01, C:2.72e-01
Epoch 634, Train loss: C1:8.29e+01, C:2.68e-01
Epoch 635, Train loss: C1:9.26e+01, C:2.70e-01
Epoch 636, Train loss: C1:8.16e+01, C:2.66e-01
Epoch 637, Train loss: C1:8.38e+01, C:2.72e-01
Epoch 638, Train loss: C1:7.26e+01, C:2.70e-01
Epoch 639, Train loss: C1:5.86e+01, C:2.74e-01
Epoch 640, Train loss: C1:6.74e+01, C:2.74e-01
Epoch 641, Train loss: C1:6.22e+01, C:2.68e-01
Epoch 642, Train loss: C1:7.69e+01, C:2.65e-01
Epoch 643, Train loss: C1:7.68e+01, C:2.71e-01
Epoch 644, Train loss: C1:6.61e+01, C:2.67e-01
Epoch 645, Train loss: C1:6.24e+01, C:2.67e-01
Epoch 646, Train loss: C1:5.87e+01, C:2.70e-01
Epoch 647, Train loss: C1:5.37e+01, C:2.73e-01
Epoch 648, Train loss: C1:6.61e+01, C:2.73e-01
Epoch 649, Train loss: C1:6.62e+01, C:2.73e-01
Epoch 650, Train loss: C1:6.09e+01, C:2.79e-01

Test: Epoch 650
Train Accuracy: 0.4772   Test ACC: 0.4837
Train F1: 0.3083         Test F1: 0.3154

Epoch 651, Train loss: C1:6.36e+01, C:2.70e-01
Epoch 652, Train loss: C1:7.12e+01, C:2.67e-01
Epoch 653, Train loss: C1:9.03e+01, C:2.64e-01
Epoch 654, Train loss: C1:1.16e+02, C:2.67e-01
Epoch 655, Train loss: C1:1.45e+02, C:2.72e-01
Epoch 656, Train loss: C1:1.71e+02, C:2.66e-01
Epoch 657, Train loss: C1:1.43e+02, C:2.66e-01
Epoch 658, Train loss: C1:1.12e+02, C:2.70e-01
Epoch 659, Train loss: C1:9.54e+01, C:2.72e-01
Epoch 660, Train loss: C1:8.48e+01, C:2.67e-01
Epoch 661, Train loss: C1:6.93e+01, C:2.71e-01
Epoch 662, Train loss: C1:6.43e+01, C:2.67e-01
Epoch 663, Train loss: C1:8.16e+01, C:2.74e-01
Epoch 664, Train loss: C1:1.32e+02, C:2.72e-01
Epoch 665, Train loss: C1:1.28e+02, C:2.70e-01
Epoch 666, Train loss: C1:8.74e+01, C:2.68e-01
Epoch 667, Train loss: C1:9.39e+01, C:2.65e-01
Epoch 668, Train loss: C1:1.07e+02, C:2.72e-01
Epoch 669, Train loss: C1:9.48e+01, C:2.74e-01
Epoch 670, Train loss: C1:6.71e+01, C:2.72e-01
Epoch 671, Train loss: C1:6.17e+01, C:2.68e-01
Epoch 672, Train loss: C1:9.32e+01, C:2.75e-01
Epoch 673, Train loss: C1:1.09e+02, C:2.83e-01
Epoch 674, Train loss: C1:8.94e+01, C:2.75e-01
Epoch 675, Train loss: C1:6.56e+01, C:2.72e-01
Epoch 676, Train loss: C1:6.04e+01, C:2.68e-01
Epoch 677, Train loss: C1:8.77e+01, C:2.75e-01
Epoch 678, Train loss: C1:1.20e+02, C:2.71e-01
Epoch 679, Train loss: C1:1.14e+02, C:2.68e-01
Epoch 680, Train loss: C1:8.29e+01, C:2.69e-01
Epoch 681, Train loss: C1:7.75e+01, C:2.73e-01
Epoch 682, Train loss: C1:1.04e+02, C:2.75e-01
Epoch 683, Train loss: C1:1.09e+02, C:2.73e-01
Epoch 684, Train loss: C1:8.60e+01, C:2.67e-01
Epoch 685, Train loss: C1:6.83e+01, C:2.66e-01
Epoch 686, Train loss: C1:8.17e+01, C:2.79e-01
Epoch 687, Train loss: C1:1.04e+02, C:2.77e-01
Epoch 688, Train loss: C1:1.05e+02, C:2.78e-01
Epoch 689, Train loss: C1:8.76e+01, C:2.66e-01
Epoch 690, Train loss: C1:6.58e+01, C:2.74e-01
Epoch 691, Train loss: C1:6.00e+01, C:2.78e-01
Epoch 692, Train loss: C1:7.77e+01, C:2.71e-01
Epoch 693, Train loss: C1:1.00e+02, C:2.72e-01
Epoch 694, Train loss: C1:7.73e+01, C:2.66e-01
Epoch 695, Train loss: C1:4.85e+01, C:2.75e-01
Epoch 696, Train loss: C1:5.43e+01, C:2.82e-01
Epoch 697, Train loss: C1:7.29e+01, C:2.71e-01
Epoch 698, Train loss: C1:7.95e+01, C:2.71e-01
Epoch 699, Train loss: C1:5.87e+01, C:2.70e-01
Epoch 700, Train loss: C1:5.11e+01, C:2.77e-01

Test: Epoch 700
Train Accuracy: 0.4772   Test ACC: 0.4837
Train F1: 0.3083         Test F1: 0.3154

Epoch 701, Train loss: C1:5.12e+01, C:2.78e-01
Epoch 702, Train loss: C1:6.50e+01, C:2.76e-01
Epoch 703, Train loss: C1:7.32e+01, C:2.70e-01
Epoch 704, Train loss: C1:7.31e+01, C:2.63e-01
Epoch 705, Train loss: C1:7.60e+01, C:2.66e-01
Epoch 706, Train loss: C1:8.55e+01, C:2.68e-01
Epoch 707, Train loss: C1:5.77e+01, C:2.71e-01
Epoch 708, Train loss: C1:6.31e+01, C:2.71e-01
Epoch 709, Train loss: C1:9.15e+01, C:2.75e-01
Epoch 710, Train loss: C1:1.07e+02, C:2.73e-01
Epoch 711, Train loss: C1:1.16e+02, C:2.62e-01
Epoch 712, Train loss: C1:1.21e+02, C:2.65e-01
Epoch 713, Train loss: C1:1.27e+02, C:2.67e-01
Epoch 714, Train loss: C1:1.62e+02, C:2.68e-01
Epoch 715, Train loss: C1:2.02e+02, C:2.66e-01
Epoch 716, Train loss: C1:2.28e+02, C:2.70e-01
Epoch 717, Train loss: C1:2.53e+02, C:2.67e-01
Epoch 718, Train loss: C1:2.63e+02, C:2.69e-01
Epoch 719, Train loss: C1:2.96e+02, C:2.64e-01
Epoch 720, Train loss: C1:3.33e+02, C:2.70e-01
Epoch 721, Train loss: C1:3.42e+02, C:2.67e-01
Epoch 722, Train loss: C1:3.65e+02, C:2.69e-01
Epoch 723, Train loss: C1:4.03e+02, C:2.64e-01
Epoch 724, Train loss: C1:4.27e+02, C:2.72e-01
Epoch 725, Train loss: C1:4.22e+02, C:2.64e-01
Epoch 726, Train loss: C1:3.92e+02, C:2.74e-01
Epoch 727, Train loss: C1:3.39e+02, C:2.71e-01
Epoch 728, Train loss: C1:2.58e+02, C:2.72e-01
Epoch 729, Train loss: C1:1.89e+02, C:2.72e-01
Epoch 730, Train loss: C1:1.22e+02, C:2.65e-01
Epoch 731, Train loss: C1:7.94e+01, C:2.64e-01
Epoch 732, Train loss: C1:7.44e+01, C:2.72e-01
Epoch 733, Train loss: C1:7.25e+01, C:2.76e-01
Epoch 734, Train loss: C1:6.65e+01, C:2.71e-01
Epoch 735, Train loss: C1:6.00e+01, C:2.71e-01
Epoch 736, Train loss: C1:7.23e+01, C:2.66e-01
Epoch 737, Train loss: C1:1.01e+02, C:2.72e-01
Epoch 738, Train loss: C1:1.07e+02, C:2.64e-01
Epoch 739, Train loss: C1:1.05e+02, C:2.70e-01
Epoch 740, Train loss: C1:8.84e+01, C:2.70e-01
Epoch 741, Train loss: C1:7.78e+01, C:2.65e-01
Epoch 742, Train loss: C1:6.69e+01, C:2.75e-01
Epoch 743, Train loss: C1:6.47e+01, C:2.74e-01
Epoch 744, Train loss: C1:6.01e+01, C:2.78e-01
Epoch 745, Train loss: C1:5.87e+01, C:2.67e-01
Epoch 746, Train loss: C1:5.02e+01, C:2.64e-01
Epoch 747, Train loss: C1:5.20e+01, C:2.70e-01
Epoch 748, Train loss: C1:6.76e+01, C:2.76e-01
Epoch 749, Train loss: C1:9.64e+01, C:2.75e-01
Epoch 750, Train loss: C1:1.18e+02, C:2.75e-01

Test: Epoch 750
Train Accuracy: 0.4772   Test ACC: 0.4837
Train F1: 0.3083         Test F1: 0.3154

Epoch 751, Train loss: C1:1.11e+02, C:2.78e-01
Epoch 752, Train loss: C1:8.89e+01, C:2.64e-01
Epoch 753, Train loss: C1:7.68e+01, C:2.68e-01
Epoch 754, Train loss: C1:9.16e+01, C:2.67e-01
Epoch 755, Train loss: C1:1.21e+02, C:2.68e-01
Epoch 756, Train loss: C1:1.59e+02, C:2.65e-01
Epoch 757, Train loss: C1:1.78e+02, C:2.72e-01
Epoch 758, Train loss: C1:1.75e+02, C:2.63e-01
Epoch 759, Train loss: C1:1.76e+02, C:2.73e-01
Epoch 760, Train loss: C1:1.86e+02, C:2.64e-01
Epoch 761, Train loss: C1:1.91e+02, C:2.71e-01
Epoch 762, Train loss: C1:1.77e+02, C:2.66e-01
Epoch 763, Train loss: C1:1.33e+02, C:2.67e-01
Epoch 764, Train loss: C1:9.79e+01, C:2.67e-01
Epoch 765, Train loss: C1:6.51e+01, C:2.65e-01
Epoch 766, Train loss: C1:4.61e+01, C:2.67e-01
Epoch 767, Train loss: C1:3.58e+01, C:2.64e-01
Epoch 768, Train loss: C1:4.35e+01, C:2.71e-01
Epoch 769, Train loss: C1:6.62e+01, C:2.69e-01
Epoch 770, Train loss: C1:8.37e+01, C:2.70e-01
Epoch 771, Train loss: C1:9.62e+01, C:2.65e-01
Epoch 772, Train loss: C1:1.25e+02, C:2.66e-01
Epoch 773, Train loss: C1:1.64e+02, C:2.63e-01
Epoch 774, Train loss: C1:2.26e+02, C:2.69e-01
Epoch 775, Train loss: C1:2.92e+02, C:2.61e-01
Epoch 776, Train loss: C1:3.54e+02, C:2.70e-01
Epoch 777, Train loss: C1:3.67e+02, C:2.64e-01
Epoch 778, Train loss: C1:3.52e+02, C:2.72e-01
Epoch 779, Train loss: C1:3.34e+02, C:2.63e-01
Epoch 780, Train loss: C1:3.06e+02, C:2.70e-01
Epoch 781, Train loss: C1:2.62e+02, C:2.64e-01
Epoch 782, Train loss: C1:2.19e+02, C:2.69e-01
Epoch 783, Train loss: C1:1.99e+02, C:2.63e-01
Epoch 784, Train loss: C1:2.23e+02, C:2.69e-01
Epoch 785, Train loss: C1:2.47e+02, C:2.62e-01
Epoch 786, Train loss: C1:2.15e+02, C:2.70e-01
Epoch 787, Train loss: C1:1.53e+02, C:2.66e-01
Epoch 788, Train loss: C1:9.94e+01, C:2.67e-01
Epoch 789, Train loss: C1:6.77e+01, C:2.68e-01
Epoch 790, Train loss: C1:6.20e+01, C:2.73e-01
Epoch 791, Train loss: C1:5.36e+01, C:2.79e-01
Epoch 792, Train loss: C1:4.27e+01, C:2.62e-01
Epoch 793, Train loss: C1:3.80e+01, C:2.66e-01
Epoch 794, Train loss: C1:4.49e+01, C:2.70e-01
Epoch 795, Train loss: C1:5.09e+01, C:2.72e-01
Epoch 796, Train loss: C1:5.53e+01, C:2.79e-01
Epoch 797, Train loss: C1:5.04e+01, C:2.70e-01
Epoch 798, Train loss: C1:4.47e+01, C:2.64e-01
Epoch 799, Train loss: C1:3.73e+01, C:2.73e-01
Epoch 800, Train loss: C1:4.46e+01, C:2.69e-01

Test: Epoch 800
Train Accuracy: 0.4772   Test ACC: 0.4837
Train F1: 0.3083         Test F1: 0.3154

Epoch 801, Train loss: C1:5.62e+01, C:2.72e-01
Epoch 802, Train loss: C1:5.75e+01, C:2.65e-01
Epoch 803, Train loss: C1:5.91e+01, C:2.66e-01
Epoch 804, Train loss: C1:6.26e+01, C:2.68e-01
Epoch 805, Train loss: C1:6.27e+01, C:2.64e-01
Epoch 806, Train loss: C1:6.07e+01, C:2.66e-01
Epoch 807, Train loss: C1:6.19e+01, C:2.64e-01
Epoch 808, Train loss: C1:6.01e+01, C:2.65e-01
Epoch 809, Train loss: C1:7.23e+01, C:2.63e-01
Epoch 810, Train loss: C1:9.19e+01, C:2.68e-01
Epoch 811, Train loss: C1:1.11e+02, C:2.59e-01
Epoch 812, Train loss: C1:1.32e+02, C:2.68e-01
Epoch 813, Train loss: C1:1.41e+02, C:2.67e-01
Epoch 814, Train loss: C1:1.57e+02, C:2.68e-01
Epoch 815, Train loss: C1:1.60e+02, C:2.65e-01
Epoch 816, Train loss: C1:1.52e+02, C:2.72e-01
Epoch 817, Train loss: C1:1.45e+02, C:2.64e-01
Epoch 818, Train loss: C1:1.47e+02, C:2.66e-01
Epoch 819, Train loss: C1:1.51e+02, C:2.71e-01
Epoch 820, Train loss: C1:1.63e+02, C:2.66e-01
Epoch 821, Train loss: C1:1.81e+02, C:2.63e-01
Epoch 822, Train loss: C1:1.98e+02, C:2.67e-01
Epoch 823, Train loss: C1:1.82e+02, C:2.63e-01
Epoch 824, Train loss: C1:1.59e+02, C:2.69e-01
Epoch 825, Train loss: C1:1.36e+02, C:2.67e-01
Epoch 826, Train loss: C1:1.26e+02, C:2.69e-01
Epoch 827, Train loss: C1:1.38e+02, C:2.66e-01
Epoch 828, Train loss: C1:1.62e+02, C:2.68e-01
Epoch 829, Train loss: C1:1.48e+02, C:2.64e-01
Epoch 830, Train loss: C1:1.10e+02, C:2.72e-01
Epoch 831, Train loss: C1:8.60e+01, C:2.65e-01
Epoch 832, Train loss: C1:7.13e+01, C:2.66e-01
Epoch 833, Train loss: C1:6.29e+01, C:2.68e-01
Epoch 834, Train loss: C1:6.41e+01, C:2.78e-01
Epoch 835, Train loss: C1:6.11e+01, C:2.65e-01
Epoch 836, Train loss: C1:4.90e+01, C:2.64e-01
Epoch 837, Train loss: C1:5.18e+01, C:2.65e-01
Epoch 838, Train loss: C1:7.42e+01, C:2.64e-01
Epoch 839, Train loss: C1:1.02e+02, C:2.65e-01
Epoch 840, Train loss: C1:1.20e+02, C:2.68e-01
Epoch 841, Train loss: C1:1.18e+02, C:2.68e-01
Epoch 842, Train loss: C1:1.09e+02, C:2.66e-01
Epoch 843, Train loss: C1:8.22e+01, C:2.69e-01
Epoch 844, Train loss: C1:5.93e+01, C:2.73e-01
Epoch 845, Train loss: C1:5.19e+01, C:2.78e-01
Epoch 846, Train loss: C1:4.62e+01, C:2.71e-01
Epoch 847, Train loss: C1:5.42e+01, C:2.70e-01
Epoch 848, Train loss: C1:8.76e+01, C:2.67e-01
Epoch 849, Train loss: C1:1.29e+02, C:2.62e-01
Epoch 850, Train loss: C1:1.74e+02, C:2.69e-01

Test: Epoch 850
Train Accuracy: 0.4772   Test ACC: 0.4837
Train F1: 0.3083         Test F1: 0.3154

Epoch 851, Train loss: C1:2.23e+02, C:2.62e-01
Epoch 852, Train loss: C1:2.69e+02, C:2.66e-01
Epoch 853, Train loss: C1:2.98e+02, C:2.64e-01
Epoch 854, Train loss: C1:3.17e+02, C:2.71e-01
Epoch 855, Train loss: C1:3.59e+02, C:2.64e-01
Epoch 856, Train loss: C1:4.14e+02, C:2.70e-01
Epoch 857, Train loss: C1:4.55e+02, C:2.62e-01
Epoch 858, Train loss: C1:4.67e+02, C:2.69e-01
Epoch 859, Train loss: C1:4.53e+02, C:2.62e-01
Epoch 860, Train loss: C1:4.29e+02, C:2.69e-01
Epoch 861, Train loss: C1:3.95e+02, C:2.63e-01
Epoch 862, Train loss: C1:3.50e+02, C:2.70e-01
Epoch 863, Train loss: C1:2.96e+02, C:2.63e-01
Epoch 864, Train loss: C1:2.40e+02, C:2.70e-01
Epoch 865, Train loss: C1:1.85e+02, C:2.61e-01
Epoch 866, Train loss: C1:1.40e+02, C:2.68e-01
Epoch 867, Train loss: C1:1.07e+02, C:2.62e-01
Epoch 868, Train loss: C1:8.92e+01, C:2.65e-01
Epoch 869, Train loss: C1:7.80e+01, C:2.70e-01
Epoch 870, Train loss: C1:8.11e+01, C:2.67e-01
Epoch 871, Train loss: C1:8.56e+01, C:2.72e-01
Epoch 872, Train loss: C1:9.33e+01, C:2.65e-01
Epoch 873, Train loss: C1:9.57e+01, C:2.72e-01
Epoch 874, Train loss: C1:8.60e+01, C:2.67e-01
Epoch 875, Train loss: C1:6.15e+01, C:2.69e-01
Epoch 876, Train loss: C1:3.58e+01, C:2.73e-01
Epoch 877, Train loss: C1:3.06e+01, C:2.67e-01
Epoch 878, Train loss: C1:4.43e+01, C:2.65e-01
Epoch 879, Train loss: C1:7.83e+01, C:2.66e-01
Epoch 880, Train loss: C1:1.25e+02, C:2.63e-01
Epoch 881, Train loss: C1:1.70e+02, C:2.66e-01
Epoch 882, Train loss: C1:1.92e+02, C:2.62e-01
Epoch 883, Train loss: C1:1.96e+02, C:2.67e-01
Epoch 884, Train loss: C1:1.78e+02, C:2.67e-01
Epoch 885, Train loss: C1:1.47e+02, C:2.69e-01
Epoch 886, Train loss: C1:1.06e+02, C:2.69e-01
Epoch 887, Train loss: C1:6.24e+01, C:2.69e-01
Epoch 888, Train loss: C1:3.66e+01, C:2.66e-01
Epoch 889, Train loss: C1:2.90e+01, C:2.71e-01
Epoch 890, Train loss: C1:4.04e+01, C:2.67e-01
Epoch 891, Train loss: C1:5.82e+01, C:2.75e-01
Epoch 892, Train loss: C1:8.21e+01, C:2.63e-01
Epoch 893, Train loss: C1:1.08e+02, C:2.64e-01
Epoch 894, Train loss: C1:1.32e+02, C:2.68e-01
Epoch 895, Train loss: C1:1.62e+02, C:2.66e-01
Epoch 896, Train loss: C1:1.72e+02, C:2.69e-01
Epoch 897, Train loss: C1:1.51e+02, C:2.61e-01
Epoch 898, Train loss: C1:1.03e+02, C:2.65e-01
Epoch 899, Train loss: C1:7.02e+01, C:2.66e-01
Epoch 900, Train loss: C1:5.12e+01, C:2.67e-01

Test: Epoch 900
Train Accuracy: 0.4772   Test ACC: 0.4837
Train F1: 0.3083         Test F1: 0.3154

Epoch 901, Train loss: C1:5.05e+01, C:2.68e-01
Epoch 902, Train loss: C1:5.28e+01, C:2.70e-01
Epoch 903, Train loss: C1:6.06e+01, C:2.65e-01
Epoch 904, Train loss: C1:8.08e+01, C:2.65e-01
Epoch 905, Train loss: C1:8.93e+01, C:2.64e-01
Epoch 906, Train loss: C1:8.60e+01, C:2.66e-01
Epoch 907, Train loss: C1:6.15e+01, C:2.67e-01
Epoch 908, Train loss: C1:5.10e+01, C:2.66e-01
Epoch 909, Train loss: C1:5.44e+01, C:2.68e-01
Epoch 910, Train loss: C1:6.23e+01, C:2.65e-01
Epoch 911, Train loss: C1:7.34e+01, C:2.67e-01
Epoch 912, Train loss: C1:8.59e+01, C:2.65e-01
Epoch 913, Train loss: C1:1.01e+02, C:2.68e-01
Epoch 914, Train loss: C1:1.06e+02, C:2.63e-01
Epoch 915, Train loss: C1:9.19e+01, C:2.64e-01
Epoch 916, Train loss: C1:6.13e+01, C:2.66e-01
Epoch 917, Train loss: C1:3.65e+01, C:2.68e-01
Epoch 918, Train loss: C1:2.67e+01, C:2.69e-01
Epoch 919, Train loss: C1:3.17e+01, C:2.65e-01
Epoch 920, Train loss: C1:5.10e+01, C:2.69e-01
Epoch 921, Train loss: C1:6.96e+01, C:2.63e-01
Epoch 922, Train loss: C1:8.51e+01, C:2.72e-01
Epoch 923, Train loss: C1:9.09e+01, C:2.73e-01
Epoch 924, Train loss: C1:8.50e+01, C:2.74e-01
Epoch 925, Train loss: C1:6.87e+01, C:2.72e-01
Epoch 926, Train loss: C1:4.24e+01, C:2.63e-01
Epoch 927, Train loss: C1:3.21e+01, C:2.68e-01
Epoch 928, Train loss: C1:4.12e+01, C:2.64e-01
Epoch 929, Train loss: C1:5.63e+01, C:2.69e-01
Epoch 930, Train loss: C1:7.93e+01, C:2.65e-01
Epoch 931, Train loss: C1:9.49e+01, C:2.65e-01
Epoch 932, Train loss: C1:9.32e+01, C:2.66e-01
Epoch 933, Train loss: C1:7.59e+01, C:2.72e-01
Epoch 934, Train loss: C1:5.26e+01, C:2.65e-01
Epoch 935, Train loss: C1:3.58e+01, C:2.63e-01
Epoch 936, Train loss: C1:2.54e+01, C:2.69e-01
Epoch 937, Train loss: C1:3.11e+01, C:2.72e-01
Epoch 938, Train loss: C1:3.72e+01, C:2.75e-01
Epoch 939, Train loss: C1:4.35e+01, C:2.76e-01
Epoch 940, Train loss: C1:4.80e+01, C:2.67e-01
Epoch 941, Train loss: C1:4.68e+01, C:2.68e-01
Epoch 942, Train loss: C1:4.86e+01, C:2.71e-01
Epoch 943, Train loss: C1:4.59e+01, C:2.63e-01
Epoch 944, Train loss: C1:4.43e+01, C:2.65e-01
Epoch 945, Train loss: C1:5.13e+01, C:2.68e-01
Epoch 946, Train loss: C1:5.93e+01, C:2.62e-01
Epoch 947, Train loss: C1:6.18e+01, C:2.65e-01
Epoch 948, Train loss: C1:6.11e+01, C:2.68e-01
Epoch 949, Train loss: C1:6.67e+01, C:2.68e-01
Epoch 950, Train loss: C1:8.00e+01, C:2.62e-01

Test: Epoch 950
Train Accuracy: 0.4772   Test ACC: 0.4837
Train F1: 0.3083         Test F1: 0.3154

Epoch 951, Train loss: C1:9.62e+01, C:2.69e-01
Epoch 952, Train loss: C1:1.11e+02, C:2.62e-01
Epoch 953, Train loss: C1:1.35e+02, C:2.67e-01
Epoch 954, Train loss: C1:1.66e+02, C:2.63e-01
Epoch 955, Train loss: C1:1.98e+02, C:2.72e-01
Epoch 956, Train loss: C1:2.15e+02, C:2.62e-01
Epoch 957, Train loss: C1:2.36e+02, C:2.71e-01
Epoch 958, Train loss: C1:2.73e+02, C:2.62e-01
Epoch 959, Train loss: C1:3.20e+02, C:2.67e-01
Epoch 960, Train loss: C1:3.66e+02, C:2.62e-01
Epoch 961, Train loss: C1:3.92e+02, C:2.68e-01
Epoch 962, Train loss: C1:3.98e+02, C:2.62e-01
Epoch 963, Train loss: C1:4.08e+02, C:2.67e-01
Epoch 964, Train loss: C1:4.11e+02, C:2.62e-01
Epoch 965, Train loss: C1:4.10e+02, C:2.68e-01
Epoch 966, Train loss: C1:3.77e+02, C:2.62e-01
Epoch 967, Train loss: C1:3.19e+02, C:2.69e-01
Epoch 968, Train loss: C1:2.40e+02, C:2.61e-01
Epoch 969, Train loss: C1:1.46e+02, C:2.68e-01
Epoch 970, Train loss: C1:7.34e+01, C:2.66e-01
Epoch 971, Train loss: C1:3.32e+01, C:2.64e-01
Epoch 972, Train loss: C1:2.37e+01, C:2.63e-01
Epoch 973, Train loss: C1:5.84e+01, C:2.60e-01
Epoch 974, Train loss: C1:1.38e+02, C:2.67e-01
Epoch 975, Train loss: C1:2.21e+02, C:2.62e-01
Epoch 976, Train loss: C1:2.83e+02, C:2.69e-01
Epoch 977, Train loss: C1:3.10e+02, C:2.62e-01
Epoch 978, Train loss: C1:2.77e+02, C:2.67e-01
Epoch 979, Train loss: C1:1.65e+02, C:2.62e-01
Epoch 980, Train loss: C1:6.28e+01, C:2.68e-01
Epoch 981, Train loss: C1:2.79e+01, C:2.66e-01
Epoch 982, Train loss: C1:4.41e+01, C:2.62e-01
Epoch 983, Train loss: C1:7.71e+01, C:2.71e-01
Epoch 984, Train loss: C1:1.13e+02, C:2.63e-01
Epoch 985, Train loss: C1:1.39e+02, C:2.69e-01
Epoch 986, Train loss: C1:1.49e+02, C:2.62e-01
Epoch 987, Train loss: C1:1.20e+02, C:2.70e-01
Epoch 988, Train loss: C1:7.66e+01, C:2.64e-01
Epoch 989, Train loss: C1:3.63e+01, C:2.68e-01
Epoch 990, Train loss: C1:2.16e+01, C:2.70e-01
Epoch 991, Train loss: C1:3.89e+01, C:2.64e-01
Epoch 992, Train loss: C1:8.51e+01, C:2.67e-01
Epoch 993, Train loss: C1:1.29e+02, C:2.61e-01
Epoch 994, Train loss: C1:1.33e+02, C:2.67e-01
Epoch 995, Train loss: C1:1.10e+02, C:2.62e-01
Epoch 996, Train loss: C1:8.28e+01, C:2.67e-01
Epoch 997, Train loss: C1:5.99e+01, C:2.65e-01
Epoch 998, Train loss: C1:4.66e+01, C:2.69e-01
Epoch 999, Train loss: C1:4.49e+01, C:2.62e-01
Epoch 1000, Train loss: C1:5.62e+01, C:2.64e-01

Test: Epoch 1000
Train Accuracy: 0.4772   Test ACC: 0.4837
Train F1: 0.3083         Test F1: 0.3154

Epoch 1001, Train loss: C1:6.19e+01, C:2.63e-01
Epoch 1002, Train loss: C1:5.95e+01, C:2.71e-01
Epoch 1003, Train loss: C1:6.08e+01, C:2.66e-01
Epoch 1004, Train loss: C1:6.58e+01, C:2.70e-01
Epoch 1005, Train loss: C1:6.28e+01, C:2.68e-01
Epoch 1006, Train loss: C1:4.45e+01, C:2.74e-01
Epoch 1007, Train loss: C1:2.94e+01, C:2.78e-01
Epoch 1008, Train loss: C1:2.92e+01, C:2.73e-01
Epoch 1009, Train loss: C1:4.19e+01, C:2.75e-01
Epoch 1010, Train loss: C1:4.01e+01, C:2.67e-01
Epoch 1011, Train loss: C1:3.14e+01, C:2.70e-01
Epoch 1012, Train loss: C1:2.94e+01, C:2.65e-01
Epoch 1013, Train loss: C1:2.50e+01, C:2.67e-01
Epoch 1014, Train loss: C1:2.28e+01, C:2.70e-01
Epoch 1015, Train loss: C1:2.25e+01, C:2.71e-01
Epoch 1016, Train loss: C1:2.30e+01, C:2.70e-01
Epoch 1017, Train loss: C1:2.18e+01, C:2.65e-01
Epoch 1018, Train loss: C1:1.99e+01, C:2.69e-01
Epoch 1019, Train loss: C1:2.30e+01, C:2.68e-01
Epoch 1020, Train loss: C1:2.09e+01, C:2.68e-01
Epoch 1021, Train loss: C1:1.74e+01, C:2.65e-01
Epoch 1022, Train loss: C1:2.01e+01, C:2.68e-01
Epoch 1023, Train loss: C1:2.33e+01, C:2.70e-01
Epoch 1024, Train loss: C1:2.37e+01, C:2.70e-01
Epoch 1025, Train loss: C1:2.39e+01, C:2.62e-01
Epoch 1026, Train loss: C1:2.40e+01, C:2.67e-01
Epoch 1027, Train loss: C1:2.26e+01, C:2.72e-01
Epoch 1028, Train loss: C1:2.29e+01, C:2.72e-01
Epoch 1029, Train loss: C1:2.04e+01, C:2.66e-01
Epoch 1030, Train loss: C1:1.97e+01, C:2.68e-01
Epoch 1031, Train loss: C1:1.80e+01, C:2.68e-01
Epoch 1032, Train loss: C1:1.75e+01, C:2.73e-01
Epoch 1033, Train loss: C1:1.89e+01, C:2.66e-01
Epoch 1034, Train loss: C1:2.02e+01, C:2.68e-01
Epoch 1035, Train loss: C1:2.49e+01, C:2.69e-01
Epoch 1036, Train loss: C1:3.39e+01, C:2.64e-01
Epoch 1037, Train loss: C1:4.89e+01, C:2.68e-01
Epoch 1038, Train loss: C1:6.08e+01, C:2.63e-01
Epoch 1039, Train loss: C1:7.26e+01, C:2.67e-01
Epoch 1040, Train loss: C1:8.06e+01, C:2.61e-01
Epoch 1041, Train loss: C1:8.76e+01, C:2.66e-01
Epoch 1042, Train loss: C1:9.45e+01, C:2.61e-01
Epoch 1043, Train loss: C1:9.48e+01, C:2.65e-01
Epoch 1044, Train loss: C1:9.29e+01, C:2.62e-01
Epoch 1045, Train loss: C1:8.97e+01, C:2.65e-01
Epoch 1046, Train loss: C1:8.34e+01, C:2.62e-01
Epoch 1047, Train loss: C1:7.08e+01, C:2.70e-01
Epoch 1048, Train loss: C1:5.79e+01, C:2.63e-01
Epoch 1049, Train loss: C1:4.56e+01, C:2.62e-01
Epoch 1050, Train loss: C1:3.13e+01, C:2.64e-01

Test: Epoch 1050
Train Accuracy: 0.4772   Test ACC: 0.4837
Train F1: 0.3083         Test F1: 0.3154

Epoch 1051, Train loss: C1:2.51e+01, C:2.64e-01
Epoch 1052, Train loss: C1:2.14e+01, C:2.67e-01
Epoch 1053, Train loss: C1:2.21e+01, C:2.69e-01
Epoch 1054, Train loss: C1:2.75e+01, C:2.70e-01
Epoch 1055, Train loss: C1:3.05e+01, C:2.75e-01
Epoch 1056, Train loss: C1:3.25e+01, C:2.73e-01
Epoch 1057, Train loss: C1:2.67e+01, C:2.70e-01
Epoch 1058, Train loss: C1:1.86e+01, C:2.67e-01
Epoch 1059, Train loss: C1:1.77e+01, C:2.66e-01
Epoch 1060, Train loss: C1:1.76e+01, C:2.66e-01
Epoch 1061, Train loss: C1:1.91e+01, C:2.65e-01
Epoch 1062, Train loss: C1:2.00e+01, C:2.68e-01
Epoch 1063, Train loss: C1:2.54e+01, C:2.66e-01
Epoch 1064, Train loss: C1:2.51e+01, C:2.72e-01
Epoch 1065, Train loss: C1:2.50e+01, C:2.73e-01
Epoch 1066, Train loss: C1:3.23e+01, C:2.72e-01
Epoch 1067, Train loss: C1:4.65e+01, C:2.67e-01
Epoch 1068, Train loss: C1:7.01e+01, C:2.69e-01
Epoch 1069, Train loss: C1:1.14e+02, C:2.62e-01
Epoch 1070, Train loss: C1:1.75e+02, C:2.65e-01
Epoch 1071, Train loss: C1:2.58e+02, C:2.62e-01
Epoch 1072, Train loss: C1:3.59e+02, C:2.65e-01
Epoch 1073, Train loss: C1:4.89e+02, C:2.62e-01
Epoch 1074, Train loss: C1:6.74e+02, C:2.65e-01
Epoch 1075, Train loss: C1:8.88e+02, C:2.62e-01
Epoch 1076, Train loss: C1:1.11e+03, C:2.65e-01
Epoch 1077, Train loss: C1:1.27e+03, C:2.62e-01
Epoch 1078, Train loss: C1:1.36e+03, C:2.68e-01
Epoch 1079, Train loss: C1:1.30e+03, C:2.63e-01
Epoch 1080, Train loss: C1:1.09e+03, C:2.65e-01
Epoch 1081, Train loss: C1:7.36e+02, C:2.63e-01
Epoch 1082, Train loss: C1:3.75e+02, C:2.65e-01
Epoch 1083, Train loss: C1:1.31e+02, C:2.72e-01
Epoch 1084, Train loss: C1:5.72e+01, C:2.65e-01
Epoch 1085, Train loss: C1:1.12e+02, C:2.67e-01
Epoch 1086, Train loss: C1:2.19e+02, C:2.61e-01
Epoch 1087, Train loss: C1:2.65e+02, C:2.67e-01
Epoch 1088, Train loss: C1:1.91e+02, C:2.60e-01
Epoch 1089, Train loss: C1:7.52e+01, C:2.68e-01
Epoch 1090, Train loss: C1:1.73e+01, C:2.68e-01
Epoch 1091, Train loss: C1:6.80e+01, C:2.60e-01
Epoch 1092, Train loss: C1:1.54e+02, C:2.65e-01
Epoch 1093, Train loss: C1:1.87e+02, C:2.62e-01
Epoch 1094, Train loss: C1:1.35e+02, C:2.65e-01
Epoch 1095, Train loss: C1:4.70e+01, C:2.64e-01
Epoch 1096, Train loss: C1:1.83e+01, C:2.62e-01
Epoch 1097, Train loss: C1:5.36e+01, C:2.68e-01
Epoch 1098, Train loss: C1:9.73e+01, C:2.64e-01
Epoch 1099, Train loss: C1:8.87e+01, C:2.67e-01
Epoch 1100, Train loss: C1:4.28e+01, C:2.67e-01

Test: Epoch 1100
Train Accuracy: 0.4772   Test ACC: 0.4837
Train F1: 0.3083         Test F1: 0.3154

Epoch 1101, Train loss: C1:1.71e+01, C:2.64e-01
Epoch 1102, Train loss: C1:2.00e+01, C:2.68e-01
Epoch 1103, Train loss: C1:2.63e+01, C:2.68e-01
Epoch 1104, Train loss: C1:2.63e+01, C:2.69e-01
Epoch 1105, Train loss: C1:2.27e+01, C:2.69e-01
Epoch 1106, Train loss: C1:2.34e+01, C:2.65e-01
Epoch 1107, Train loss: C1:3.20e+01, C:2.64e-01
Epoch 1108, Train loss: C1:3.48e+01, C:2.62e-01
Epoch 1109, Train loss: C1:2.99e+01, C:2.65e-01
Epoch 1110, Train loss: C1:1.99e+01, C:2.70e-01
Epoch 1111, Train loss: C1:1.71e+01, C:2.65e-01
Epoch 1112, Train loss: C1:1.49e+01, C:2.68e-01
Epoch 1113, Train loss: C1:2.06e+01, C:2.71e-01
Epoch 1114, Train loss: C1:2.34e+01, C:2.66e-01
Epoch 1115, Train loss: C1:2.05e+01, C:2.67e-01
Epoch 1116, Train loss: C1:1.73e+01, C:2.65e-01
Epoch 1117, Train loss: C1:1.67e+01, C:2.65e-01
Epoch 1118, Train loss: C1:1.48e+01, C:2.69e-01
Epoch 1119, Train loss: C1:1.49e+01, C:2.69e-01
Epoch 1120, Train loss: C1:1.85e+01, C:2.65e-01
Epoch 1121, Train loss: C1:1.54e+01, C:2.65e-01
Epoch 1122, Train loss: C1:1.49e+01, C:2.65e-01
Epoch 1123, Train loss: C1:1.70e+01, C:2.64e-01
Epoch 1124, Train loss: C1:1.40e+01, C:2.67e-01
Epoch 1125, Train loss: C1:1.59e+01, C:2.67e-01
Epoch 1126, Train loss: C1:1.48e+01, C:2.66e-01
Epoch 1127, Train loss: C1:1.35e+01, C:2.64e-01
Epoch 1128, Train loss: C1:1.67e+01, C:2.66e-01
Epoch 1129, Train loss: C1:1.97e+01, C:2.69e-01
Epoch 1130, Train loss: C1:1.81e+01, C:2.64e-01
Epoch 1131, Train loss: C1:1.41e+01, C:2.66e-01
Epoch 1132, Train loss: C1:1.23e+01, C:2.66e-01
Epoch 1133, Train loss: C1:1.41e+01, C:2.63e-01
Epoch 1134, Train loss: C1:1.74e+01, C:2.66e-01
Epoch 1135, Train loss: C1:2.08e+01, C:2.65e-01
Epoch 1136, Train loss: C1:1.79e+01, C:2.65e-01
Epoch 1137, Train loss: C1:1.70e+01, C:2.73e-01
Epoch 1138, Train loss: C1:1.57e+01, C:2.66e-01
Epoch 1139, Train loss: C1:1.98e+01, C:2.65e-01
Epoch 1140, Train loss: C1:2.11e+01, C:2.65e-01
Epoch 1141, Train loss: C1:2.32e+01, C:2.63e-01
Epoch 1142, Train loss: C1:2.16e+01, C:2.69e-01
Epoch 1143, Train loss: C1:1.94e+01, C:2.65e-01
Epoch 1144, Train loss: C1:1.91e+01, C:2.69e-01
Epoch 1145, Train loss: C1:1.89e+01, C:2.68e-01
Epoch 1146, Train loss: C1:2.18e+01, C:2.73e-01
Epoch 1147, Train loss: C1:2.36e+01, C:2.73e-01
Epoch 1148, Train loss: C1:2.42e+01, C:2.74e-01
Epoch 1149, Train loss: C1:1.87e+01, C:2.70e-01
Epoch 1150, Train loss: C1:1.49e+01, C:2.65e-01

Test: Epoch 1150
Train Accuracy: 0.4772   Test ACC: 0.4837
Train F1: 0.3083         Test F1: 0.3154

Epoch 1151, Train loss: C1:1.30e+01, C:2.70e-01
Epoch 1152, Train loss: C1:1.51e+01, C:2.66e-01
Epoch 1153, Train loss: C1:1.89e+01, C:2.71e-01
Epoch 1154, Train loss: C1:1.93e+01, C:2.69e-01
Epoch 1155, Train loss: C1:2.20e+01, C:2.68e-01
Epoch 1156, Train loss: C1:2.18e+01, C:2.68e-01
Epoch 1157, Train loss: C1:2.24e+01, C:2.64e-01
Epoch 1158, Train loss: C1:2.09e+01, C:2.64e-01
Epoch 1159, Train loss: C1:1.70e+01, C:2.67e-01
Epoch 1160, Train loss: C1:1.64e+01, C:2.65e-01
Epoch 1161, Train loss: C1:1.98e+01, C:2.67e-01
Epoch 1162, Train loss: C1:2.02e+01, C:2.66e-01
Epoch 1163, Train loss: C1:2.03e+01, C:2.67e-01
Epoch 1164, Train loss: C1:1.96e+01, C:2.66e-01
Epoch 1165, Train loss: C1:2.03e+01, C:2.68e-01
Epoch 1166, Train loss: C1:1.99e+01, C:2.66e-01
Epoch 1167, Train loss: C1:1.47e+01, C:2.67e-01
Epoch 1168, Train loss: C1:1.68e+01, C:2.65e-01
Epoch 1169, Train loss: C1:2.00e+01, C:2.62e-01
Epoch 1170, Train loss: C1:2.40e+01, C:2.65e-01
Epoch 1171, Train loss: C1:2.36e+01, C:2.68e-01
Epoch 1172, Train loss: C1:2.17e+01, C:2.71e-01
Epoch 1173, Train loss: C1:2.32e+01, C:2.67e-01
Epoch 1174, Train loss: C1:2.34e+01, C:2.65e-01
Epoch 1175, Train loss: C1:2.06e+01, C:2.63e-01
Epoch 1176, Train loss: C1:1.49e+01, C:2.65e-01
Epoch 1177, Train loss: C1:1.36e+01, C:2.77e-01
Epoch 1178, Train loss: C1:1.86e+01, C:2.70e-01
Epoch 1179, Train loss: C1:2.55e+01, C:2.74e-01
Epoch 1180, Train loss: C1:2.97e+01, C:2.73e-01
Epoch 1181, Train loss: C1:3.09e+01, C:2.71e-01
Epoch 1182, Train loss: C1:3.65e+01, C:2.63e-01
Epoch 1183, Train loss: C1:4.32e+01, C:2.67e-01
Epoch 1184, Train loss: C1:4.54e+01, C:2.63e-01
Epoch 1185, Train loss: C1:4.31e+01, C:2.63e-01
Epoch 1186, Train loss: C1:3.85e+01, C:2.69e-01
Epoch 1187, Train loss: C1:3.34e+01, C:2.65e-01
Epoch 1188, Train loss: C1:2.67e+01, C:2.67e-01
Epoch 1189, Train loss: C1:1.97e+01, C:2.67e-01
Epoch 1190, Train loss: C1:1.34e+01, C:2.65e-01
Epoch 1191, Train loss: C1:1.33e+01, C:2.65e-01
Epoch 1192, Train loss: C1:1.87e+01, C:2.64e-01
Epoch 1193, Train loss: C1:2.92e+01, C:2.70e-01
Epoch 1194, Train loss: C1:3.08e+01, C:2.64e-01
Epoch 1195, Train loss: C1:2.91e+01, C:2.66e-01
Epoch 1196, Train loss: C1:2.50e+01, C:2.64e-01
Epoch 1197, Train loss: C1:2.04e+01, C:2.68e-01
Epoch 1198, Train loss: C1:1.79e+01, C:2.72e-01
Epoch 1199, Train loss: C1:1.56e+01, C:2.72e-01
Epoch 1200, Train loss: C1:1.75e+01, C:2.73e-01

Test: Epoch 1200
Train Accuracy: 0.4772   Test ACC: 0.4837
Train F1: 0.3083         Test F1: 0.3154

Epoch 1201, Train loss: C1:1.93e+01, C:2.68e-01
Epoch 1202, Train loss: C1:2.19e+01, C:2.70e-01
Epoch 1203, Train loss: C1:2.02e+01, C:2.69e-01
Epoch 1204, Train loss: C1:1.71e+01, C:2.69e-01
Epoch 1205, Train loss: C1:1.69e+01, C:2.68e-01
Epoch 1206, Train loss: C1:1.63e+01, C:2.73e-01
Epoch 1207, Train loss: C1:1.87e+01, C:2.59e-01
Epoch 1208, Train loss: C1:2.52e+01, C:2.67e-01
Epoch 1209, Train loss: C1:4.16e+01, C:2.61e-01
Epoch 1210, Train loss: C1:5.55e+01, C:2.66e-01
Epoch 1211, Train loss: C1:6.50e+01, C:2.64e-01
Epoch 1212, Train loss: C1:7.25e+01, C:2.66e-01
Epoch 1213, Train loss: C1:7.52e+01, C:2.62e-01
Epoch 1214, Train loss: C1:6.51e+01, C:2.67e-01
Epoch 1215, Train loss: C1:4.54e+01, C:2.70e-01
Epoch 1216, Train loss: C1:2.72e+01, C:2.66e-01
Epoch 1217, Train loss: C1:1.89e+01, C:2.68e-01
Epoch 1218, Train loss: C1:2.78e+01, C:2.71e-01
Epoch 1219, Train loss: C1:4.32e+01, C:2.72e-01
Epoch 1220, Train loss: C1:5.70e+01, C:2.74e-01
Epoch 1221, Train loss: C1:6.12e+01, C:2.72e-01
Epoch 1222, Train loss: C1:5.29e+01, C:2.75e-01
Epoch 1223, Train loss: C1:4.21e+01, C:2.71e-01
Epoch 1224, Train loss: C1:3.96e+01, C:2.69e-01
Epoch 1225, Train loss: C1:4.54e+01, C:2.61e-01
Epoch 1226, Train loss: C1:6.03e+01, C:2.69e-01
Epoch 1227, Train loss: C1:8.11e+01, C:2.64e-01
Epoch 1228, Train loss: C1:1.04e+02, C:2.65e-01
Epoch 1229, Train loss: C1:1.24e+02, C:2.62e-01
Epoch 1230, Train loss: C1:1.38e+02, C:2.66e-01
Epoch 1231, Train loss: C1:1.43e+02, C:2.62e-01
Epoch 1232, Train loss: C1:1.44e+02, C:2.69e-01
Epoch 1233, Train loss: C1:1.47e+02, C:2.75e-01
Epoch 1234, Train loss: C1:1.49e+02, C:2.82e-01
Epoch 1235, Train loss: C1:1.51e+02, C:2.73e-01
Epoch 1236, Train loss: C1:1.46e+02, C:2.85e-01
Epoch 1237, Train loss: C1:1.34e+02, C:2.74e-01
Epoch 1238, Train loss: C1:1.18e+02, C:2.85e-01
Epoch 1239, Train loss: C1:1.01e+02, C:2.75e-01
Epoch 1240, Train loss: C1:1.00e+02, C:2.71e-01
Epoch 1241, Train loss: C1:1.19e+02, C:2.64e-01
Epoch 1242, Train loss: C1:1.25e+02, C:2.63e-01
Epoch 1243, Train loss: C1:1.11e+02, C:2.66e-01
Epoch 1244, Train loss: C1:8.41e+01, C:2.63e-01
Epoch 1245, Train loss: C1:6.39e+01, C:2.65e-01
Epoch 1246, Train loss: C1:5.71e+01, C:2.66e-01
Epoch 1247, Train loss: C1:6.00e+01, C:2.69e-01
Epoch 1248, Train loss: C1:6.23e+01, C:2.64e-01
Epoch 1249, Train loss: C1:5.90e+01, C:2.74e-01
Epoch 1250, Train loss: C1:5.71e+01, C:2.73e-01

Test: Epoch 1250
Train Accuracy: 0.4772   Test ACC: 0.4837
Train F1: 0.3083         Test F1: 0.3154

Epoch 1251, Train loss: C1:6.27e+01, C:2.82e-01
Epoch 1252, Train loss: C1:6.85e+01, C:2.72e-01
Epoch 1253, Train loss: C1:6.58e+01, C:2.82e-01
Epoch 1254, Train loss: C1:5.47e+01, C:2.70e-01
Epoch 1255, Train loss: C1:3.58e+01, C:2.71e-01
Epoch 1256, Train loss: C1:1.97e+01, C:2.67e-01
Epoch 1257, Train loss: C1:1.45e+01, C:2.59e-01
Epoch 1258, Train loss: C1:2.35e+01, C:2.70e-01
Epoch 1259, Train loss: C1:3.61e+01, C:2.70e-01
Epoch 1260, Train loss: C1:3.82e+01, C:2.76e-01
Epoch 1261, Train loss: C1:3.20e+01, C:2.68e-01
Epoch 1262, Train loss: C1:2.40e+01, C:2.70e-01
Epoch 1263, Train loss: C1:2.21e+01, C:2.62e-01
Epoch 1264, Train loss: C1:2.89e+01, C:2.68e-01
Epoch 1265, Train loss: C1:3.49e+01, C:2.67e-01
Epoch 1266, Train loss: C1:3.37e+01, C:2.67e-01
Epoch 1267, Train loss: C1:2.74e+01, C:2.68e-01
Epoch 1268, Train loss: C1:1.71e+01, C:2.68e-01
Epoch 1269, Train loss: C1:1.36e+01, C:2.66e-01
Epoch 1270, Train loss: C1:2.33e+01, C:2.69e-01
Epoch 1271, Train loss: C1:3.60e+01, C:2.68e-01
Epoch 1272, Train loss: C1:4.17e+01, C:2.73e-01
Epoch 1273, Train loss: C1:3.63e+01, C:2.68e-01
Epoch 1274, Train loss: C1:2.54e+01, C:2.72e-01
Epoch 1275, Train loss: C1:1.81e+01, C:2.64e-01
Epoch 1276, Train loss: C1:1.89e+01, C:2.67e-01
Epoch 1277, Train loss: C1:2.42e+01, C:2.67e-01
Epoch 1278, Train loss: C1:2.79e+01, C:2.67e-01
Epoch 1279, Train loss: C1:3.06e+01, C:2.66e-01
Epoch 1280, Train loss: C1:3.27e+01, C:2.61e-01
Epoch 1281, Train loss: C1:3.36e+01, C:2.63e-01
Epoch 1282, Train loss: C1:3.28e+01, C:2.70e-01
Epoch 1283, Train loss: C1:3.07e+01, C:2.66e-01
Epoch 1284, Train loss: C1:2.90e+01, C:2.70e-01
Epoch 1285, Train loss: C1:2.24e+01, C:2.71e-01
Epoch 1286, Train loss: C1:1.60e+01, C:2.68e-01
Epoch 1287, Train loss: C1:1.15e+01, C:2.65e-01
Epoch 1288, Train loss: C1:1.33e+01, C:2.65e-01
Epoch 1289, Train loss: C1:1.97e+01, C:2.67e-01
Epoch 1290, Train loss: C1:2.20e+01, C:2.62e-01
Epoch 1291, Train loss: C1:2.63e+01, C:2.66e-01
Epoch 1292, Train loss: C1:2.50e+01, C:2.63e-01
Epoch 1293, Train loss: C1:2.35e+01, C:2.63e-01
Epoch 1294, Train loss: C1:2.14e+01, C:2.64e-01
Epoch 1295, Train loss: C1:1.88e+01, C:2.65e-01
Epoch 1296, Train loss: C1:1.54e+01, C:2.70e-01
Epoch 1297, Train loss: C1:1.45e+01, C:2.71e-01
Epoch 1298, Train loss: C1:1.52e+01, C:2.70e-01
Epoch 1299, Train loss: C1:1.85e+01, C:2.72e-01
Epoch 1300, Train loss: C1:1.96e+01, C:2.69e-01

Test: Epoch 1300
Train Accuracy: 0.4772   Test ACC: 0.4837
Train F1: 0.3083         Test F1: 0.3154

Epoch 1301, Train loss: C1:2.59e+01, C:2.68e-01
Epoch 1302, Train loss: C1:3.58e+01, C:2.63e-01
Epoch 1303, Train loss: C1:5.24e+01, C:2.65e-01
Epoch 1304, Train loss: C1:7.23e+01, C:2.64e-01
Epoch 1305, Train loss: C1:8.65e+01, C:2.62e-01
Epoch 1306, Train loss: C1:8.74e+01, C:2.65e-01
Epoch 1307, Train loss: C1:8.33e+01, C:2.62e-01
Epoch 1308, Train loss: C1:8.45e+01, C:2.64e-01
Epoch 1309, Train loss: C1:8.53e+01, C:2.66e-01
Epoch 1310, Train loss: C1:7.44e+01, C:2.65e-01
Epoch 1311, Train loss: C1:5.65e+01, C:2.67e-01
Epoch 1312, Train loss: C1:4.05e+01, C:2.61e-01
Epoch 1313, Train loss: C1:3.51e+01, C:2.63e-01
Epoch 1314, Train loss: C1:3.11e+01, C:2.66e-01
Epoch 1315, Train loss: C1:2.39e+01, C:2.67e-01
Epoch 1316, Train loss: C1:1.61e+01, C:2.72e-01
Epoch 1317, Train loss: C1:1.21e+01, C:2.65e-01
Epoch 1318, Train loss: C1:1.36e+01, C:2.62e-01
Epoch 1319, Train loss: C1:2.29e+01, C:2.66e-01
Epoch 1320, Train loss: C1:3.81e+01, C:2.62e-01
Epoch 1321, Train loss: C1:5.49e+01, C:2.65e-01
Epoch 1322, Train loss: C1:6.71e+01, C:2.61e-01
Epoch 1323, Train loss: C1:7.15e+01, C:2.66e-01
Epoch 1324, Train loss: C1:7.07e+01, C:2.63e-01
Epoch 1325, Train loss: C1:6.38e+01, C:2.63e-01
Epoch 1326, Train loss: C1:5.36e+01, C:2.61e-01
Epoch 1327, Train loss: C1:3.91e+01, C:2.62e-01
Epoch 1328, Train loss: C1:2.62e+01, C:2.67e-01
Epoch 1329, Train loss: C1:1.78e+01, C:2.70e-01
Epoch 1330, Train loss: C1:1.37e+01, C:2.72e-01
Epoch 1331, Train loss: C1:1.43e+01, C:2.70e-01
Epoch 1332, Train loss: C1:1.62e+01, C:2.63e-01
Epoch 1333, Train loss: C1:1.93e+01, C:2.65e-01
Epoch 1334, Train loss: C1:2.55e+01, C:2.61e-01
Epoch 1335, Train loss: C1:3.05e+01, C:2.68e-01
Epoch 1336, Train loss: C1:3.60e+01, C:2.65e-01
Epoch 1337, Train loss: C1:4.03e+01, C:2.66e-01
Epoch 1338, Train loss: C1:4.43e+01, C:2.66e-01
Epoch 1339, Train loss: C1:5.10e+01, C:2.70e-01
Epoch 1340, Train loss: C1:5.24e+01, C:2.66e-01
Epoch 1341, Train loss: C1:5.13e+01, C:2.77e-01
Epoch 1342, Train loss: C1:4.99e+01, C:2.77e-01
Epoch 1343, Train loss: C1:5.04e+01, C:2.77e-01
Epoch 1344, Train loss: C1:5.10e+01, C:2.72e-01
Epoch 1345, Train loss: C1:5.70e+01, C:2.80e-01
Epoch 1346, Train loss: C1:6.95e+01, C:2.73e-01
Epoch 1347, Train loss: C1:8.79e+01, C:2.80e-01
Epoch 1348, Train loss: C1:1.11e+02, C:2.72e-01
Epoch 1349, Train loss: C1:1.42e+02, C:2.79e-01
Epoch 1350, Train loss: C1:1.83e+02, C:2.71e-01

Test: Epoch 1350
Train Accuracy: 0.4772   Test ACC: 0.4837
Train F1: 0.3083         Test F1: 0.3154

Epoch 1351, Train loss: C1:2.32e+02, C:2.79e-01
Epoch 1352, Train loss: C1:2.94e+02, C:2.71e-01
Epoch 1353, Train loss: C1:3.66e+02, C:2.79e-01
Epoch 1354, Train loss: C1:4.39e+02, C:2.71e-01
Epoch 1355, Train loss: C1:5.07e+02, C:2.79e-01
Epoch 1356, Train loss: C1:5.63e+02, C:2.70e-01
Epoch 1357, Train loss: C1:5.98e+02, C:2.80e-01
Epoch 1358, Train loss: C1:5.92e+02, C:2.70e-01
Epoch 1359, Train loss: C1:5.40e+02, C:2.80e-01
Epoch 1360, Train loss: C1:4.45e+02, C:2.70e-01
Epoch 1361, Train loss: C1:3.16e+02, C:2.82e-01
Epoch 1362, Train loss: C1:1.74e+02, C:2.74e-01
Epoch 1363, Train loss: C1:6.15e+01, C:2.67e-01
Epoch 1364, Train loss: C1:1.14e+01, C:2.73e-01
Epoch 1365, Train loss: C1:3.20e+01, C:2.69e-01
Epoch 1366, Train loss: C1:8.99e+01, C:2.82e-01
Epoch 1367, Train loss: C1:1.41e+02, C:2.69e-01
Epoch 1368, Train loss: C1:1.53e+02, C:2.80e-01
Epoch 1369, Train loss: C1:1.20e+02, C:2.69e-01
Epoch 1370, Train loss: C1:6.59e+01, C:2.67e-01
Epoch 1371, Train loss: C1:2.38e+01, C:2.71e-01
Epoch 1372, Train loss: C1:2.08e+01, C:2.69e-01
Epoch 1373, Train loss: C1:4.74e+01, C:2.76e-01
Epoch 1374, Train loss: C1:7.56e+01, C:2.71e-01
Epoch 1375, Train loss: C1:7.66e+01, C:2.74e-01
Epoch 1376, Train loss: C1:5.30e+01, C:2.68e-01
Epoch 1377, Train loss: C1:2.28e+01, C:2.65e-01
Epoch 1378, Train loss: C1:9.85e+00, C:2.68e-01
Epoch 1379, Train loss: C1:1.65e+01, C:2.64e-01
Epoch 1380, Train loss: C1:2.68e+01, C:2.72e-01
Epoch 1381, Train loss: C1:3.47e+01, C:2.61e-01
Epoch 1382, Train loss: C1:3.15e+01, C:2.68e-01
Epoch 1383, Train loss: C1:2.02e+01, C:2.65e-01
Epoch 1384, Train loss: C1:9.79e+00, C:2.68e-01
Epoch 1385, Train loss: C1:8.15e+00, C:2.69e-01
Epoch 1386, Train loss: C1:1.67e+01, C:2.66e-01
Epoch 1387, Train loss: C1:2.61e+01, C:2.70e-01
Epoch 1388, Train loss: C1:2.96e+01, C:2.62e-01
Epoch 1389, Train loss: C1:2.87e+01, C:2.69e-01
Epoch 1390, Train loss: C1:2.58e+01, C:2.63e-01
Epoch 1391, Train loss: C1:2.00e+01, C:2.63e-01
Epoch 1392, Train loss: C1:1.84e+01, C:2.68e-01
Epoch 1393, Train loss: C1:1.74e+01, C:2.64e-01
Epoch 1394, Train loss: C1:1.58e+01, C:2.69e-01
Epoch 1395, Train loss: C1:1.20e+01, C:2.65e-01
Epoch 1396, Train loss: C1:9.85e+00, C:2.65e-01
Epoch 1397, Train loss: C1:1.01e+01, C:2.66e-01
Epoch 1398, Train loss: C1:1.13e+01, C:2.65e-01
Epoch 1399, Train loss: C1:1.06e+01, C:2.69e-01
Epoch 1400, Train loss: C1:9.47e+00, C:2.69e-01

Test: Epoch 1400
Train Accuracy: 0.4772   Test ACC: 0.4837
Train F1: 0.3083         Test F1: 0.3154

Epoch 1401, Train loss: C1:7.83e+00, C:2.65e-01
Epoch 1402, Train loss: C1:9.19e+00, C:2.64e-01
Epoch 1403, Train loss: C1:1.02e+01, C:2.66e-01
Epoch 1404, Train loss: C1:1.24e+01, C:2.69e-01
Epoch 1405, Train loss: C1:1.46e+01, C:2.70e-01
Epoch 1406, Train loss: C1:1.43e+01, C:2.74e-01
Epoch 1407, Train loss: C1:1.19e+01, C:2.64e-01
Epoch 1408, Train loss: C1:1.18e+01, C:2.64e-01
Epoch 1409, Train loss: C1:1.81e+01, C:2.66e-01
Epoch 1410, Train loss: C1:2.65e+01, C:2.67e-01
Epoch 1411, Train loss: C1:2.90e+01, C:2.64e-01
Epoch 1412, Train loss: C1:2.77e+01, C:2.62e-01
Epoch 1413, Train loss: C1:2.20e+01, C:2.64e-01
Epoch 1414, Train loss: C1:1.51e+01, C:2.65e-01
Epoch 1415, Train loss: C1:1.13e+01, C:2.69e-01
Epoch 1416, Train loss: C1:1.48e+01, C:2.70e-01
Epoch 1417, Train loss: C1:2.36e+01, C:2.63e-01
Epoch 1418, Train loss: C1:3.63e+01, C:2.65e-01
Epoch 1419, Train loss: C1:4.55e+01, C:2.64e-01
Epoch 1420, Train loss: C1:4.46e+01, C:2.61e-01
Epoch 1421, Train loss: C1:3.51e+01, C:2.64e-01
Epoch 1422, Train loss: C1:2.59e+01, C:2.65e-01
Epoch 1423, Train loss: C1:1.78e+01, C:2.66e-01
Epoch 1424, Train loss: C1:1.27e+01, C:2.65e-01
Epoch 1425, Train loss: C1:1.09e+01, C:2.64e-01
Epoch 1426, Train loss: C1:1.03e+01, C:2.65e-01
Epoch 1427, Train loss: C1:1.01e+01, C:2.65e-01
Epoch 1428, Train loss: C1:1.11e+01, C:2.68e-01
Epoch 1429, Train loss: C1:1.24e+01, C:2.65e-01
Epoch 1430, Train loss: C1:1.06e+01, C:2.64e-01
Epoch 1431, Train loss: C1:1.19e+01, C:2.67e-01
Epoch 1432, Train loss: C1:1.50e+01, C:2.68e-01
Epoch 1433, Train loss: C1:1.56e+01, C:2.61e-01
Epoch 1434, Train loss: C1:1.69e+01, C:2.63e-01
Epoch 1435, Train loss: C1:1.79e+01, C:2.63e-01
Epoch 1436, Train loss: C1:2.02e+01, C:2.66e-01
Epoch 1437, Train loss: C1:2.17e+01, C:2.69e-01
Epoch 1438, Train loss: C1:1.98e+01, C:2.68e-01
Epoch 1439, Train loss: C1:1.76e+01, C:2.71e-01
Epoch 1440, Train loss: C1:1.47e+01, C:2.64e-01
Epoch 1441, Train loss: C1:1.37e+01, C:2.64e-01
Epoch 1442, Train loss: C1:1.45e+01, C:2.72e-01
Epoch 1443, Train loss: C1:1.61e+01, C:2.70e-01
Epoch 1444, Train loss: C1:1.66e+01, C:2.71e-01
Epoch 1445, Train loss: C1:1.60e+01, C:2.69e-01
Epoch 1446, Train loss: C1:1.49e+01, C:2.65e-01
Epoch 1447, Train loss: C1:1.38e+01, C:2.64e-01
Epoch 1448, Train loss: C1:1.45e+01, C:2.64e-01
Epoch 1449, Train loss: C1:1.67e+01, C:2.64e-01
Epoch 1450, Train loss: C1:2.00e+01, C:2.64e-01

Test: Epoch 1450
Train Accuracy: 0.4772   Test ACC: 0.4837
Train F1: 0.3083         Test F1: 0.3154

Epoch 1451, Train loss: C1:2.55e+01, C:2.64e-01
Epoch 1452, Train loss: C1:2.92e+01, C:2.61e-01
Epoch 1453, Train loss: C1:3.09e+01, C:2.63e-01
Epoch 1454, Train loss: C1:2.89e+01, C:2.62e-01
Epoch 1455, Train loss: C1:2.69e+01, C:2.65e-01
Epoch 1456, Train loss: C1:2.52e+01, C:2.65e-01
Epoch 1457, Train loss: C1:2.64e+01, C:2.62e-01
Epoch 1458, Train loss: C1:2.92e+01, C:2.63e-01
Epoch 1459, Train loss: C1:3.07e+01, C:2.63e-01
Epoch 1460, Train loss: C1:2.85e+01, C:2.67e-01
Epoch 1461, Train loss: C1:2.53e+01, C:2.64e-01
Epoch 1462, Train loss: C1:1.91e+01, C:2.67e-01
Epoch 1463, Train loss: C1:1.39e+01, C:2.63e-01
Epoch 1464, Train loss: C1:9.57e+00, C:2.64e-01
Epoch 1465, Train loss: C1:7.51e+00, C:2.68e-01
Epoch 1466, Train loss: C1:7.95e+00, C:2.64e-01
Epoch 1467, Train loss: C1:1.06e+01, C:2.65e-01
Epoch 1468, Train loss: C1:1.39e+01, C:2.63e-01
Epoch 1469, Train loss: C1:1.91e+01, C:2.66e-01
Epoch 1470, Train loss: C1:2.95e+01, C:2.64e-01
Epoch 1471, Train loss: C1:4.19e+01, C:2.65e-01
Epoch 1472, Train loss: C1:5.31e+01, C:2.61e-01
Epoch 1473, Train loss: C1:6.63e+01, C:2.61e-01
Epoch 1474, Train loss: C1:8.34e+01, C:2.61e-01
Epoch 1475, Train loss: C1:1.03e+02, C:2.65e-01
Epoch 1476, Train loss: C1:1.14e+02, C:2.63e-01
Epoch 1477, Train loss: C1:1.20e+02, C:2.64e-01
Epoch 1478, Train loss: C1:1.29e+02, C:2.62e-01
Epoch 1479, Train loss: C1:1.50e+02, C:2.64e-01
Epoch 1480, Train loss: C1:1.74e+02, C:2.62e-01
Epoch 1481, Train loss: C1:1.89e+02, C:2.63e-01
Epoch 1482, Train loss: C1:1.90e+02, C:2.62e-01
Epoch 1483, Train loss: C1:1.78e+02, C:2.66e-01
Epoch 1484, Train loss: C1:1.54e+02, C:2.62e-01
Epoch 1485, Train loss: C1:1.32e+02, C:2.65e-01
Epoch 1486, Train loss: C1:1.11e+02, C:2.64e-01
Epoch 1487, Train loss: C1:9.15e+01, C:2.66e-01
Epoch 1488, Train loss: C1:6.55e+01, C:2.64e-01
Epoch 1489, Train loss: C1:3.90e+01, C:2.69e-01
Epoch 1490, Train loss: C1:1.96e+01, C:2.70e-01
Epoch 1491, Train loss: C1:1.24e+01, C:2.63e-01
Epoch 1492, Train loss: C1:1.89e+01, C:2.64e-01
Epoch 1493, Train loss: C1:3.27e+01, C:2.60e-01
Epoch 1494, Train loss: C1:4.85e+01, C:2.65e-01
Epoch 1495, Train loss: C1:5.99e+01, C:2.61e-01
Epoch 1496, Train loss: C1:6.55e+01, C:2.65e-01
Epoch 1497, Train loss: C1:6.17e+01, C:2.63e-01
Epoch 1498, Train loss: C1:5.08e+01, C:2.64e-01
Epoch 1499, Train loss: C1:3.50e+01, C:2.63e-01
Epoch 1500, Train loss: C1:1.70e+01, C:2.65e-01

Test: Epoch 1500
Train Accuracy: 0.4772   Test ACC: 0.4837
Train F1: 0.3083         Test F1: 0.3154

Epoch 1501, Train loss: C1:7.42e+00, C:2.67e-01
Epoch 1502, Train loss: C1:1.22e+01, C:2.62e-01
Epoch 1503, Train loss: C1:2.94e+01, C:2.68e-01
Epoch 1504, Train loss: C1:4.92e+01, C:2.61e-01
Epoch 1505, Train loss: C1:6.18e+01, C:2.64e-01
Epoch 1506, Train loss: C1:5.98e+01, C:2.64e-01
Epoch 1507, Train loss: C1:4.62e+01, C:2.67e-01
Epoch 1508, Train loss: C1:3.05e+01, C:2.60e-01
Epoch 1509, Train loss: C1:1.59e+01, C:2.60e-01
Epoch 1510, Train loss: C1:7.93e+00, C:2.67e-01
Epoch 1511, Train loss: C1:1.02e+01, C:2.65e-01
Epoch 1512, Train loss: C1:1.58e+01, C:2.68e-01
Epoch 1513, Train loss: C1:1.93e+01, C:2.66e-01
Epoch 1514, Train loss: C1:1.86e+01, C:2.64e-01
Epoch 1515, Train loss: C1:1.48e+01, C:2.66e-01
Epoch 1516, Train loss: C1:1.02e+01, C:2.64e-01
Epoch 1517, Train loss: C1:7.78e+00, C:2.63e-01
Epoch 1518, Train loss: C1:8.87e+00, C:2.65e-01
Epoch 1519, Train loss: C1:1.34e+01, C:2.66e-01
Epoch 1520, Train loss: C1:1.75e+01, C:2.67e-01
Epoch 1521, Train loss: C1:1.93e+01, C:2.64e-01
Epoch 1522, Train loss: C1:1.97e+01, C:2.68e-01
Epoch 1523, Train loss: C1:1.79e+01, C:2.71e-01
Epoch 1524, Train loss: C1:1.69e+01, C:2.70e-01
Epoch 1525, Train loss: C1:1.59e+01, C:2.71e-01
Epoch 1526, Train loss: C1:1.44e+01, C:2.67e-01
Epoch 1527, Train loss: C1:1.28e+01, C:2.68e-01
Epoch 1528, Train loss: C1:1.01e+01, C:2.70e-01
Epoch 1529, Train loss: C1:6.92e+00, C:2.65e-01
Epoch 1530, Train loss: C1:6.31e+00, C:2.65e-01
Epoch 1531, Train loss: C1:7.70e+00, C:2.63e-01
Epoch 1532, Train loss: C1:1.21e+01, C:2.64e-01
Epoch 1533, Train loss: C1:1.49e+01, C:2.67e-01
Epoch 1534, Train loss: C1:1.79e+01, C:2.65e-01
Epoch 1535, Train loss: C1:2.13e+01, C:2.62e-01
Epoch 1536, Train loss: C1:2.41e+01, C:2.64e-01
Epoch 1537, Train loss: C1:2.58e+01, C:2.63e-01
Epoch 1538, Train loss: C1:2.62e+01, C:2.64e-01
Epoch 1539, Train loss: C1:2.44e+01, C:2.64e-01
Epoch 1540, Train loss: C1:2.14e+01, C:2.65e-01
Epoch 1541, Train loss: C1:1.80e+01, C:2.68e-01
Epoch 1542, Train loss: C1:1.25e+01, C:2.66e-01
Epoch 1543, Train loss: C1:8.96e+00, C:2.64e-01
Epoch 1544, Train loss: C1:6.65e+00, C:2.65e-01
Epoch 1545, Train loss: C1:6.55e+00, C:2.63e-01
Epoch 1546, Train loss: C1:9.71e+00, C:2.68e-01
Epoch 1547, Train loss: C1:1.37e+01, C:2.65e-01
Epoch 1548, Train loss: C1:1.54e+01, C:2.65e-01
Epoch 1549, Train loss: C1:1.49e+01, C:2.61e-01
Epoch 1550, Train loss: C1:1.29e+01, C:2.64e-01

Test: Epoch 1550
Train Accuracy: 0.4772   Test ACC: 0.4837
Train F1: 0.3083         Test F1: 0.3154

Epoch 1551, Train loss: C1:1.01e+01, C:2.65e-01
Epoch 1552, Train loss: C1:8.24e+00, C:2.65e-01
Epoch 1553, Train loss: C1:7.92e+00, C:2.68e-01
Epoch 1554, Train loss: C1:8.64e+00, C:2.68e-01
Epoch 1555, Train loss: C1:7.69e+00, C:2.70e-01
Epoch 1556, Train loss: C1:7.85e+00, C:2.70e-01
Epoch 1557, Train loss: C1:8.01e+00, C:2.68e-01
Epoch 1558, Train loss: C1:7.93e+00, C:2.64e-01
Epoch 1559, Train loss: C1:8.87e+00, C:2.61e-01
Epoch 1560, Train loss: C1:8.97e+00, C:2.63e-01
Epoch 1561, Train loss: C1:9.44e+00, C:2.64e-01
Epoch 1562, Train loss: C1:8.47e+00, C:2.63e-01
Epoch 1563, Train loss: C1:7.33e+00, C:2.68e-01
Epoch 1564, Train loss: C1:5.47e+00, C:2.65e-01
Epoch 1565, Train loss: C1:6.22e+00, C:2.64e-01
Epoch 1566, Train loss: C1:1.07e+01, C:2.62e-01
Epoch 1567, Train loss: C1:1.94e+01, C:2.66e-01
Epoch 1568, Train loss: C1:2.75e+01, C:2.61e-01
Epoch 1569, Train loss: C1:3.30e+01, C:2.64e-01
Epoch 1570, Train loss: C1:3.80e+01, C:2.64e-01
Epoch 1571, Train loss: C1:4.43e+01, C:2.65e-01
Epoch 1572, Train loss: C1:5.30e+01, C:2.61e-01
Epoch 1573, Train loss: C1:6.73e+01, C:2.63e-01
Epoch 1574, Train loss: C1:8.29e+01, C:2.62e-01
Epoch 1575, Train loss: C1:9.59e+01, C:2.65e-01
Epoch 1576, Train loss: C1:1.04e+02, C:2.63e-01
Epoch 1577, Train loss: C1:1.10e+02, C:2.65e-01
Epoch 1578, Train loss: C1:1.20e+02, C:2.62e-01
Epoch 1579, Train loss: C1:1.40e+02, C:2.65e-01
Epoch 1580, Train loss: C1:1.61e+02, C:2.62e-01
Epoch 1581, Train loss: C1:1.77e+02, C:2.65e-01
Epoch 1582, Train loss: C1:1.88e+02, C:2.63e-01
Epoch 1583, Train loss: C1:2.05e+02, C:2.64e-01
Epoch 1584, Train loss: C1:2.24e+02, C:2.62e-01
Epoch 1585, Train loss: C1:2.37e+02, C:2.64e-01
Epoch 1586, Train loss: C1:2.28e+02, C:2.62e-01
Epoch 1587, Train loss: C1:1.99e+02, C:2.64e-01
Epoch 1588, Train loss: C1:1.53e+02, C:2.62e-01
Epoch 1589, Train loss: C1:1.06e+02, C:2.66e-01
Epoch 1590, Train loss: C1:6.61e+01, C:2.63e-01
Epoch 1591, Train loss: C1:3.84e+01, C:2.67e-01
Epoch 1592, Train loss: C1:2.23e+01, C:2.65e-01
Epoch 1593, Train loss: C1:1.95e+01, C:2.69e-01
Epoch 1594, Train loss: C1:3.01e+01, C:2.65e-01
Epoch 1595, Train loss: C1:4.87e+01, C:2.63e-01
Epoch 1596, Train loss: C1:7.29e+01, C:2.63e-01
Epoch 1597, Train loss: C1:9.33e+01, C:2.63e-01
Epoch 1598, Train loss: C1:1.00e+02, C:2.64e-01
Epoch 1599, Train loss: C1:9.65e+01, C:2.61e-01
Epoch 1600, Train loss: C1:8.62e+01, C:2.64e-01

Test: Epoch 1600
Train Accuracy: 0.4772   Test ACC: 0.4837
Train F1: 0.3083         Test F1: 0.3154

Epoch 1601, Train loss: C1:6.85e+01, C:2.62e-01
Epoch 1602, Train loss: C1:4.55e+01, C:2.64e-01
Epoch 1603, Train loss: C1:2.57e+01, C:2.71e-01
Epoch 1604, Train loss: C1:1.75e+01, C:2.69e-01
Epoch 1605, Train loss: C1:2.02e+01, C:2.67e-01
Epoch 1606, Train loss: C1:2.63e+01, C:2.64e-01
Epoch 1607, Train loss: C1:3.07e+01, C:2.62e-01
Epoch 1608, Train loss: C1:2.89e+01, C:2.63e-01
Epoch 1609, Train loss: C1:2.13e+01, C:2.64e-01
Epoch 1610, Train loss: C1:1.28e+01, C:2.67e-01
Epoch 1611, Train loss: C1:7.11e+00, C:2.65e-01
Epoch 1612, Train loss: C1:6.87e+00, C:2.66e-01
Epoch 1613, Train loss: C1:1.01e+01, C:2.65e-01
Epoch 1614, Train loss: C1:1.33e+01, C:2.63e-01
Epoch 1615, Train loss: C1:1.49e+01, C:2.66e-01
Epoch 1616, Train loss: C1:1.41e+01, C:2.68e-01
Epoch 1617, Train loss: C1:1.23e+01, C:2.65e-01
Epoch 1618, Train loss: C1:9.32e+00, C:2.69e-01
Epoch 1619, Train loss: C1:7.26e+00, C:2.66e-01
Epoch 1620, Train loss: C1:5.56e+00, C:2.64e-01
Epoch 1621, Train loss: C1:4.80e+00, C:2.67e-01
Epoch 1622, Train loss: C1:5.86e+00, C:2.65e-01
Epoch 1623, Train loss: C1:8.40e+00, C:2.62e-01
Epoch 1624, Train loss: C1:1.48e+01, C:2.63e-01
Epoch 1625, Train loss: C1:2.52e+01, C:2.62e-01
Epoch 1626, Train loss: C1:3.39e+01, C:2.63e-01
Epoch 1627, Train loss: C1:3.67e+01, C:2.66e-01
Epoch 1628, Train loss: C1:3.40e+01, C:2.63e-01
Epoch 1629, Train loss: C1:2.78e+01, C:2.63e-01
Epoch 1630, Train loss: C1:2.01e+01, C:2.64e-01
Epoch 1631, Train loss: C1:1.39e+01, C:2.64e-01
Epoch 1632, Train loss: C1:1.08e+01, C:2.66e-01
Epoch 1633, Train loss: C1:8.42e+00, C:2.65e-01
Epoch 1634, Train loss: C1:7.75e+00, C:2.67e-01
Epoch 1635, Train loss: C1:7.89e+00, C:2.72e-01
Epoch 1636, Train loss: C1:1.12e+01, C:2.70e-01
Epoch 1637, Train loss: C1:1.35e+01, C:2.70e-01
Epoch 1638, Train loss: C1:1.46e+01, C:2.71e-01
Epoch 1639, Train loss: C1:1.58e+01, C:2.70e-01
Epoch 1640, Train loss: C1:1.60e+01, C:2.69e-01
Epoch 1641, Train loss: C1:1.49e+01, C:2.68e-01
Epoch 1642, Train loss: C1:1.33e+01, C:2.68e-01
Epoch 1643, Train loss: C1:1.27e+01, C:2.66e-01
Epoch 1644, Train loss: C1:1.26e+01, C:2.61e-01
Epoch 1645, Train loss: C1:1.35e+01, C:2.63e-01
Epoch 1646, Train loss: C1:1.69e+01, C:2.61e-01
Epoch 1647, Train loss: C1:2.10e+01, C:2.67e-01
Epoch 1648, Train loss: C1:2.18e+01, C:2.62e-01
Epoch 1649, Train loss: C1:1.87e+01, C:2.65e-01
Epoch 1650, Train loss: C1:1.64e+01, C:2.62e-01

Test: Epoch 1650
Train Accuracy: 0.4772   Test ACC: 0.4837
Train F1: 0.3083         Test F1: 0.3154

Epoch 1651, Train loss: C1:1.48e+01, C:2.64e-01
Epoch 1652, Train loss: C1:1.56e+01, C:2.63e-01
Epoch 1653, Train loss: C1:1.52e+01, C:2.65e-01
Epoch 1654, Train loss: C1:1.43e+01, C:2.63e-01
Epoch 1655, Train loss: C1:1.45e+01, C:2.68e-01
Epoch 1656, Train loss: C1:1.50e+01, C:2.67e-01
Epoch 1657, Train loss: C1:1.52e+01, C:2.66e-01
Epoch 1658, Train loss: C1:1.29e+01, C:2.64e-01
Epoch 1659, Train loss: C1:1.09e+01, C:2.65e-01
Epoch 1660, Train loss: C1:1.02e+01, C:2.67e-01
Epoch 1661, Train loss: C1:1.06e+01, C:2.65e-01
Epoch 1662, Train loss: C1:1.10e+01, C:2.63e-01
Epoch 1663, Train loss: C1:1.13e+01, C:2.65e-01
Epoch 1664, Train loss: C1:1.18e+01, C:2.69e-01
Epoch 1665, Train loss: C1:1.26e+01, C:2.67e-01
Epoch 1666, Train loss: C1:1.29e+01, C:2.62e-01
Epoch 1667, Train loss: C1:1.51e+01, C:2.66e-01
Epoch 1668, Train loss: C1:1.80e+01, C:2.65e-01
Epoch 1669, Train loss: C1:2.08e+01, C:2.65e-01
Epoch 1670, Train loss: C1:2.12e+01, C:2.64e-01
Epoch 1671, Train loss: C1:1.86e+01, C:2.65e-01
Epoch 1672, Train loss: C1:1.52e+01, C:2.64e-01
Epoch 1673, Train loss: C1:1.17e+01, C:2.64e-01
Epoch 1674, Train loss: C1:9.75e+00, C:2.64e-01
Epoch 1675, Train loss: C1:8.61e+00, C:2.61e-01
Epoch 1676, Train loss: C1:8.53e+00, C:2.63e-01
Epoch 1677, Train loss: C1:1.15e+01, C:2.62e-01
Epoch 1678, Train loss: C1:1.62e+01, C:2.64e-01
Epoch 1679, Train loss: C1:2.24e+01, C:2.60e-01
Epoch 1680, Train loss: C1:3.10e+01, C:2.64e-01
Epoch 1681, Train loss: C1:4.14e+01, C:2.61e-01
Epoch 1682, Train loss: C1:5.19e+01, C:2.64e-01
Epoch 1683, Train loss: C1:6.42e+01, C:2.63e-01
Epoch 1684, Train loss: C1:7.86e+01, C:2.64e-01
Epoch 1685, Train loss: C1:9.73e+01, C:2.62e-01
Epoch 1686, Train loss: C1:1.22e+02, C:2.64e-01
Epoch 1687, Train loss: C1:1.52e+02, C:2.63e-01
Epoch 1688, Train loss: C1:1.87e+02, C:2.65e-01
Epoch 1689, Train loss: C1:2.21e+02, C:2.62e-01
Epoch 1690, Train loss: C1:2.54e+02, C:2.64e-01
Epoch 1691, Train loss: C1:2.80e+02, C:2.63e-01
Epoch 1692, Train loss: C1:3.11e+02, C:2.65e-01
Epoch 1693, Train loss: C1:3.40e+02, C:2.63e-01
Epoch 1694, Train loss: C1:3.69e+02, C:2.64e-01
Epoch 1695, Train loss: C1:3.81e+02, C:2.62e-01
Epoch 1696, Train loss: C1:3.81e+02, C:2.64e-01
Epoch 1697, Train loss: C1:3.55e+02, C:2.61e-01
Epoch 1698, Train loss: C1:3.19e+02, C:2.70e-01
Epoch 1699, Train loss: C1:2.76e+02, C:2.69e-01
Epoch 1700, Train loss: C1:2.42e+02, C:2.75e-01

Test: Epoch 1700
Train Accuracy: 0.4772   Test ACC: 0.4837
Train F1: 0.3083         Test F1: 0.3154

Epoch 1701, Train loss: C1:2.10e+02, C:2.70e-01
Epoch 1702, Train loss: C1:1.78e+02, C:2.73e-01
Epoch 1703, Train loss: C1:1.49e+02, C:2.66e-01
Epoch 1704, Train loss: C1:1.15e+02, C:2.63e-01
Epoch 1705, Train loss: C1:7.58e+01, C:2.63e-01
Epoch 1706, Train loss: C1:4.34e+01, C:2.64e-01
Epoch 1707, Train loss: C1:2.61e+01, C:2.68e-01
Epoch 1708, Train loss: C1:2.54e+01, C:2.70e-01
Epoch 1709, Train loss: C1:3.52e+01, C:2.73e-01
Epoch 1710, Train loss: C1:4.41e+01, C:2.64e-01
Epoch 1711, Train loss: C1:4.44e+01, C:2.66e-01
Epoch 1712, Train loss: C1:3.53e+01, C:2.63e-01
Epoch 1713, Train loss: C1:2.17e+01, C:2.61e-01
Epoch 1714, Train loss: C1:1.14e+01, C:2.66e-01
Epoch 1715, Train loss: C1:8.00e+00, C:2.67e-01
Epoch 1716, Train loss: C1:1.27e+01, C:2.72e-01
Epoch 1717, Train loss: C1:2.14e+01, C:2.65e-01
Epoch 1718, Train loss: C1:2.90e+01, C:2.66e-01
Epoch 1719, Train loss: C1:2.94e+01, C:2.63e-01
Epoch 1720, Train loss: C1:2.15e+01, C:2.69e-01
Epoch 1721, Train loss: C1:1.08e+01, C:2.65e-01
Epoch 1722, Train loss: C1:5.15e+00, C:2.67e-01
Epoch 1723, Train loss: C1:6.03e+00, C:2.68e-01
Epoch 1724, Train loss: C1:9.75e+00, C:2.69e-01
Epoch 1725, Train loss: C1:1.37e+01, C:2.71e-01
Epoch 1726, Train loss: C1:1.37e+01, C:2.68e-01
Epoch 1727, Train loss: C1:1.08e+01, C:2.65e-01
Epoch 1728, Train loss: C1:7.30e+00, C:2.63e-01
Epoch 1729, Train loss: C1:6.92e+00, C:2.62e-01
Epoch 1730, Train loss: C1:6.79e+00, C:2.64e-01
Epoch 1731, Train loss: C1:7.34e+00, C:2.67e-01
Epoch 1732, Train loss: C1:7.56e+00, C:2.69e-01
Epoch 1733, Train loss: C1:8.07e+00, C:2.69e-01
Epoch 1734, Train loss: C1:7.99e+00, C:2.66e-01
Epoch 1735, Train loss: C1:8.37e+00, C:2.65e-01
Epoch 1736, Train loss: C1:7.01e+00, C:2.61e-01
Epoch 1737, Train loss: C1:5.76e+00, C:2.61e-01
Epoch 1738, Train loss: C1:4.83e+00, C:2.63e-01
Epoch 1739, Train loss: C1:4.23e+00, C:2.66e-01
Epoch 1740, Train loss: C1:4.37e+00, C:2.63e-01
Epoch 1741, Train loss: C1:3.71e+00, C:2.65e-01
Epoch 1742, Train loss: C1:4.56e+00, C:2.65e-01
Epoch 1743, Train loss: C1:4.72e+00, C:2.64e-01
Epoch 1744, Train loss: C1:4.35e+00, C:2.66e-01
Epoch 1745, Train loss: C1:4.63e+00, C:2.64e-01
Epoch 1746, Train loss: C1:4.83e+00, C:2.65e-01
Epoch 1747, Train loss: C1:4.67e+00, C:2.63e-01
Epoch 1748, Train loss: C1:3.78e+00, C:2.64e-01
Epoch 1749, Train loss: C1:3.45e+00, C:2.68e-01
Epoch 1750, Train loss: C1:4.41e+00, C:2.63e-01

Test: Epoch 1750
Train Accuracy: 0.4772   Test ACC: 0.4837
Train F1: 0.3083         Test F1: 0.3154

Epoch 1751, Train loss: C1:6.50e+00, C:2.66e-01
Epoch 1752, Train loss: C1:7.96e+00, C:2.63e-01
Epoch 1753, Train loss: C1:7.41e+00, C:2.61e-01
Epoch 1754, Train loss: C1:5.76e+00, C:2.66e-01
Epoch 1755, Train loss: C1:4.53e+00, C:2.64e-01
Epoch 1756, Train loss: C1:4.91e+00, C:2.64e-01
Epoch 1757, Train loss: C1:5.29e+00, C:2.64e-01
Epoch 1758, Train loss: C1:5.88e+00, C:2.64e-01
Epoch 1759, Train loss: C1:5.04e+00, C:2.62e-01
Epoch 1760, Train loss: C1:4.68e+00, C:2.63e-01
Epoch 1761, Train loss: C1:4.69e+00, C:2.65e-01
Epoch 1762, Train loss: C1:6.91e+00, C:2.65e-01
Epoch 1763, Train loss: C1:1.04e+01, C:2.66e-01
Epoch 1764, Train loss: C1:1.42e+01, C:2.71e-01
Epoch 1765, Train loss: C1:1.58e+01, C:2.65e-01
Epoch 1766, Train loss: C1:1.41e+01, C:2.67e-01
Epoch 1767, Train loss: C1:1.10e+01, C:2.64e-01
Epoch 1768, Train loss: C1:7.82e+00, C:2.65e-01
Epoch 1769, Train loss: C1:5.71e+00, C:2.64e-01
Epoch 1770, Train loss: C1:5.65e+00, C:2.65e-01
Epoch 1771, Train loss: C1:5.66e+00, C:2.66e-01
Epoch 1772, Train loss: C1:6.88e+00, C:2.64e-01
Epoch 1773, Train loss: C1:8.04e+00, C:2.68e-01
Epoch 1774, Train loss: C1:9.41e+00, C:2.62e-01
Epoch 1775, Train loss: C1:9.94e+00, C:2.62e-01
Epoch 1776, Train loss: C1:9.63e+00, C:2.65e-01
Epoch 1777, Train loss: C1:8.96e+00, C:2.63e-01
Epoch 1778, Train loss: C1:7.90e+00, C:2.65e-01
Epoch 1779, Train loss: C1:7.07e+00, C:2.66e-01
Epoch 1780, Train loss: C1:6.34e+00, C:2.67e-01
Epoch 1781, Train loss: C1:5.82e+00, C:2.65e-01
Epoch 1782, Train loss: C1:5.48e+00, C:2.67e-01
Epoch 1783, Train loss: C1:4.93e+00, C:2.68e-01
Epoch 1784, Train loss: C1:4.53e+00, C:2.66e-01
Epoch 1785, Train loss: C1:4.07e+00, C:2.63e-01
Epoch 1786, Train loss: C1:4.27e+00, C:2.66e-01
Epoch 1787, Train loss: C1:3.86e+00, C:2.65e-01
Epoch 1788, Train loss: C1:3.97e+00, C:2.64e-01
Epoch 1789, Train loss: C1:4.21e+00, C:2.64e-01
Epoch 1790, Train loss: C1:5.04e+00, C:2.65e-01
Epoch 1791, Train loss: C1:6.06e+00, C:2.62e-01
Epoch 1792, Train loss: C1:5.99e+00, C:2.62e-01
Epoch 1793, Train loss: C1:5.18e+00, C:2.64e-01
Epoch 1794, Train loss: C1:4.87e+00, C:2.63e-01
Epoch 1795, Train loss: C1:4.84e+00, C:2.64e-01
Epoch 1796, Train loss: C1:6.00e+00, C:2.63e-01
Epoch 1797, Train loss: C1:7.09e+00, C:2.62e-01
Epoch 1798, Train loss: C1:7.23e+00, C:2.63e-01
Epoch 1799, Train loss: C1:8.03e+00, C:2.65e-01
Epoch 1800, Train loss: C1:8.75e+00, C:2.64e-01

Test: Epoch 1800
Train Accuracy: 0.4772   Test ACC: 0.4837
Train F1: 0.3083         Test F1: 0.3154

Epoch 1801, Train loss: C1:1.04e+01, C:2.68e-01
Epoch 1802, Train loss: C1:1.27e+01, C:2.63e-01
Epoch 1803, Train loss: C1:1.42e+01, C:2.63e-01
Epoch 1804, Train loss: C1:1.45e+01, C:2.61e-01
Epoch 1805, Train loss: C1:1.66e+01, C:2.64e-01
Epoch 1806, Train loss: C1:2.04e+01, C:2.62e-01
Epoch 1807, Train loss: C1:2.53e+01, C:2.64e-01
Epoch 1808, Train loss: C1:3.00e+01, C:2.63e-01
Epoch 1809, Train loss: C1:3.76e+01, C:2.64e-01
Epoch 1810, Train loss: C1:5.08e+01, C:2.61e-01
Epoch 1811, Train loss: C1:6.98e+01, C:2.64e-01
Epoch 1812, Train loss: C1:8.97e+01, C:2.63e-01
Epoch 1813, Train loss: C1:1.09e+02, C:2.64e-01
Epoch 1814, Train loss: C1:1.26e+02, C:2.63e-01
Epoch 1815, Train loss: C1:1.40e+02, C:2.64e-01
Epoch 1816, Train loss: C1:1.50e+02, C:2.62e-01
Epoch 1817, Train loss: C1:1.59e+02, C:2.64e-01
Epoch 1818, Train loss: C1:1.64e+02, C:2.63e-01
Epoch 1819, Train loss: C1:1.63e+02, C:2.65e-01
Epoch 1820, Train loss: C1:1.49e+02, C:2.62e-01
Epoch 1821, Train loss: C1:1.23e+02, C:2.64e-01
Epoch 1822, Train loss: C1:9.05e+01, C:2.62e-01
Epoch 1823, Train loss: C1:6.14e+01, C:2.68e-01
Epoch 1824, Train loss: C1:3.65e+01, C:2.66e-01
Epoch 1825, Train loss: C1:1.84e+01, C:2.66e-01
Epoch 1826, Train loss: C1:8.94e+00, C:2.66e-01
Epoch 1827, Train loss: C1:5.50e+00, C:2.65e-01
Epoch 1828, Train loss: C1:8.37e+00, C:2.65e-01
Epoch 1829, Train loss: C1:1.56e+01, C:2.63e-01
Epoch 1830, Train loss: C1:2.35e+01, C:2.65e-01
Epoch 1831, Train loss: C1:2.73e+01, C:2.64e-01
Epoch 1832, Train loss: C1:2.51e+01, C:2.62e-01
Epoch 1833, Train loss: C1:1.97e+01, C:2.62e-01
Epoch 1834, Train loss: C1:1.36e+01, C:2.63e-01
Epoch 1835, Train loss: C1:8.74e+00, C:2.64e-01
Epoch 1836, Train loss: C1:7.78e+00, C:2.67e-01
Epoch 1837, Train loss: C1:9.64e+00, C:2.64e-01
Epoch 1838, Train loss: C1:1.38e+01, C:2.62e-01
Epoch 1839, Train loss: C1:1.92e+01, C:2.65e-01
Epoch 1840, Train loss: C1:2.41e+01, C:2.63e-01
Epoch 1841, Train loss: C1:2.67e+01, C:2.66e-01
Epoch 1842, Train loss: C1:2.82e+01, C:2.63e-01
Epoch 1843, Train loss: C1:2.63e+01, C:2.61e-01
Epoch 1844, Train loss: C1:1.94e+01, C:2.63e-01
Epoch 1845, Train loss: C1:1.10e+01, C:2.63e-01
Epoch 1846, Train loss: C1:6.52e+00, C:2.64e-01
Epoch 1847, Train loss: C1:5.85e+00, C:2.64e-01
Epoch 1848, Train loss: C1:7.85e+00, C:2.64e-01
Epoch 1849, Train loss: C1:1.05e+01, C:2.66e-01
Epoch 1850, Train loss: C1:1.32e+01, C:2.65e-01

Test: Epoch 1850
Train Accuracy: 0.4772   Test ACC: 0.4837
Train F1: 0.3083         Test F1: 0.3154

Epoch 1851, Train loss: C1:1.34e+01, C:2.62e-01
Epoch 1852, Train loss: C1:1.16e+01, C:2.63e-01
Epoch 1853, Train loss: C1:8.74e+00, C:2.61e-01
Epoch 1854, Train loss: C1:7.55e+00, C:2.62e-01
Epoch 1855, Train loss: C1:7.01e+00, C:2.63e-01
Epoch 1856, Train loss: C1:6.45e+00, C:2.62e-01
Epoch 1857, Train loss: C1:5.17e+00, C:2.63e-01
Epoch 1858, Train loss: C1:3.44e+00, C:2.65e-01
Epoch 1859, Train loss: C1:3.71e+00, C:2.61e-01
Epoch 1860, Train loss: C1:6.79e+00, C:2.61e-01
Epoch 1861, Train loss: C1:1.23e+01, C:2.65e-01
Epoch 1862, Train loss: C1:1.60e+01, C:2.64e-01
Epoch 1863, Train loss: C1:1.65e+01, C:2.65e-01
Epoch 1864, Train loss: C1:1.41e+01, C:2.64e-01
Epoch 1865, Train loss: C1:1.10e+01, C:2.63e-01
Epoch 1866, Train loss: C1:8.27e+00, C:2.62e-01
Epoch 1867, Train loss: C1:6.12e+00, C:2.62e-01
Epoch 1868, Train loss: C1:5.16e+00, C:2.66e-01
Epoch 1869, Train loss: C1:4.10e+00, C:2.64e-01
Epoch 1870, Train loss: C1:4.14e+00, C:2.64e-01
Epoch 1871, Train loss: C1:5.06e+00, C:2.68e-01
Epoch 1872, Train loss: C1:6.17e+00, C:2.65e-01
Epoch 1873, Train loss: C1:6.60e+00, C:2.66e-01
Epoch 1874, Train loss: C1:5.66e+00, C:2.66e-01
Epoch 1875, Train loss: C1:4.05e+00, C:2.66e-01
Epoch 1876, Train loss: C1:3.78e+00, C:2.63e-01
Epoch 1877, Train loss: C1:4.71e+00, C:2.63e-01
Epoch 1878, Train loss: C1:6.03e+00, C:2.64e-01
Epoch 1879, Train loss: C1:7.34e+00, C:2.63e-01
Epoch 1880, Train loss: C1:9.36e+00, C:2.64e-01
Epoch 1881, Train loss: C1:1.09e+01, C:2.63e-01
Epoch 1882, Train loss: C1:1.19e+01, C:2.65e-01
Epoch 1883, Train loss: C1:1.30e+01, C:2.67e-01
Epoch 1884, Train loss: C1:1.49e+01, C:2.69e-01
Epoch 1885, Train loss: C1:1.93e+01, C:2.71e-01
Epoch 1886, Train loss: C1:2.62e+01, C:2.73e-01
Epoch 1887, Train loss: C1:3.59e+01, C:2.68e-01
Epoch 1888, Train loss: C1:4.81e+01, C:2.74e-01
Epoch 1889, Train loss: C1:6.47e+01, C:2.67e-01
Epoch 1890, Train loss: C1:8.69e+01, C:2.72e-01
Epoch 1891, Train loss: C1:1.18e+02, C:2.67e-01
Epoch 1892, Train loss: C1:1.62e+02, C:2.72e-01
Epoch 1893, Train loss: C1:2.26e+02, C:2.67e-01
Epoch 1894, Train loss: C1:3.18e+02, C:2.74e-01
Epoch 1895, Train loss: C1:4.38e+02, C:2.67e-01
Epoch 1896, Train loss: C1:5.81e+02, C:2.72e-01
Epoch 1897, Train loss: C1:7.31e+02, C:2.66e-01
Epoch 1898, Train loss: C1:8.68e+02, C:2.71e-01
Epoch 1899, Train loss: C1:9.44e+02, C:2.67e-01
Epoch 1900, Train loss: C1:9.21e+02, C:2.71e-01

Test: Epoch 1900
Train Accuracy: 0.4772   Test ACC: 0.4837
Train F1: 0.3083         Test F1: 0.3154

Epoch 1901, Train loss: C1:7.67e+02, C:2.66e-01
Epoch 1902, Train loss: C1:5.16e+02, C:2.73e-01
Epoch 1903, Train loss: C1:2.39e+02, C:2.66e-01
Epoch 1904, Train loss: C1:4.54e+01, C:2.63e-01
Epoch 1905, Train loss: C1:1.44e+01, C:2.71e-01
Epoch 1906, Train loss: C1:1.20e+02, C:2.66e-01
Epoch 1907, Train loss: C1:2.40e+02, C:2.72e-01
Epoch 1908, Train loss: C1:2.53e+02, C:2.66e-01
Epoch 1909, Train loss: C1:1.50e+02, C:2.73e-01
Epoch 1910, Train loss: C1:3.37e+01, C:2.64e-01
Epoch 1911, Train loss: C1:9.16e+00, C:2.67e-01
Epoch 1912, Train loss: C1:7.55e+01, C:2.72e-01
Epoch 1913, Train loss: C1:1.37e+02, C:2.66e-01
Epoch 1914, Train loss: C1:1.15e+02, C:2.73e-01
Epoch 1915, Train loss: C1:3.93e+01, C:2.61e-01
Epoch 1916, Train loss: C1:5.34e+00, C:2.66e-01
Epoch 1917, Train loss: C1:4.33e+01, C:2.74e-01
Epoch 1918, Train loss: C1:8.71e+01, C:2.66e-01
Epoch 1919, Train loss: C1:7.38e+01, C:2.67e-01
Epoch 1920, Train loss: C1:2.48e+01, C:2.62e-01
Epoch 1921, Train loss: C1:4.37e+00, C:2.67e-01
Epoch 1922, Train loss: C1:3.04e+01, C:2.71e-01
Epoch 1923, Train loss: C1:5.36e+01, C:2.64e-01
Epoch 1924, Train loss: C1:3.65e+01, C:2.64e-01
Epoch 1925, Train loss: C1:7.45e+00, C:2.68e-01
Epoch 1926, Train loss: C1:9.22e+00, C:2.68e-01
Epoch 1927, Train loss: C1:3.28e+01, C:2.70e-01
Epoch 1928, Train loss: C1:3.83e+01, C:2.65e-01
Epoch 1929, Train loss: C1:1.92e+01, C:2.62e-01
Epoch 1930, Train loss: C1:5.01e+00, C:2.69e-01
Epoch 1931, Train loss: C1:1.29e+01, C:2.65e-01
Epoch 1932, Train loss: C1:2.89e+01, C:2.70e-01
Epoch 1933, Train loss: C1:2.83e+01, C:2.65e-01
Epoch 1934, Train loss: C1:1.29e+01, C:2.63e-01
Epoch 1935, Train loss: C1:4.69e+00, C:2.67e-01
Epoch 1936, Train loss: C1:1.39e+01, C:2.64e-01
Epoch 1937, Train loss: C1:2.24e+01, C:2.68e-01
Epoch 1938, Train loss: C1:1.66e+01, C:2.61e-01
Epoch 1939, Train loss: C1:6.32e+00, C:2.64e-01
Epoch 1940, Train loss: C1:6.41e+00, C:2.66e-01
Epoch 1941, Train loss: C1:1.39e+01, C:2.64e-01
Epoch 1942, Train loss: C1:1.69e+01, C:2.63e-01
Epoch 1943, Train loss: C1:1.13e+01, C:2.66e-01
Epoch 1944, Train loss: C1:4.71e+00, C:2.68e-01
Epoch 1945, Train loss: C1:5.88e+00, C:2.68e-01
Epoch 1946, Train loss: C1:1.07e+01, C:2.65e-01
Epoch 1947, Train loss: C1:1.07e+01, C:2.66e-01
Epoch 1948, Train loss: C1:5.63e+00, C:2.64e-01
Epoch 1949, Train loss: C1:2.93e+00, C:2.66e-01
Epoch 1950, Train loss: C1:5.71e+00, C:2.68e-01

Test: Epoch 1950
Train Accuracy: 0.4772   Test ACC: 0.4837
Train F1: 0.3083         Test F1: 0.3154

Epoch 1951, Train loss: C1:8.73e+00, C:2.65e-01
Epoch 1952, Train loss: C1:7.77e+00, C:2.65e-01
Epoch 1953, Train loss: C1:4.72e+00, C:2.62e-01
Epoch 1954, Train loss: C1:3.12e+00, C:2.63e-01
Epoch 1955, Train loss: C1:4.79e+00, C:2.67e-01
Epoch 1956, Train loss: C1:6.97e+00, C:2.67e-01
Epoch 1957, Train loss: C1:6.42e+00, C:2.64e-01
Epoch 1958, Train loss: C1:4.17e+00, C:2.66e-01
Epoch 1959, Train loss: C1:3.91e+00, C:2.63e-01
Epoch 1960, Train loss: C1:6.04e+00, C:2.67e-01
Epoch 1961, Train loss: C1:6.90e+00, C:2.63e-01
Epoch 1962, Train loss: C1:5.57e+00, C:2.62e-01
Epoch 1963, Train loss: C1:3.41e+00, C:2.62e-01
Epoch 1964, Train loss: C1:2.81e+00, C:2.66e-01
Epoch 1965, Train loss: C1:4.47e+00, C:2.66e-01
Epoch 1966, Train loss: C1:6.35e+00, C:2.63e-01
Epoch 1967, Train loss: C1:6.77e+00, C:2.63e-01
Epoch 1968, Train loss: C1:5.85e+00, C:2.65e-01
Epoch 1969, Train loss: C1:3.76e+00, C:2.63e-01
Epoch 1970, Train loss: C1:2.84e+00, C:2.65e-01
Epoch 1971, Train loss: C1:3.05e+00, C:2.61e-01
Epoch 1972, Train loss: C1:3.90e+00, C:2.64e-01
Epoch 1973, Train loss: C1:4.74e+00, C:2.63e-01
Epoch 1974, Train loss: C1:5.12e+00, C:2.64e-01
Epoch 1975, Train loss: C1:5.09e+00, C:2.63e-01
Epoch 1976, Train loss: C1:3.39e+00, C:2.63e-01
Epoch 1977, Train loss: C1:2.44e+00, C:2.66e-01
Epoch 1978, Train loss: C1:3.47e+00, C:2.66e-01
Epoch 1979, Train loss: C1:5.02e+00, C:2.63e-01
Epoch 1980, Train loss: C1:6.25e+00, C:2.63e-01
Epoch 1981, Train loss: C1:5.86e+00, C:2.63e-01
Epoch 1982, Train loss: C1:4.46e+00, C:2.63e-01
Epoch 1983, Train loss: C1:3.11e+00, C:2.66e-01
Epoch 1984, Train loss: C1:2.90e+00, C:2.66e-01
Epoch 1985, Train loss: C1:3.97e+00, C:2.64e-01
Epoch 1986, Train loss: C1:5.38e+00, C:2.62e-01
Epoch 1987, Train loss: C1:5.07e+00, C:2.61e-01
Epoch 1988, Train loss: C1:3.95e+00, C:2.63e-01
Epoch 1989, Train loss: C1:3.11e+00, C:2.62e-01
Epoch 1990, Train loss: C1:2.79e+00, C:2.65e-01
Epoch 1991, Train loss: C1:2.77e+00, C:2.63e-01
Epoch 1992, Train loss: C1:3.48e+00, C:2.61e-01
Epoch 1993, Train loss: C1:4.08e+00, C:2.63e-01
Epoch 1994, Train loss: C1:4.03e+00, C:2.62e-01
Epoch 1995, Train loss: C1:3.38e+00, C:2.62e-01
Epoch 1996, Train loss: C1:2.85e+00, C:2.63e-01
Epoch 1997, Train loss: C1:2.66e+00, C:2.65e-01
Epoch 1998, Train loss: C1:4.48e+00, C:2.64e-01
Epoch 1999, Train loss: C1:6.73e+00, C:2.64e-01
Epoch 2000, Train loss: C1:6.61e+00, C:2.61e-01

Test: Epoch 2000
Train Accuracy: 0.4772   Test ACC: 0.4837
Train F1: 0.3083         Test F1: 0.3154

Here, we have the label specific accuracies:

Label 	   Occurrence 	 Training Accuracy 	 Prediction Accuracy
---------------------------------------------------------------------------
Normal 		 0.1359 	 0.0000 		 0.0000
Basal 		 0.1522 	 0.0000 		 0.0000
Her2 		 0.0543 	 0.0000 		 0.0000
LumA 		 0.4837 	 1.0000 		 1.0000
LumB 		 0.1739 	 0.0000 		 0.0000
