
 ==================================================
Missing datatype =  ['mirna'] 

mean
RMSE =  0.8383247718459718
Std =  0.025670379034524585

 --------------------------------------------------
median
RMSE =  0.852941396628222
Std =  0.06263323708779853

 --------------------------------------------------
enet
RMSE =  0.8383123147267029
Std =  0.02587627970720865

 --------------------------------------------------
knn_iter
RMSE =  0.8159322111175663
Std =  0.14792650363091767

 --------------------------------------------------
rf
RMSE =  0.8489601870254543
Std =  0.2700243483971587

 --------------------------------------------------
knn1
RMSE =  1.2167099761410445
Std =  1.0106859496583263

 --------------------------------------------------
knn50
RMSE =  0.8279831190650635
Std =  0.2546548980913171

 --------------------------------------------------

 ==================================================
Missing datatype =  ['meth'] 

mean
RMSE =  0.9300887498403106
Std =  0.02664959907034445

 --------------------------------------------------
median
RMSE =  0.9453684161838231
Std =  0.18891707220991807

 --------------------------------------------------
enet
RMSE =  0.9293487557434598
Std =  0.028572122891440066

 --------------------------------------------------
knn_iter
RMSE =  0.9159181395017308
Std =  0.20609511779793752

 --------------------------------------------------
rf
RMSE =  0.9126476339339843
Std =  0.2021268810468791

 --------------------------------------------------
knn1
RMSE =  1.0549868425760593
Std =  0.7273376987260332

 --------------------------------------------------
knn50
RMSE =  0.8855874938051689
Std =  0.2044034893230369

 --------------------------------------------------

 ==================================================
Missing datatype =  ['mrna'] 

mean
RMSE =  0.9691842723851896
Std =  0.02847088124146084

 --------------------------------------------------
median
RMSE =  0.9716747691059455
Std =  0.0913966059447116

 --------------------------------------------------
enet
RMSE =  0.9684120532962278
Std =  0.02960188338564929

 --------------------------------------------------
knn_iter
RMSE =  0.9588550623365489
Std =  0.23366636896590498

 --------------------------------------------------
rf
RMSE =  0.9451120455288143
Std =  0.2116836685074228

 --------------------------------------------------
knn1
RMSE =  1.1264185701684868
Std =  0.8343916911470682

 --------------------------------------------------
knn50
RMSE =  0.9281484755138735
Std =  0.2640847428609283

 --------------------------------------------------

 ==================================================
Missing datatype =  ['mirna', 'meth'] 

mean
RMSE =  0.9120782859888247
Std =  0.026696378882434788

 --------------------------------------------------
median
RMSE =  0.9272208335458731
Std =  0.20512286344547018

 --------------------------------------------------
enet
RMSE =  0.9115283175109579
Std =  0.027812995383043868

 --------------------------------------------------
knn_iter
RMSE =  0.8992220222460479
Std =  0.21406496514379691

 --------------------------------------------------
rf
RMSE =  0.8988342025487889
Std =  0.2033150706263311

 --------------------------------------------------
knn1
RMSE =  1.058239827793283
Std =  0.7706983084631377

 --------------------------------------------------
knn50
RMSE =  0.8747761742041712
Std =  0.22667122582445517

 --------------------------------------------------

 ==================================================
Missing datatype =  ['meth', 'mrna'] 

mean
RMSE =  0.9498376799270287
Std =  0.029656316830353645

 --------------------------------------------------
median
RMSE =  0.9586118346950978
Std =  0.14920633119799026

 --------------------------------------------------
enet
RMSE =  0.9498188034894072
Std =  0.029721870279020124

 --------------------------------------------------
knn_iter
RMSE =  0.9677411995990851
Std =  0.22233775144561801

 --------------------------------------------------
rf
RMSE =  0.9617437193695638
Std =  0.20279080653061599

 --------------------------------------------------
knn1
RMSE =  1.1510119727210002
Std =  0.8626812805891059

 --------------------------------------------------
knn50
RMSE =  0.9131251181192745
Std =  0.21868432595643983

 --------------------------------------------------

 ==================================================
Missing datatype =  ['mrna', 'mirna'] 

mean
RMSE =  0.9439059569192432
Std =  0.030552497670991993

 --------------------------------------------------
median
RMSE =  0.9486085260717576
Std =  0.1328249769165462

 --------------------------------------------------
enet
RMSE =  0.9432933861076802
Std =  0.03152124444493601

 --------------------------------------------------
knn_iter
RMSE =  0.9400351509625057
Std =  0.23727783911531766

 --------------------------------------------------
rf
RMSE =  0.930133833647986
Std =  0.20180130464119272

 --------------------------------------------------
knn1
RMSE =  1.1558382581312672
Std =  0.8541687600551723

 --------------------------------------------------
knn50
RMSE =  0.9152646290458402
Std =  0.267180799230624

 --------------------------------------------------
[{'mean': 0.8383247718459718, 'median': 0.852941396628222, 'enet': 0.8383123147267029, 'knn_iter': 0.8159322111175663, 'rf': 0.8489601870254543, 'knn1': 1.2167099761410445, 'knn50': 0.8279831190650635}, {'mean': 0.9300887498403106, 'median': 0.9453684161838231, 'enet': 0.9293487557434598, 'knn_iter': 0.9159181395017308, 'rf': 0.9126476339339843, 'knn1': 1.0549868425760593, 'knn50': 0.8855874938051689}, {'mean': 0.9691842723851896, 'median': 0.9716747691059455, 'enet': 0.9684120532962278, 'knn_iter': 0.9588550623365489, 'rf': 0.9451120455288143, 'knn1': 1.1264185701684868, 'knn50': 0.9281484755138735}, {'mean': 0.9120782859888247, 'median': 0.9272208335458731, 'enet': 0.9115283175109579, 'knn_iter': 0.8992220222460479, 'rf': 0.8988342025487889, 'knn1': 1.058239827793283, 'knn50': 0.8747761742041712}, {'mean': 0.9498376799270287, 'median': 0.9586118346950978, 'enet': 0.9498188034894072, 'knn_iter': 0.9677411995990851, 'rf': 0.9617437193695638, 'knn1': 1.1510119727210002, 'knn50': 0.9131251181192745}, {'mean': 0.9439059569192432, 'median': 0.9486085260717576, 'enet': 0.9432933861076802, 'knn_iter': 0.9400351509625057, 'rf': 0.930133833647986, 'knn1': 1.1558382581312672, 'knn50': 0.9152646290458402}]
[{'mean': 0.025670379034524585, 'median': 0.06263323708779853, 'enet': 0.02587627970720865, 'knn_iter': 0.14792650363091767, 'rf': 0.2700243483971587, 'knn1': 1.0106859496583263, 'knn50': 0.2546548980913171}, {'mean': 0.02664959907034445, 'median': 0.18891707220991807, 'enet': 0.028572122891440066, 'knn_iter': 0.20609511779793752, 'rf': 0.2021268810468791, 'knn1': 0.7273376987260332, 'knn50': 0.2044034893230369}, {'mean': 0.02847088124146084, 'median': 0.0913966059447116, 'enet': 0.02960188338564929, 'knn_iter': 0.23366636896590498, 'rf': 0.2116836685074228, 'knn1': 0.8343916911470682, 'knn50': 0.2640847428609283}, {'mean': 0.026696378882434788, 'median': 0.20512286344547018, 'enet': 0.027812995383043868, 'knn_iter': 0.21406496514379691, 'rf': 0.2033150706263311, 'knn1': 0.7706983084631377, 'knn50': 0.22667122582445517}, {'mean': 0.029656316830353645, 'median': 0.14920633119799026, 'enet': 0.029721870279020124, 'knn_iter': 0.22233775144561801, 'rf': 0.20279080653061599, 'knn1': 0.8626812805891059, 'knn50': 0.21868432595643983}, {'mean': 0.030552497670991993, 'median': 0.1328249769165462, 'enet': 0.03152124444493601, 'knn_iter': 0.23727783911531766, 'rf': 0.20180130464119272, 'knn1': 0.8541687600551723, 'knn50': 0.267180799230624}]
