(6135, 25)
(6135, 25)
n_neighbors=400


Spearman Scores:
CD11a          0.652695
CD11c          0.815666
CD123          0.491726
CD127-IL7Ra    0.482812
CD14_y         0.812988
CD16           0.603004
CD161          0.460351
CD19           0.757957
CD197-CCR7     0.317812
CD25           0.246502
CD27           0.594275
CD278-ICOS     0.460357
CD28           0.533612
CD3            0.566120
CD34_y         0.292190
CD38_y         0.414654
CD4            0.492106
CD45RA         0.529163
CD45RO         0.339837
CD56           0.402444
CD57           0.225567
CD69           0.521950
CD79b          0.587848
CD8a           0.583989
HLA.DR         0.554536
dtype: float64

