(6135, 25)
(6135, 25)
n_neighbors=300


Spearman Scores:
CD11a          0.629325
CD11c          0.802418
CD123          0.520678
CD127-IL7Ra    0.462536
CD14_y         0.798507
CD16           0.576920
CD161          0.435271
CD19           0.737883
CD197-CCR7     0.295206
CD25           0.232101
CD27           0.573105
CD278-ICOS     0.439694
CD28           0.508734
CD3            0.546827
CD34_y         0.310100
CD38_y         0.409584
CD4            0.474798
CD45RA         0.511256
CD45RO         0.335740
CD56           0.389739
CD57           0.209917
CD69           0.513339
CD79b          0.565844
CD8a           0.565533
HLA.DR         0.548647
dtype: float64

