(27000, 2025)
(6135, 2025)


n_neighbors= 3000
Spearman Scores:
CD11a          0.788922
CD11c          0.724563
CD123          0.690327
CD127-IL7Ra    0.726126
CD14_y         0.582962
CD16           0.107854
CD161          0.281096
CD19           0.386421
CD197-CCR7     0.412232
CD25           0.202500
CD27           0.776946
CD278-ICOS     0.703850
CD28           0.717460
CD3            0.663096
CD34_y         0.578317
CD38_y         0.635697
CD4            0.520979
CD45RA         0.640427
CD45RO         0.128548
CD56           0.199162
CD57           0.185900
CD69           0.244472
CD79b          0.343420
CD8a           0.241565
HLA.DR         0.780191
dtype: float64



Pearson Scores:
CD11a          0.805958
CD11c          0.654102
CD123          0.593722
CD127-IL7Ra    0.472273
CD14_y         0.641794
CD16           0.418013
CD161          0.409432
CD19           0.484658
CD197-CCR7     0.320112
CD25           0.180514
CD27           0.538427
CD278-ICOS     0.428646
CD28           0.505175
CD3            0.464354
CD34_y         0.583996
CD38_y         0.412329
CD4            0.430030
CD45RA         0.596337
CD45RO         0.182899
CD56           0.714710
CD57           0.462119
CD69           0.255576
CD79b          0.532819
CD8a           0.318204
HLA.DR         0.475293
dtype: float64



--------------------------------------------------
n_neighbors= 5000
Spearman Scores:
CD11a          0.823079
CD11c          0.721433
CD123          0.692883
CD127-IL7Ra    0.737607
CD14_y         0.614456
CD16           0.128134
CD161          0.254215
CD19           0.377468
CD197-CCR7     0.417643
CD25           0.263867
CD27           0.789951
CD278-ICOS     0.728247
CD28           0.737774
CD3            0.702149
CD34_y         0.579878
CD38_y         0.669298
CD4            0.600046
CD45RA         0.711008
CD45RO         0.173854
CD56           0.220375
CD57           0.214710
CD69           0.323161
CD79b          0.346640
CD8a           0.226493
HLA.DR         0.800860
dtype: float64



Pearson Scores:
CD11a          0.829684
CD11c          0.769448
CD123          0.628892
CD127-IL7Ra    0.598839
CD14_y         0.808259
CD16           0.424332
CD161          0.449457
CD19           0.792125
CD197-CCR7     0.389457
CD25           0.270873
CD27           0.649742
CD278-ICOS     0.542601
CD28           0.634516
CD3            0.607183
CD34_y         0.619762
CD38_y         0.475631
CD4            0.512831
CD45RA         0.691147
CD45RO         0.217972
CD56           0.719340
CD57           0.460119
CD69           0.290018
CD79b          0.716367
CD8a           0.359243
HLA.DR         0.595457
dtype: float64



--------------------------------------------------
