(27000, 2025)
(6135, 2025)


n_neighbors= 7500
Spearman Scores:
CD11a          0.828727
CD11c          0.708526
CD123          0.688485
CD127-IL7Ra    0.740009
CD14_y         0.614681
CD16           0.131113
CD161          0.244590
CD19           0.326465
CD197-CCR7     0.399821
CD25           0.248396
CD27           0.775156
CD278-ICOS     0.732601
CD28           0.742356
CD3            0.690303
CD34_y         0.573796
CD38_y         0.659823
CD4            0.557868
CD45RA         0.689198
CD45RO         0.206405
CD56           0.120040
CD57           0.216947
CD69           0.524367
CD79b          0.282660
CD8a           0.197402
HLA.DR         0.716153
dtype: float64



Pearson Scores:
CD11a          0.830291
CD11c          0.833890
CD123          0.651318
CD127-IL7Ra    0.642766
CD14_y         0.869790
CD16           0.604873
CD161          0.444365
CD19           0.883526
CD197-CCR7     0.400359
CD25           0.269158
CD27           0.674170
CD278-ICOS     0.578611
CD28           0.663980
CD3            0.663851
CD34_y         0.659596
CD38_y         0.509103
CD4            0.491467
CD45RA         0.678573
CD45RO         0.238815
CD56           0.669924
CD57           0.466462
CD69           0.503069
CD79b          0.716393
CD8a           0.379659
HLA.DR         0.645639
dtype: float64



--------------------------------------------------
n_neighbors= 10000
Spearman Scores:
CD11a          0.836203
CD11c          0.682859
CD123          0.680379
CD127-IL7Ra    0.732475
CD14_y         0.586236
CD16           0.058951
CD161          0.237615
CD19           0.284243
CD197-CCR7     0.386624
CD25           0.227244
CD27           0.745626
CD278-ICOS     0.704674
CD28           0.740985
CD3            0.645546
CD34_y         0.567813
CD38_y         0.667871
CD4            0.479462
CD45RA         0.647453
CD45RO         0.219986
CD56           0.055349
CD57           0.104878
CD69           0.564589
CD79b          0.242480
CD8a           0.175952
HLA.DR         0.671069
dtype: float64



Pearson Scores:
CD11a          0.828538
CD11c          0.855992
CD123          0.661409
CD127-IL7Ra    0.644714
CD14_y         0.875814
CD16           0.733525
CD161          0.415417
CD19           0.843106
CD197-CCR7     0.389105
CD25           0.244066
CD27           0.652860
CD278-ICOS     0.565679
CD28           0.659885
CD3            0.663618
CD34_y         0.688221
CD38_y         0.504262
CD4            0.380032
CD45RA         0.645584
CD45RO         0.232066
CD56           0.636015
CD57           0.434519
CD69           0.536468
CD79b          0.662410
CD8a           0.371905
HLA.DR         0.642485
dtype: float64



--------------------------------------------------
