n_neighbors= 7500
Spearman Scores:
CD11a          0.767023
CD11c          0.776461
CD123          0.689480
CD127-IL7Ra    0.765402
CD14_y         0.625448
CD16           0.251606
CD161          0.285460
CD19           0.347186
CD197-CCR7     0.379172
CD25           0.298111
CD27           0.825911
CD278-ICOS     0.761280
CD28           0.779136
CD3            0.724759
CD34_y         0.583151
CD38_y         0.668115
CD4            0.478323
CD45RA         0.680710
CD45RO         0.481060
CD56           0.254612
CD57           0.277986
CD69           0.630946
CD79b          0.300743
CD8a           0.274820
HLA.DR         0.811206
dtype: float64



Pearson Scores:
CD11a          0.732748
CD11c          0.925897
CD123          0.601766
CD127-IL7Ra    0.704249
CD14_y         0.887619
CD16           0.809394
CD161          0.538145
CD19           0.908450
CD197-CCR7     0.369773
CD25           0.287406
CD27           0.790787
CD278-ICOS     0.651474
CD28           0.749544
CD3            0.783840
CD34_y         0.603795
CD38_y         0.579168
CD4            0.576864
CD45RA         0.617901
CD45RO         0.407049
CD56           0.700796
CD57           0.475088
CD69           0.552184
CD79b          0.727116
CD8a           0.464751
HLA.DR         0.773664
dtype: float64



--------------------------------------------------
n_neighbors= 10000
Spearman Scores:
CD11a          0.770347
CD11c          0.750137
CD123          0.691289
CD127-IL7Ra    0.763276
CD14_y         0.606071
CD16           0.256586
CD161          0.264205
CD19           0.311744
CD197-CCR7     0.367344
CD25           0.270092
CD27           0.818368
CD278-ICOS     0.752779
CD28           0.774381
CD3            0.720313
CD34_y         0.582741
CD38_y         0.659900
CD4            0.515735
CD45RA         0.688421
CD45RO         0.489530
CD56           0.183657
CD57           0.243968
CD69           0.622670
CD79b          0.267293
CD8a           0.246494
HLA.DR         0.794715
dtype: float64



Pearson Scores:
CD11a          0.746798
CD11c          0.928135
CD123          0.611167
CD127-IL7Ra    0.709524
CD14_y         0.886696
CD16           0.822289
CD161          0.484944
CD19           0.893714
CD197-CCR7     0.367293
CD25           0.262916
CD27           0.788568
CD278-ICOS     0.651838
CD28           0.753429
CD3            0.791620
CD34_y         0.631444
CD38_y         0.583552
CD4            0.587653
CD45RA         0.625014
CD45RO         0.396948
CD56           0.693357
CD57           0.465964
CD69           0.540658
CD79b          0.707809
CD8a           0.446119
HLA.DR         0.791702
dtype: float64



--------------------------------------------------
