2020-12-17 20:05:08.420092 

Only the DNA Methylation data

This run includes only 1 GCN - DNA Methylation 

SEED =  4214
<class 'torch.Tensor'> <class 'torch.Tensor'>

Training...
Epoch 0, Train loss: C1:1.50e-01, C:3.68e-01

Test: Epoch 0
Train Accuracy: 0.2000   Test ACC: 0.1739
Train F1: 0.0667         Test F1: 0.0515

Label 	   Train Distribution 	 Train Accuracy 	 Test Distribution 	 Test Accuracy
------------------------------------------------------------------------------------------
Normal 			 0.2000 			 0.0000 			 0.1359 			 0.0000
Basal 			 0.2000 			 0.0000 			 0.1522 			 0.0000
Her2 			 0.2000 			 0.0000 			 0.0543 			 0.0000
LumA 			 0.2000 			 0.0000 			 0.4837 			 0.0000
LumB 			 0.2000 			 1.0000 			 0.1739 			 1.0000
Epoch 1, Train loss: C1:8.18e+02, C:3.31e-01
Epoch 2, Train loss: C1:1.88e+02, C:3.31e-01
Epoch 3, Train loss: C1:7.19e+01, C:3.67e-01
Epoch 4, Train loss: C1:1.80e+01, C:3.68e-01
Epoch 5, Train loss: C1:1.14e+02, C:3.67e-01
Epoch 6, Train loss: C1:3.39e+01, C:3.46e-01
Epoch 7, Train loss: C1:7.51e-01, C:3.34e-01
Epoch 8, Train loss: C1:7.47e+00, C:3.31e-01
Epoch 9, Train loss: C1:1.70e+01, C:3.31e-01
Epoch 10, Train loss: C1:1.26e+01, C:3.32e-01
Epoch 11, Train loss: C1:3.43e+00, C:3.46e-01
Epoch 12, Train loss: C1:2.38e-01, C:3.66e-01
Epoch 13, Train loss: C1:4.35e+00, C:3.66e-01
Epoch 14, Train loss: C1:9.95e+00, C:3.66e-01
Epoch 15, Train loss: C1:1.02e+01, C:3.65e-01
Epoch 16, Train loss: C1:5.55e+00, C:3.57e-01
Epoch 17, Train loss: C1:1.19e+00, C:3.47e-01
Epoch 18, Train loss: C1:4.36e-01, C:3.38e-01
Epoch 19, Train loss: C1:2.80e+00, C:3.33e-01
Epoch 20, Train loss: C1:5.01e+00, C:3.33e-01
Epoch 21, Train loss: C1:4.77e+00, C:3.37e-01
Epoch 22, Train loss: C1:2.35e+00, C:3.47e-01
Epoch 23, Train loss: C1:5.02e-01, C:3.56e-01
Epoch 24, Train loss: C1:5.88e-01, C:3.59e-01
Epoch 25, Train loss: C1:2.01e+00, C:3.61e-01
Epoch 26, Train loss: C1:3.07e+00, C:3.61e-01
Epoch 27, Train loss: C1:2.69e+00, C:3.59e-01
Epoch 28, Train loss: C1:1.27e+00, C:3.52e-01
Epoch 29, Train loss: C1:3.56e-01, C:3.42e-01
Epoch 30, Train loss: C1:5.94e-01, C:3.37e-01
Epoch 31, Train loss: C1:1.52e+00, C:3.37e-01
Epoch 32, Train loss: C1:1.89e+00, C:3.41e-01
Epoch 33, Train loss: C1:1.34e+00, C:3.45e-01
Epoch 34, Train loss: C1:5.72e-01, C:3.47e-01
Epoch 35, Train loss: C1:3.18e-01, C:3.51e-01
Epoch 36, Train loss: C1:7.02e-01, C:3.55e-01
Epoch 37, Train loss: C1:1.16e+00, C:3.57e-01
Epoch 38, Train loss: C1:1.13e+00, C:3.53e-01
Epoch 39, Train loss: C1:6.80e-01, C:3.50e-01
Epoch 40, Train loss: C1:3.33e-01, C:3.44e-01
Epoch 41, Train loss: C1:4.09e-01, C:3.43e-01
Epoch 42, Train loss: C1:7.26e-01, C:3.40e-01
Epoch 43, Train loss: C1:8.09e-01, C:3.42e-01
Epoch 44, Train loss: C1:6.16e-01, C:3.47e-01
Epoch 45, Train loss: C1:3.42e-01, C:3.48e-01
Epoch 46, Train loss: C1:3.29e-01, C:3.51e-01
Epoch 47, Train loss: C1:4.83e-01, C:3.53e-01
Epoch 48, Train loss: C1:5.96e-01, C:3.50e-01
Epoch 49, Train loss: C1:5.17e-01, C:3.49e-01
Epoch 50, Train loss: C1:3.61e-01, C:3.47e-01

Test: Epoch 50
Train Accuracy: 0.2163   Test ACC: 0.1359
Train F1: 0.1246         Test F1: 0.0325

Label 	   Train Distribution 	 Train Accuracy 	 Test Distribution 	 Test Accuracy
------------------------------------------------------------------------------------------
Normal 			 0.2000 			 0.8565 			 0.1359 			 1.0000
Basal 			 0.2000 			 0.0383 			 0.1522 			 0.0000
Her2 			 0.2000 			 0.0000 			 0.0543 			 0.0000
LumA 			 0.2000 			 0.0000 			 0.4837 			 0.0000
LumB 			 0.2000 			 0.1866 			 0.1739 			 0.0000
Epoch 51, Train loss: C1:2.93e-01, C:3.44e-01
Epoch 52, Train loss: C1:3.65e-01, C:3.42e-01
Epoch 53, Train loss: C1:4.63e-01, C:3.45e-01
Epoch 54, Train loss: C1:4.24e-01, C:3.48e-01
Epoch 55, Train loss: C1:3.29e-01, C:3.50e-01
Epoch 56, Train loss: C1:2.89e-01, C:3.49e-01
Epoch 57, Train loss: C1:3.20e-01, C:3.51e-01
Epoch 58, Train loss: C1:3.69e-01, C:3.49e-01
Epoch 59, Train loss: C1:3.75e-01, C:3.47e-01
Epoch 60, Train loss: C1:3.13e-01, C:3.46e-01
Epoch 61, Train loss: C1:2.71e-01, C:3.44e-01
Epoch 62, Train loss: C1:2.98e-01, C:3.46e-01
Epoch 63, Train loss: C1:3.39e-01, C:3.44e-01
Epoch 64, Train loss: C1:3.35e-01, C:3.47e-01
Epoch 65, Train loss: C1:2.87e-01, C:3.46e-01
Epoch 66, Train loss: C1:2.68e-01, C:3.49e-01
Epoch 67, Train loss: C1:2.92e-01, C:3.48e-01
Epoch 68, Train loss: C1:3.00e-01, C:3.49e-01
Epoch 69, Train loss: C1:2.87e-01, C:3.48e-01
Epoch 70, Train loss: C1:2.62e-01, C:3.47e-01
Epoch 71, Train loss: C1:2.51e-01, C:3.48e-01
Epoch 72, Train loss: C1:2.58e-01, C:3.44e-01
Epoch 73, Train loss: C1:2.70e-01, C:3.44e-01
Epoch 74, Train loss: C1:2.70e-01, C:3.44e-01
Epoch 75, Train loss: C1:2.50e-01, C:3.44e-01
Epoch 76, Train loss: C1:2.55e-01, C:3.48e-01
Epoch 77, Train loss: C1:2.61e-01, C:3.47e-01
Epoch 78, Train loss: C1:2.59e-01, C:3.46e-01
Epoch 79, Train loss: C1:2.51e-01, C:3.45e-01
Epoch 80, Train loss: C1:2.32e-01, C:3.43e-01
Epoch 81, Train loss: C1:2.37e-01, C:3.45e-01
Epoch 82, Train loss: C1:2.45e-01, C:3.42e-01
Epoch 83, Train loss: C1:2.52e-01, C:3.45e-01
Epoch 84, Train loss: C1:2.39e-01, C:3.45e-01
Epoch 85, Train loss: C1:2.37e-01, C:3.43e-01
Epoch 86, Train loss: C1:2.28e-01, C:3.45e-01
Epoch 87, Train loss: C1:2.38e-01, C:3.48e-01
Epoch 88, Train loss: C1:2.31e-01, C:3.46e-01
Epoch 89, Train loss: C1:2.33e-01, C:3.44e-01
Epoch 90, Train loss: C1:2.22e-01, C:3.44e-01
Epoch 91, Train loss: C1:2.26e-01, C:3.49e-01
Epoch 92, Train loss: C1:2.26e-01, C:3.45e-01
Epoch 93, Train loss: C1:2.25e-01, C:3.46e-01
Epoch 94, Train loss: C1:2.28e-01, C:3.47e-01
Epoch 95, Train loss: C1:2.22e-01, C:3.46e-01
Epoch 96, Train loss: C1:2.09e-01, C:3.41e-01
Epoch 97, Train loss: C1:2.22e-01, C:3.47e-01
Epoch 98, Train loss: C1:2.20e-01, C:3.47e-01
Epoch 99, Train loss: C1:2.16e-01, C:3.46e-01
Epoch 100, Train loss: C1:2.17e-01, C:3.43e-01

Test: Epoch 100
Train Accuracy: 0.2220   Test ACC: 0.1359
Train F1: 0.1236         Test F1: 0.0325

Label 	   Train Distribution 	 Train Accuracy 	 Test Distribution 	 Test Accuracy
------------------------------------------------------------------------------------------
Normal 			 0.2000 			 0.8804 			 0.1359 			 1.0000
Basal 			 0.2000 			 0.0239 			 0.1522 			 0.0000
Her2 			 0.2000 			 0.0000 			 0.0543 			 0.0000
LumA 			 0.2000 			 0.0000 			 0.4837 			 0.0000
LumB 			 0.2000 			 0.2057 			 0.1739 			 0.0000
Epoch 101, Train loss: C1:2.09e-01, C:3.48e-01
Epoch 102, Train loss: C1:2.14e-01, C:3.44e-01
Epoch 103, Train loss: C1:2.08e-01, C:3.43e-01
Epoch 104, Train loss: C1:2.11e-01, C:3.48e-01
Epoch 105, Train loss: C1:2.14e-01, C:3.48e-01
Epoch 106, Train loss: C1:1.96e-01, C:3.42e-01
Epoch 107, Train loss: C1:2.05e-01, C:3.43e-01
Epoch 108, Train loss: C1:1.96e-01, C:3.45e-01
Epoch 109, Train loss: C1:1.98e-01, C:3.44e-01
Epoch 110, Train loss: C1:1.98e-01, C:3.42e-01
Epoch 111, Train loss: C1:1.99e-01, C:3.44e-01
Epoch 112, Train loss: C1:2.01e-01, C:3.46e-01
Epoch 113, Train loss: C1:1.96e-01, C:3.45e-01
Epoch 114, Train loss: C1:1.92e-01, C:3.43e-01
Epoch 115, Train loss: C1:1.92e-01, C:3.43e-01
Epoch 116, Train loss: C1:1.88e-01, C:3.47e-01
Epoch 117, Train loss: C1:1.88e-01, C:3.43e-01
Epoch 118, Train loss: C1:1.90e-01, C:3.44e-01
Epoch 119, Train loss: C1:1.88e-01, C:3.44e-01
Epoch 120, Train loss: C1:1.84e-01, C:3.43e-01
Epoch 121, Train loss: C1:1.87e-01, C:3.43e-01
Epoch 122, Train loss: C1:1.82e-01, C:3.45e-01
Epoch 123, Train loss: C1:1.78e-01, C:3.45e-01
Epoch 124, Train loss: C1:1.81e-01, C:3.41e-01
Epoch 125, Train loss: C1:1.85e-01, C:3.43e-01
Epoch 126, Train loss: C1:1.81e-01, C:3.49e-01
Epoch 127, Train loss: C1:1.78e-01, C:3.43e-01
Epoch 128, Train loss: C1:1.75e-01, C:3.40e-01
Epoch 129, Train loss: C1:1.73e-01, C:3.47e-01
Epoch 130, Train loss: C1:1.77e-01, C:3.44e-01
Epoch 131, Train loss: C1:1.74e-01, C:3.40e-01
Epoch 132, Train loss: C1:1.73e-01, C:3.46e-01
Epoch 133, Train loss: C1:1.63e-01, C:3.45e-01
Epoch 134, Train loss: C1:1.71e-01, C:3.42e-01
Epoch 135, Train loss: C1:1.57e-01, C:3.40e-01
Epoch 136, Train loss: C1:1.67e-01, C:3.48e-01
Epoch 137, Train loss: C1:1.71e-01, C:3.41e-01
Epoch 138, Train loss: C1:1.70e-01, C:3.39e-01
Epoch 139, Train loss: C1:1.56e-01, C:3.46e-01
Epoch 140, Train loss: C1:1.64e-01, C:3.43e-01
Epoch 141, Train loss: C1:1.61e-01, C:3.38e-01
Epoch 142, Train loss: C1:1.63e-01, C:3.45e-01
Epoch 143, Train loss: C1:1.65e-01, C:3.46e-01
Epoch 144, Train loss: C1:1.66e-01, C:3.39e-01
Epoch 145, Train loss: C1:1.61e-01, C:3.42e-01
Epoch 146, Train loss: C1:1.60e-01, C:3.47e-01
Epoch 147, Train loss: C1:1.59e-01, C:3.40e-01
Epoch 148, Train loss: C1:1.57e-01, C:3.44e-01
Epoch 149, Train loss: C1:1.56e-01, C:3.45e-01
Epoch 150, Train loss: C1:1.61e-01, C:3.40e-01

Test: Epoch 150
Train Accuracy: 0.2201   Test ACC: 0.1359
Train F1: 0.1117         Test F1: 0.0325

Label 	   Train Distribution 	 Train Accuracy 	 Test Distribution 	 Test Accuracy
------------------------------------------------------------------------------------------
Normal 			 0.2000 			 0.9522 			 0.1359 			 1.0000
Basal 			 0.2000 			 0.0096 			 0.1522 			 0.0000
Her2 			 0.2000 			 0.0000 			 0.0543 			 0.0000
LumA 			 0.2000 			 0.0000 			 0.4837 			 0.0000
LumB 			 0.2000 			 0.1388 			 0.1739 			 0.0000
Epoch 151, Train loss: C1:1.59e-01, C:3.43e-01
Epoch 152, Train loss: C1:1.59e-01, C:3.44e-01
Epoch 153, Train loss: C1:1.59e-01, C:3.42e-01
Epoch 154, Train loss: C1:1.53e-01, C:3.41e-01
Epoch 155, Train loss: C1:1.52e-01, C:3.43e-01
Epoch 156, Train loss: C1:1.55e-01, C:3.44e-01
Epoch 157, Train loss: C1:1.49e-01, C:3.42e-01
Epoch 158, Train loss: C1:1.50e-01, C:3.41e-01
Epoch 159, Train loss: C1:1.51e-01, C:3.44e-01
Epoch 160, Train loss: C1:1.48e-01, C:3.41e-01
Epoch 161, Train loss: C1:1.43e-01, C:3.42e-01
Epoch 162, Train loss: C1:1.50e-01, C:3.43e-01
Epoch 163, Train loss: C1:1.47e-01, C:3.44e-01
Epoch 164, Train loss: C1:1.45e-01, C:3.42e-01
Epoch 165, Train loss: C1:1.47e-01, C:3.43e-01
Epoch 166, Train loss: C1:1.47e-01, C:3.42e-01
Epoch 167, Train loss: C1:1.38e-01, C:3.38e-01
Epoch 168, Train loss: C1:1.39e-01, C:3.44e-01
Epoch 169, Train loss: C1:1.41e-01, C:3.41e-01
Epoch 170, Train loss: C1:1.35e-01, C:3.42e-01
Epoch 171, Train loss: C1:1.37e-01, C:3.44e-01
Epoch 172, Train loss: C1:1.42e-01, C:3.40e-01
Epoch 173, Train loss: C1:1.41e-01, C:3.41e-01
Epoch 174, Train loss: C1:1.37e-01, C:3.44e-01
Epoch 175, Train loss: C1:1.45e-01, C:3.41e-01
Epoch 176, Train loss: C1:1.38e-01, C:3.42e-01
Epoch 177, Train loss: C1:1.32e-01, C:3.42e-01
Epoch 178, Train loss: C1:1.33e-01, C:3.42e-01
Epoch 179, Train loss: C1:1.30e-01, C:3.42e-01
Epoch 180, Train loss: C1:1.32e-01, C:3.43e-01
Epoch 181, Train loss: C1:1.36e-01, C:3.42e-01
Epoch 182, Train loss: C1:1.38e-01, C:3.41e-01
Epoch 183, Train loss: C1:1.33e-01, C:3.41e-01
Epoch 184, Train loss: C1:1.34e-01, C:3.42e-01
Epoch 185, Train loss: C1:1.30e-01, C:3.42e-01
Epoch 186, Train loss: C1:1.28e-01, C:3.44e-01
Epoch 187, Train loss: C1:1.35e-01, C:3.40e-01
Epoch 188, Train loss: C1:1.36e-01, C:3.41e-01
Epoch 189, Train loss: C1:1.29e-01, C:3.44e-01
Epoch 190, Train loss: C1:1.31e-01, C:3.41e-01
Epoch 191, Train loss: C1:1.33e-01, C:3.42e-01
Epoch 192, Train loss: C1:1.28e-01, C:3.41e-01
Epoch 193, Train loss: C1:1.28e-01, C:3.39e-01
Epoch 194, Train loss: C1:1.21e-01, C:3.42e-01
Epoch 195, Train loss: C1:1.26e-01, C:3.44e-01
Epoch 196, Train loss: C1:1.23e-01, C:3.39e-01
Epoch 197, Train loss: C1:1.28e-01, C:3.44e-01
Epoch 198, Train loss: C1:1.27e-01, C:3.41e-01
Epoch 199, Train loss: C1:1.24e-01, C:3.40e-01
Epoch 200, Train loss: C1:1.27e-01, C:3.43e-01

Test: Epoch 200
Train Accuracy: 0.2182   Test ACC: 0.1359
Train F1: 0.1113         Test F1: 0.0325

Label 	   Train Distribution 	 Train Accuracy 	 Test Distribution 	 Test Accuracy
------------------------------------------------------------------------------------------
Normal 			 0.2000 			 0.9378 			 0.1359 			 1.0000
Basal 			 0.2000 			 0.0096 			 0.1522 			 0.0000
Her2 			 0.2000 			 0.0000 			 0.0543 			 0.0000
LumA 			 0.2000 			 0.0000 			 0.4837 			 0.0000
LumB 			 0.2000 			 0.1435 			 0.1739 			 0.0000
Epoch 201, Train loss: C1:1.31e-01, C:3.42e-01
Epoch 202, Train loss: C1:1.24e-01, C:3.39e-01
Epoch 203, Train loss: C1:1.36e-01, C:3.42e-01
Epoch 204, Train loss: C1:1.27e-01, C:3.41e-01
Epoch 205, Train loss: C1:1.25e-01, C:3.38e-01
Epoch 206, Train loss: C1:1.14e-01, C:3.42e-01
Epoch 207, Train loss: C1:1.28e-01, C:3.40e-01
Epoch 208, Train loss: C1:1.26e-01, C:3.40e-01
Epoch 209, Train loss: C1:1.24e-01, C:3.44e-01
Epoch 210, Train loss: C1:1.20e-01, C:3.39e-01
Epoch 211, Train loss: C1:1.15e-01, C:3.42e-01
Epoch 212, Train loss: C1:1.17e-01, C:3.43e-01
Epoch 213, Train loss: C1:1.19e-01, C:3.38e-01
Epoch 214, Train loss: C1:1.21e-01, C:3.44e-01
Epoch 215, Train loss: C1:1.25e-01, C:3.38e-01
Epoch 216, Train loss: C1:1.28e-01, C:3.42e-01
Epoch 217, Train loss: C1:1.29e-01, C:3.41e-01
Epoch 218, Train loss: C1:1.14e-01, C:3.38e-01
Epoch 219, Train loss: C1:1.15e-01, C:3.45e-01
Epoch 220, Train loss: C1:1.35e-01, C:3.37e-01
Epoch 221, Train loss: C1:1.25e-01, C:3.41e-01
Epoch 222, Train loss: C1:1.11e-01, C:3.42e-01
Epoch 223, Train loss: C1:1.19e-01, C:3.35e-01
Epoch 224, Train loss: C1:1.28e-01, C:3.44e-01
Epoch 225, Train loss: C1:1.22e-01, C:3.41e-01
Epoch 226, Train loss: C1:1.10e-01, C:3.37e-01
Epoch 227, Train loss: C1:1.16e-01, C:3.41e-01
Epoch 228, Train loss: C1:1.13e-01, C:3.40e-01
Epoch 229, Train loss: C1:1.15e-01, C:3.37e-01
Epoch 230, Train loss: C1:1.11e-01, C:3.42e-01
Epoch 231, Train loss: C1:1.13e-01, C:3.39e-01
Epoch 232, Train loss: C1:1.10e-01, C:3.39e-01
Epoch 233, Train loss: C1:1.19e-01, C:3.40e-01
Epoch 234, Train loss: C1:1.09e-01, C:3.41e-01
Epoch 235, Train loss: C1:1.02e-01, C:3.39e-01
Epoch 236, Train loss: C1:1.18e-01, C:3.40e-01
Epoch 237, Train loss: C1:1.16e-01, C:3.43e-01
Epoch 238, Train loss: C1:1.13e-01, C:3.38e-01
Epoch 239, Train loss: C1:1.12e-01, C:3.39e-01
Epoch 240, Train loss: C1:1.07e-01, C:3.41e-01
Epoch 241, Train loss: C1:1.15e-01, C:3.38e-01
Epoch 242, Train loss: C1:1.13e-01, C:3.40e-01
Epoch 243, Train loss: C1:1.12e-01, C:3.40e-01
Epoch 244, Train loss: C1:1.14e-01, C:3.39e-01
Epoch 245, Train loss: C1:1.13e-01, C:3.39e-01
Epoch 246, Train loss: C1:1.21e-01, C:3.41e-01
Epoch 247, Train loss: C1:1.10e-01, C:3.38e-01
Epoch 248, Train loss: C1:1.10e-01, C:3.41e-01
Epoch 249, Train loss: C1:1.21e-01, C:3.40e-01
Epoch 250, Train loss: C1:1.15e-01, C:3.40e-01

Test: Epoch 250
Train Accuracy: 0.2297   Test ACC: 0.1359
Train F1: 0.1168         Test F1: 0.0325

Label 	   Train Distribution 	 Train Accuracy 	 Test Distribution 	 Test Accuracy
------------------------------------------------------------------------------------------
Normal 			 0.2000 			 0.9809 			 0.1359 			 1.0000
Basal 			 0.2000 			 0.0096 			 0.1522 			 0.0000
Her2 			 0.2000 			 0.0000 			 0.0543 			 0.0000
LumA 			 0.2000 			 0.0000 			 0.4837 			 0.0000
LumB 			 0.2000 			 0.1579 			 0.1739 			 0.0000
Epoch 251, Train loss: C1:1.04e-01, C:3.40e-01
Epoch 252, Train loss: C1:1.09e-01, C:3.38e-01
Epoch 253, Train loss: C1:1.10e-01, C:3.41e-01
Epoch 254, Train loss: C1:1.05e-01, C:3.40e-01
Epoch 255, Train loss: C1:1.05e-01, C:3.41e-01
Epoch 256, Train loss: C1:1.08e-01, C:3.38e-01
Epoch 257, Train loss: C1:1.03e-01, C:3.39e-01
Epoch 258, Train loss: C1:1.08e-01, C:3.41e-01
Epoch 259, Train loss: C1:1.09e-01, C:3.38e-01
Epoch 260, Train loss: C1:1.04e-01, C:3.42e-01
Epoch 261, Train loss: C1:1.03e-01, C:3.37e-01
Epoch 262, Train loss: C1:1.07e-01, C:3.39e-01
Epoch 263, Train loss: C1:1.05e-01, C:3.42e-01
Epoch 264, Train loss: C1:9.81e-02, C:3.37e-01
Epoch 265, Train loss: C1:1.00e-01, C:3.40e-01
Epoch 266, Train loss: C1:1.03e-01, C:3.40e-01
Epoch 267, Train loss: C1:9.82e-02, C:3.41e-01
Epoch 268, Train loss: C1:9.96e-02, C:3.39e-01
Epoch 269, Train loss: C1:9.83e-02, C:3.37e-01
Epoch 270, Train loss: C1:9.58e-02, C:3.41e-01
Epoch 271, Train loss: C1:9.83e-02, C:3.42e-01
Epoch 272, Train loss: C1:9.74e-02, C:3.36e-01
Epoch 273, Train loss: C1:1.05e-01, C:3.41e-01
Epoch 274, Train loss: C1:1.03e-01, C:3.38e-01
Epoch 275, Train loss: C1:9.75e-02, C:3.36e-01
Epoch 276, Train loss: C1:9.56e-02, C:3.41e-01
Epoch 277, Train loss: C1:1.01e-01, C:3.36e-01
Epoch 278, Train loss: C1:1.00e-01, C:3.37e-01
Epoch 279, Train loss: C1:1.03e-01, C:3.40e-01
Epoch 280, Train loss: C1:9.75e-02, C:3.38e-01
Epoch 281, Train loss: C1:9.29e-02, C:3.39e-01
Epoch 282, Train loss: C1:9.66e-02, C:3.38e-01
Epoch 283, Train loss: C1:9.24e-02, C:3.39e-01
Epoch 284, Train loss: C1:9.94e-02, C:3.39e-01
Epoch 285, Train loss: C1:1.01e-01, C:3.39e-01
Epoch 286, Train loss: C1:9.40e-02, C:3.40e-01
Epoch 287, Train loss: C1:9.48e-02, C:3.38e-01
Epoch 288, Train loss: C1:9.66e-02, C:3.38e-01
Epoch 289, Train loss: C1:1.01e-01, C:3.39e-01
Epoch 290, Train loss: C1:9.18e-02, C:3.37e-01
Epoch 291, Train loss: C1:9.45e-02, C:3.39e-01
Epoch 292, Train loss: C1:9.66e-02, C:3.36e-01
Epoch 293, Train loss: C1:1.03e-01, C:3.39e-01
Epoch 294, Train loss: C1:9.57e-02, C:3.38e-01
Epoch 295, Train loss: C1:9.25e-02, C:3.39e-01
Epoch 296, Train loss: C1:9.18e-02, C:3.38e-01
Epoch 297, Train loss: C1:9.60e-02, C:3.39e-01
Epoch 298, Train loss: C1:8.91e-02, C:3.40e-01
Epoch 299, Train loss: C1:9.19e-02, C:3.34e-01
Epoch 300, Train loss: C1:9.77e-02, C:3.40e-01

Test: Epoch 300
Train Accuracy: 0.2163   Test ACC: 0.1359
Train F1: 0.0986         Test F1: 0.0325

Label 	   Train Distribution 	 Train Accuracy 	 Test Distribution 	 Test Accuracy
------------------------------------------------------------------------------------------
Normal 			 0.2000 			 1.0000 			 0.1359 			 1.0000
Basal 			 0.2000 			 0.0191 			 0.1522 			 0.0000
Her2 			 0.2000 			 0.0000 			 0.0543 			 0.0000
LumA 			 0.2000 			 0.0000 			 0.4837 			 0.0000
LumB 			 0.2000 			 0.0622 			 0.1739 			 0.0000
Epoch 301, Train loss: C1:9.70e-02, C:3.36e-01
Epoch 302, Train loss: C1:9.00e-02, C:3.37e-01
Epoch 303, Train loss: C1:8.79e-02, C:3.41e-01
Epoch 304, Train loss: C1:8.94e-02, C:3.37e-01
Epoch 305, Train loss: C1:9.43e-02, C:3.39e-01
Epoch 306, Train loss: C1:9.35e-02, C:3.38e-01
Epoch 307, Train loss: C1:9.15e-02, C:3.37e-01
Epoch 308, Train loss: C1:9.05e-02, C:3.39e-01
Epoch 309, Train loss: C1:9.26e-02, C:3.37e-01
Epoch 310, Train loss: C1:9.12e-02, C:3.36e-01
Epoch 311, Train loss: C1:9.21e-02, C:3.39e-01
Epoch 312, Train loss: C1:9.09e-02, C:3.37e-01
Epoch 313, Train loss: C1:8.86e-02, C:3.37e-01
Epoch 314, Train loss: C1:8.87e-02, C:3.41e-01
Epoch 315, Train loss: C1:8.55e-02, C:3.38e-01
Epoch 316, Train loss: C1:8.47e-02, C:3.39e-01
Epoch 317, Train loss: C1:9.19e-02, C:3.39e-01
Epoch 318, Train loss: C1:8.85e-02, C:3.36e-01
Epoch 319, Train loss: C1:8.40e-02, C:3.39e-01
Epoch 320, Train loss: C1:8.83e-02, C:3.37e-01
Epoch 321, Train loss: C1:9.29e-02, C:3.39e-01
Epoch 322, Train loss: C1:8.65e-02, C:3.37e-01
Epoch 323, Train loss: C1:8.68e-02, C:3.39e-01
Epoch 324, Train loss: C1:9.75e-02, C:3.37e-01
Epoch 325, Train loss: C1:9.11e-02, C:3.37e-01
Epoch 326, Train loss: C1:8.66e-02, C:3.37e-01
Epoch 327, Train loss: C1:9.05e-02, C:3.37e-01
Epoch 328, Train loss: C1:9.57e-02, C:3.38e-01
Epoch 329, Train loss: C1:9.37e-02, C:3.39e-01
Epoch 330, Train loss: C1:8.12e-02, C:3.37e-01
Epoch 331, Train loss: C1:8.44e-02, C:3.37e-01
Epoch 332, Train loss: C1:8.58e-02, C:3.37e-01
Epoch 333, Train loss: C1:8.70e-02, C:3.36e-01
Epoch 334, Train loss: C1:8.93e-02, C:3.38e-01
Epoch 335, Train loss: C1:8.57e-02, C:3.38e-01
Epoch 336, Train loss: C1:8.44e-02, C:3.36e-01
Epoch 337, Train loss: C1:8.27e-02, C:3.38e-01
Epoch 338, Train loss: C1:8.04e-02, C:3.36e-01
Epoch 339, Train loss: C1:8.02e-02, C:3.37e-01
Epoch 340, Train loss: C1:8.12e-02, C:3.37e-01
Epoch 341, Train loss: C1:8.98e-02, C:3.37e-01
Epoch 342, Train loss: C1:8.29e-02, C:3.36e-01
Epoch 343, Train loss: C1:8.45e-02, C:3.36e-01
Epoch 344, Train loss: C1:8.66e-02, C:3.38e-01
Epoch 345, Train loss: C1:9.06e-02, C:3.34e-01
Epoch 346, Train loss: C1:8.42e-02, C:3.39e-01
Epoch 347, Train loss: C1:8.21e-02, C:3.35e-01
Epoch 348, Train loss: C1:8.93e-02, C:3.36e-01
Epoch 349, Train loss: C1:9.22e-02, C:3.39e-01
Epoch 350, Train loss: C1:9.27e-02, C:3.33e-01

Test: Epoch 350
Train Accuracy: 0.2316   Test ACC: 0.1359
Train F1: 0.1232         Test F1: 0.0325

Label 	   Train Distribution 	 Train Accuracy 	 Test Distribution 	 Test Accuracy
------------------------------------------------------------------------------------------
Normal 			 0.2000 			 0.9569 			 0.1359 			 1.0000
Basal 			 0.2000 			 0.0096 			 0.1522 			 0.0000
Her2 			 0.2000 			 0.0000 			 0.0543 			 0.0000
LumA 			 0.2000 			 0.0000 			 0.4837 			 0.0000
LumB 			 0.2000 			 0.1914 			 0.1739 			 0.0000
Epoch 351, Train loss: C1:8.57e-02, C:3.39e-01
Epoch 352, Train loss: C1:8.11e-02, C:3.37e-01
Epoch 353, Train loss: C1:8.25e-02, C:3.34e-01
Epoch 354, Train loss: C1:8.49e-02, C:3.38e-01
Epoch 355, Train loss: C1:8.31e-02, C:3.37e-01
Epoch 356, Train loss: C1:8.01e-02, C:3.35e-01
Epoch 357, Train loss: C1:8.36e-02, C:3.39e-01
Epoch 358, Train loss: C1:8.15e-02, C:3.35e-01
Epoch 359, Train loss: C1:7.93e-02, C:3.36e-01
Epoch 360, Train loss: C1:7.78e-02, C:3.40e-01
Epoch 361, Train loss: C1:8.41e-02, C:3.35e-01
Epoch 362, Train loss: C1:7.97e-02, C:3.35e-01
Epoch 363, Train loss: C1:7.87e-02, C:3.39e-01
Epoch 364, Train loss: C1:8.48e-02, C:3.34e-01
Epoch 365, Train loss: C1:8.48e-02, C:3.36e-01
Epoch 366, Train loss: C1:8.51e-02, C:3.38e-01
Epoch 367, Train loss: C1:8.29e-02, C:3.35e-01
Epoch 368, Train loss: C1:8.75e-02, C:3.36e-01
Epoch 369, Train loss: C1:8.24e-02, C:3.37e-01
Epoch 370, Train loss: C1:8.26e-02, C:3.34e-01
Epoch 371, Train loss: C1:8.95e-02, C:3.36e-01
Epoch 372, Train loss: C1:7.97e-02, C:3.37e-01
Epoch 373, Train loss: C1:8.00e-02, C:3.33e-01
Epoch 374, Train loss: C1:8.25e-02, C:3.36e-01
Epoch 375, Train loss: C1:7.30e-02, C:3.38e-01
Epoch 376, Train loss: C1:7.64e-02, C:3.34e-01
Epoch 377, Train loss: C1:8.16e-02, C:3.35e-01
Epoch 378, Train loss: C1:7.23e-02, C:3.37e-01
Epoch 379, Train loss: C1:7.34e-02, C:3.33e-01
Epoch 380, Train loss: C1:7.97e-02, C:3.37e-01
Epoch 381, Train loss: C1:7.28e-02, C:3.37e-01
Epoch 382, Train loss: C1:7.74e-02, C:3.35e-01
Epoch 383, Train loss: C1:8.03e-02, C:3.36e-01
Epoch 384, Train loss: C1:7.65e-02, C:3.38e-01
Epoch 385, Train loss: C1:7.55e-02, C:3.32e-01
Epoch 386, Train loss: C1:7.83e-02, C:3.37e-01
Epoch 387, Train loss: C1:7.56e-02, C:3.37e-01
Epoch 388, Train loss: C1:7.37e-02, C:3.34e-01
Epoch 389, Train loss: C1:7.45e-02, C:3.37e-01
Epoch 390, Train loss: C1:7.16e-02, C:3.36e-01
Epoch 391, Train loss: C1:7.16e-02, C:3.34e-01
Epoch 392, Train loss: C1:7.47e-02, C:3.38e-01
Epoch 393, Train loss: C1:7.47e-02, C:3.37e-01
Epoch 394, Train loss: C1:7.43e-02, C:3.34e-01
Epoch 395, Train loss: C1:7.88e-02, C:3.37e-01
Epoch 396, Train loss: C1:7.42e-02, C:3.36e-01
Epoch 397, Train loss: C1:7.05e-02, C:3.35e-01
Epoch 398, Train loss: C1:7.24e-02, C:3.35e-01
Epoch 399, Train loss: C1:7.22e-02, C:3.36e-01
Epoch 400, Train loss: C1:6.87e-02, C:3.35e-01

Test: Epoch 400
Train Accuracy: 0.2306   Test ACC: 0.1359
Train F1: 0.1199         Test F1: 0.0325

Label 	   Train Distribution 	 Train Accuracy 	 Test Distribution 	 Test Accuracy
------------------------------------------------------------------------------------------
Normal 			 0.2000 			 0.9809 			 0.1359 			 1.0000
Basal 			 0.2000 			 0.0000 			 0.1522 			 0.0000
Her2 			 0.2000 			 0.0000 			 0.0543 			 0.0000
LumA 			 0.2000 			 0.0000 			 0.4837 			 0.0000
LumB 			 0.2000 			 0.1722 			 0.1739 			 0.0000
Epoch 401, Train loss: C1:6.84e-02, C:3.36e-01
Epoch 402, Train loss: C1:7.33e-02, C:3.35e-01
Epoch 403, Train loss: C1:7.77e-02, C:3.34e-01
Epoch 404, Train loss: C1:7.38e-02, C:3.37e-01
Epoch 405, Train loss: C1:7.43e-02, C:3.33e-01
Epoch 406, Train loss: C1:7.50e-02, C:3.37e-01
Epoch 407, Train loss: C1:8.40e-02, C:3.35e-01
Epoch 408, Train loss: C1:7.85e-02, C:3.33e-01
Epoch 409, Train loss: C1:7.54e-02, C:3.37e-01
Epoch 410, Train loss: C1:7.31e-02, C:3.33e-01
Epoch 411, Train loss: C1:7.57e-02, C:3.36e-01
Epoch 412, Train loss: C1:7.63e-02, C:3.36e-01
Epoch 413, Train loss: C1:7.02e-02, C:3.34e-01
Epoch 414, Train loss: C1:7.26e-02, C:3.34e-01
Epoch 415, Train loss: C1:6.89e-02, C:3.36e-01
Epoch 416, Train loss: C1:7.01e-02, C:3.35e-01
Epoch 417, Train loss: C1:6.89e-02, C:3.35e-01
Epoch 418, Train loss: C1:6.99e-02, C:3.34e-01
Epoch 419, Train loss: C1:7.20e-02, C:3.35e-01
Epoch 420, Train loss: C1:6.98e-02, C:3.35e-01
Epoch 421, Train loss: C1:6.82e-02, C:3.36e-01
Epoch 422, Train loss: C1:7.04e-02, C:3.35e-01
Epoch 423, Train loss: C1:6.63e-02, C:3.35e-01
Epoch 424, Train loss: C1:7.27e-02, C:3.37e-01
Epoch 425, Train loss: C1:7.64e-02, C:3.33e-01
Epoch 426, Train loss: C1:7.17e-02, C:3.35e-01
Epoch 427, Train loss: C1:6.94e-02, C:3.36e-01
Epoch 428, Train loss: C1:6.77e-02, C:3.35e-01
Epoch 429, Train loss: C1:6.81e-02, C:3.34e-01
Epoch 430, Train loss: C1:6.77e-02, C:3.36e-01
Epoch 431, Train loss: C1:6.46e-02, C:3.34e-01
Epoch 432, Train loss: C1:6.74e-02, C:3.35e-01
Epoch 433, Train loss: C1:6.48e-02, C:3.35e-01
Epoch 434, Train loss: C1:6.83e-02, C:3.34e-01
Epoch 435, Train loss: C1:6.56e-02, C:3.35e-01
Epoch 436, Train loss: C1:6.72e-02, C:3.35e-01
Epoch 437, Train loss: C1:6.98e-02, C:3.34e-01
Epoch 438, Train loss: C1:6.86e-02, C:3.36e-01
Epoch 439, Train loss: C1:7.04e-02, C:3.33e-01
Epoch 440, Train loss: C1:6.70e-02, C:3.36e-01
Epoch 441, Train loss: C1:6.44e-02, C:3.34e-01
Epoch 442, Train loss: C1:6.79e-02, C:3.34e-01
Epoch 443, Train loss: C1:6.89e-02, C:3.35e-01
Epoch 444, Train loss: C1:6.82e-02, C:3.33e-01
Epoch 445, Train loss: C1:6.66e-02, C:3.35e-01
Epoch 446, Train loss: C1:6.46e-02, C:3.34e-01
Epoch 447, Train loss: C1:6.15e-02, C:3.34e-01
Epoch 448, Train loss: C1:6.52e-02, C:3.34e-01
Epoch 449, Train loss: C1:6.37e-02, C:3.35e-01
Epoch 450, Train loss: C1:6.50e-02, C:3.34e-01

Test: Epoch 450
Train Accuracy: 0.2287   Test ACC: 0.1359
Train F1: 0.1144         Test F1: 0.0325

Label 	   Train Distribution 	 Train Accuracy 	 Test Distribution 	 Test Accuracy
------------------------------------------------------------------------------------------
Normal 			 0.2000 			 0.9904 			 0.1359 			 1.0000
Basal 			 0.2000 			 0.0000 			 0.1522 			 0.0000
Her2 			 0.2000 			 0.0000 			 0.0543 			 0.0000
LumA 			 0.2000 			 0.0000 			 0.4837 			 0.0000
LumB 			 0.2000 			 0.1531 			 0.1739 			 0.0000
Epoch 451, Train loss: C1:6.11e-02, C:3.33e-01
Epoch 452, Train loss: C1:6.46e-02, C:3.36e-01
Epoch 453, Train loss: C1:6.27e-02, C:3.34e-01
Epoch 454, Train loss: C1:6.34e-02, C:3.34e-01
Epoch 455, Train loss: C1:6.73e-02, C:3.34e-01
Epoch 456, Train loss: C1:6.75e-02, C:3.34e-01
Epoch 457, Train loss: C1:7.08e-02, C:3.36e-01
Epoch 458, Train loss: C1:7.18e-02, C:3.31e-01
Epoch 459, Train loss: C1:6.51e-02, C:3.35e-01
Epoch 460, Train loss: C1:6.40e-02, C:3.34e-01
Epoch 461, Train loss: C1:6.75e-02, C:3.33e-01
Epoch 462, Train loss: C1:7.06e-02, C:3.36e-01
Epoch 463, Train loss: C1:6.40e-02, C:3.34e-01
Epoch 464, Train loss: C1:6.07e-02, C:3.34e-01
Epoch 465, Train loss: C1:6.68e-02, C:3.35e-01
Epoch 466, Train loss: C1:6.47e-02, C:3.33e-01
Epoch 467, Train loss: C1:6.22e-02, C:3.35e-01
Epoch 468, Train loss: C1:6.05e-02, C:3.34e-01
Epoch 469, Train loss: C1:6.55e-02, C:3.34e-01
Epoch 470, Train loss: C1:6.39e-02, C:3.35e-01
Epoch 471, Train loss: C1:6.41e-02, C:3.33e-01
Epoch 472, Train loss: C1:6.28e-02, C:3.33e-01
Epoch 473, Train loss: C1:6.66e-02, C:3.35e-01
Epoch 474, Train loss: C1:6.41e-02, C:3.33e-01
Epoch 475, Train loss: C1:6.20e-02, C:3.33e-01
Epoch 476, Train loss: C1:6.16e-02, C:3.35e-01
Epoch 477, Train loss: C1:6.62e-02, C:3.32e-01
Epoch 478, Train loss: C1:6.40e-02, C:3.35e-01
Epoch 479, Train loss: C1:6.23e-02, C:3.32e-01
Epoch 480, Train loss: C1:7.24e-02, C:3.35e-01
Epoch 481, Train loss: C1:7.21e-02, C:3.33e-01
Epoch 482, Train loss: C1:6.53e-02, C:3.34e-01
Epoch 483, Train loss: C1:6.08e-02, C:3.34e-01
Epoch 484, Train loss: C1:6.19e-02, C:3.32e-01
Epoch 485, Train loss: C1:6.56e-02, C:3.37e-01
Epoch 486, Train loss: C1:6.33e-02, C:3.30e-01
Epoch 487, Train loss: C1:6.26e-02, C:3.34e-01
Epoch 488, Train loss: C1:6.54e-02, C:3.35e-01
Epoch 489, Train loss: C1:6.29e-02, C:3.32e-01
Epoch 490, Train loss: C1:6.38e-02, C:3.34e-01
Epoch 491, Train loss: C1:6.45e-02, C:3.33e-01
Epoch 492, Train loss: C1:6.06e-02, C:3.33e-01
Epoch 493, Train loss: C1:6.04e-02, C:3.35e-01
Epoch 494, Train loss: C1:6.45e-02, C:3.32e-01
Epoch 495, Train loss: C1:6.23e-02, C:3.33e-01
Epoch 496, Train loss: C1:5.97e-02, C:3.35e-01
Epoch 497, Train loss: C1:6.04e-02, C:3.33e-01
Epoch 498, Train loss: C1:5.93e-02, C:3.33e-01
Epoch 499, Train loss: C1:5.68e-02, C:3.33e-01
Epoch 500, Train loss: C1:5.81e-02, C:3.32e-01

Test: Epoch 500
Train Accuracy: 0.2431   Test ACC: 0.1413
Train F1: 0.1300         Test F1: 0.0432

Label 	   Train Distribution 	 Train Accuracy 	 Test Distribution 	 Test Accuracy
------------------------------------------------------------------------------------------
Normal 			 0.2000 			 0.9952 			 0.1359 			 1.0000
Basal 			 0.2000 			 0.0096 			 0.1522 			 0.0000
Her2 			 0.2000 			 0.0000 			 0.0543 			 0.0000
LumA 			 0.2000 			 0.0000 			 0.4837 			 0.0000
LumB 			 0.2000 			 0.2105 			 0.1739 			 0.0312
Epoch 501, Train loss: C1:5.45e-02, C:3.34e-01
Epoch 502, Train loss: C1:5.75e-02, C:3.32e-01
Epoch 503, Train loss: C1:5.95e-02, C:3.33e-01
Epoch 504, Train loss: C1:5.74e-02, C:3.34e-01
Epoch 505, Train loss: C1:5.56e-02, C:3.33e-01
Epoch 506, Train loss: C1:5.68e-02, C:3.34e-01
Epoch 507, Train loss: C1:6.12e-02, C:3.33e-01
Epoch 508, Train loss: C1:6.31e-02, C:3.34e-01
Epoch 509, Train loss: C1:5.98e-02, C:3.32e-01
Epoch 510, Train loss: C1:5.82e-02, C:3.33e-01
Epoch 511, Train loss: C1:5.83e-02, C:3.34e-01
Epoch 512, Train loss: C1:5.73e-02, C:3.31e-01
Epoch 513, Train loss: C1:6.33e-02, C:3.34e-01
Epoch 514, Train loss: C1:6.11e-02, C:3.32e-01
Epoch 515, Train loss: C1:5.77e-02, C:3.33e-01
Epoch 516, Train loss: C1:5.62e-02, C:3.35e-01
Epoch 517, Train loss: C1:6.25e-02, C:3.31e-01
Epoch 518, Train loss: C1:5.92e-02, C:3.34e-01
Epoch 519, Train loss: C1:5.72e-02, C:3.32e-01
Epoch 520, Train loss: C1:5.76e-02, C:3.32e-01
Epoch 521, Train loss: C1:5.86e-02, C:3.34e-01
Epoch 522, Train loss: C1:5.69e-02, C:3.31e-01
Epoch 523, Train loss: C1:5.53e-02, C:3.32e-01
Epoch 524, Train loss: C1:5.76e-02, C:3.33e-01
Epoch 525, Train loss: C1:5.73e-02, C:3.31e-01
Epoch 526, Train loss: C1:5.83e-02, C:3.33e-01
Epoch 527, Train loss: C1:6.06e-02, C:3.32e-01
Epoch 528, Train loss: C1:5.94e-02, C:3.32e-01
Epoch 529, Train loss: C1:5.42e-02, C:3.34e-01
Epoch 530, Train loss: C1:5.82e-02, C:3.31e-01
Epoch 531, Train loss: C1:5.64e-02, C:3.32e-01
Epoch 532, Train loss: C1:5.64e-02, C:3.35e-01
Epoch 533, Train loss: C1:5.55e-02, C:3.32e-01
Epoch 534, Train loss: C1:5.69e-02, C:3.34e-01
Epoch 535, Train loss: C1:5.78e-02, C:3.32e-01
Epoch 536, Train loss: C1:5.62e-02, C:3.31e-01
Epoch 537, Train loss: C1:5.45e-02, C:3.34e-01
Epoch 538, Train loss: C1:5.86e-02, C:3.33e-01
Epoch 539, Train loss: C1:5.55e-02, C:3.32e-01
Epoch 540, Train loss: C1:5.59e-02, C:3.33e-01
Epoch 541, Train loss: C1:5.31e-02, C:3.30e-01
Epoch 542, Train loss: C1:5.62e-02, C:3.32e-01
Epoch 543, Train loss: C1:5.61e-02, C:3.32e-01
Epoch 544, Train loss: C1:5.69e-02, C:3.31e-01
Epoch 545, Train loss: C1:5.59e-02, C:3.33e-01
Epoch 546, Train loss: C1:5.69e-02, C:3.32e-01
Epoch 547, Train loss: C1:5.52e-02, C:3.31e-01
Epoch 548, Train loss: C1:5.52e-02, C:3.34e-01
Epoch 549, Train loss: C1:5.53e-02, C:3.32e-01
Epoch 550, Train loss: C1:5.67e-02, C:3.31e-01

Test: Epoch 550
Train Accuracy: 0.2411   Test ACC: 0.1413
Train F1: 0.1371         Test F1: 0.0432

Label 	   Train Distribution 	 Train Accuracy 	 Test Distribution 	 Test Accuracy
------------------------------------------------------------------------------------------
Normal 			 0.2000 			 0.9713 			 0.1359 			 1.0000
Basal 			 0.2000 			 0.0287 			 0.1522 			 0.0000
Her2 			 0.2000 			 0.0000 			 0.0543 			 0.0000
LumA 			 0.2000 			 0.0000 			 0.4837 			 0.0000
LumB 			 0.2000 			 0.2057 			 0.1739 			 0.0312
Epoch 551, Train loss: C1:5.36e-02, C:3.33e-01
Epoch 552, Train loss: C1:5.41e-02, C:3.32e-01
Epoch 553, Train loss: C1:5.54e-02, C:3.31e-01
Epoch 554, Train loss: C1:5.56e-02, C:3.34e-01
Epoch 555, Train loss: C1:5.51e-02, C:3.31e-01
Epoch 556, Train loss: C1:5.47e-02, C:3.33e-01
Epoch 557, Train loss: C1:5.57e-02, C:3.32e-01
Epoch 558, Train loss: C1:5.30e-02, C:3.32e-01
Epoch 559, Train loss: C1:5.22e-02, C:3.32e-01
Epoch 560, Train loss: C1:5.35e-02, C:3.32e-01
Epoch 561, Train loss: C1:5.18e-02, C:3.33e-01
Epoch 562, Train loss: C1:5.27e-02, C:3.32e-01
Epoch 563, Train loss: C1:5.22e-02, C:3.32e-01
Epoch 564, Train loss: C1:5.10e-02, C:3.31e-01
Epoch 565, Train loss: C1:5.39e-02, C:3.33e-01
Epoch 566, Train loss: C1:5.31e-02, C:3.32e-01
Epoch 567, Train loss: C1:5.51e-02, C:3.31e-01
Epoch 568, Train loss: C1:5.28e-02, C:3.33e-01
Epoch 569, Train loss: C1:5.32e-02, C:3.31e-01
Epoch 570, Train loss: C1:5.36e-02, C:3.31e-01
Epoch 571, Train loss: C1:5.31e-02, C:3.33e-01
Epoch 572, Train loss: C1:5.59e-02, C:3.30e-01
Epoch 573, Train loss: C1:6.16e-02, C:3.35e-01
Epoch 574, Train loss: C1:6.29e-02, C:3.30e-01
Epoch 575, Train loss: C1:5.41e-02, C:3.31e-01
Epoch 576, Train loss: C1:5.12e-02, C:3.34e-01
Epoch 577, Train loss: C1:5.18e-02, C:3.29e-01
Epoch 578, Train loss: C1:5.77e-02, C:3.33e-01
Epoch 579, Train loss: C1:5.46e-02, C:3.33e-01
Epoch 580, Train loss: C1:5.10e-02, C:3.30e-01
Epoch 581, Train loss: C1:4.98e-02, C:3.32e-01
Epoch 582, Train loss: C1:5.25e-02, C:3.32e-01
Epoch 583, Train loss: C1:4.97e-02, C:3.31e-01
Epoch 584, Train loss: C1:5.09e-02, C:3.32e-01
Epoch 585, Train loss: C1:5.12e-02, C:3.31e-01
Epoch 586, Train loss: C1:5.04e-02, C:3.31e-01
Epoch 587, Train loss: C1:4.84e-02, C:3.32e-01
Epoch 588, Train loss: C1:4.84e-02, C:3.30e-01
Epoch 589, Train loss: C1:4.97e-02, C:3.31e-01
Epoch 590, Train loss: C1:4.91e-02, C:3.32e-01
Epoch 591, Train loss: C1:4.90e-02, C:3.31e-01
Epoch 592, Train loss: C1:5.16e-02, C:3.31e-01
Epoch 593, Train loss: C1:5.11e-02, C:3.32e-01
Epoch 594, Train loss: C1:4.90e-02, C:3.31e-01
Epoch 595, Train loss: C1:4.95e-02, C:3.31e-01
Epoch 596, Train loss: C1:5.23e-02, C:3.32e-01
Epoch 597, Train loss: C1:5.65e-02, C:3.30e-01
Epoch 598, Train loss: C1:5.90e-02, C:3.31e-01
Epoch 599, Train loss: C1:5.80e-02, C:3.32e-01
Epoch 600, Train loss: C1:5.33e-02, C:3.30e-01

Test: Epoch 600
Train Accuracy: 0.2593   Test ACC: 0.2228
Train F1: 0.1473         Test F1: 0.1183

Label 	   Train Distribution 	 Train Accuracy 	 Test Distribution 	 Test Accuracy
------------------------------------------------------------------------------------------
Normal 			 0.2000 			 0.9522 			 0.1359 			 1.0000
Basal 			 0.2000 			 0.0048 			 0.1522 			 0.0000
Her2 			 0.2000 			 0.0000 			 0.0543 			 0.0000
LumA 			 0.2000 			 0.0000 			 0.4837 			 0.0000
LumB 			 0.2000 			 0.3397 			 0.1739 			 0.5000
Epoch 601, Train loss: C1:5.13e-02, C:3.32e-01
Epoch 602, Train loss: C1:5.30e-02, C:3.31e-01
Epoch 603, Train loss: C1:5.18e-02, C:3.30e-01
Epoch 604, Train loss: C1:5.12e-02, C:3.33e-01
Epoch 605, Train loss: C1:5.00e-02, C:3.29e-01
Epoch 606, Train loss: C1:4.91e-02, C:3.31e-01
Epoch 607, Train loss: C1:4.78e-02, C:3.33e-01
Epoch 608, Train loss: C1:4.89e-02, C:3.29e-01
Epoch 609, Train loss: C1:5.01e-02, C:3.32e-01
Epoch 610, Train loss: C1:4.86e-02, C:3.32e-01
Epoch 611, Train loss: C1:5.12e-02, C:3.29e-01
Epoch 612, Train loss: C1:4.99e-02, C:3.32e-01
Epoch 613, Train loss: C1:4.75e-02, C:3.31e-01
Epoch 614, Train loss: C1:4.95e-02, C:3.29e-01
Epoch 615, Train loss: C1:4.73e-02, C:3.32e-01
Epoch 616, Train loss: C1:4.87e-02, C:3.30e-01
Epoch 617, Train loss: C1:4.93e-02, C:3.31e-01
Epoch 618, Train loss: C1:4.95e-02, C:3.31e-01
Epoch 619, Train loss: C1:4.74e-02, C:3.29e-01
Epoch 620, Train loss: C1:4.68e-02, C:3.30e-01
Epoch 621, Train loss: C1:4.95e-02, C:3.30e-01
Epoch 622, Train loss: C1:4.99e-02, C:3.30e-01
Epoch 623, Train loss: C1:4.86e-02, C:3.31e-01
Epoch 624, Train loss: C1:4.48e-02, C:3.31e-01
Epoch 625, Train loss: C1:5.07e-02, C:3.30e-01
Epoch 626, Train loss: C1:5.22e-02, C:3.32e-01
Epoch 627, Train loss: C1:5.07e-02, C:3.30e-01
Epoch 628, Train loss: C1:5.12e-02, C:3.30e-01
Epoch 629, Train loss: C1:4.85e-02, C:3.30e-01
Epoch 630, Train loss: C1:5.17e-02, C:3.30e-01
Epoch 631, Train loss: C1:4.80e-02, C:3.30e-01
Epoch 632, Train loss: C1:4.71e-02, C:3.31e-01
Epoch 633, Train loss: C1:5.45e-02, C:3.30e-01
Epoch 634, Train loss: C1:4.97e-02, C:3.30e-01
Epoch 635, Train loss: C1:4.47e-02, C:3.31e-01
Epoch 636, Train loss: C1:4.57e-02, C:3.30e-01
Epoch 637, Train loss: C1:4.84e-02, C:3.30e-01
Epoch 638, Train loss: C1:4.63e-02, C:3.30e-01
Epoch 639, Train loss: C1:4.55e-02, C:3.29e-01
Epoch 640, Train loss: C1:4.91e-02, C:3.31e-01
Epoch 641, Train loss: C1:4.96e-02, C:3.31e-01
Epoch 642, Train loss: C1:4.45e-02, C:3.29e-01
Epoch 643, Train loss: C1:4.76e-02, C:3.30e-01
Epoch 644, Train loss: C1:4.83e-02, C:3.30e-01
Epoch 645, Train loss: C1:4.91e-02, C:3.30e-01
Epoch 646, Train loss: C1:5.21e-02, C:3.30e-01
Epoch 647, Train loss: C1:5.10e-02, C:3.31e-01
Epoch 648, Train loss: C1:4.32e-02, C:3.29e-01
Epoch 649, Train loss: C1:4.94e-02, C:3.30e-01
Epoch 650, Train loss: C1:5.07e-02, C:3.31e-01

Test: Epoch 650
Train Accuracy: 0.2459   Test ACC: 0.1413
Train F1: 0.1428         Test F1: 0.0432

Label 	   Train Distribution 	 Train Accuracy 	 Test Distribution 	 Test Accuracy
------------------------------------------------------------------------------------------
Normal 			 0.2000 			 0.9809 			 0.1359 			 1.0000
Basal 			 0.2000 			 0.0383 			 0.1522 			 0.0000
Her2 			 0.2000 			 0.0000 			 0.0543 			 0.0000
LumA 			 0.2000 			 0.0000 			 0.4837 			 0.0000
LumB 			 0.2000 			 0.2105 			 0.1739 			 0.0312
Epoch 651, Train loss: C1:4.69e-02, C:3.29e-01
Epoch 652, Train loss: C1:4.57e-02, C:3.30e-01
Epoch 653, Train loss: C1:4.82e-02, C:3.31e-01
Epoch 654, Train loss: C1:4.79e-02, C:3.29e-01
Epoch 655, Train loss: C1:4.64e-02, C:3.30e-01
Epoch 656, Train loss: C1:4.64e-02, C:3.31e-01
Epoch 657, Train loss: C1:4.44e-02, C:3.29e-01
Epoch 658, Train loss: C1:4.31e-02, C:3.30e-01
Epoch 659, Train loss: C1:4.48e-02, C:3.30e-01
Epoch 660, Train loss: C1:4.50e-02, C:3.29e-01
Epoch 661, Train loss: C1:4.34e-02, C:3.31e-01
Epoch 662, Train loss: C1:4.43e-02, C:3.30e-01
Epoch 663, Train loss: C1:4.50e-02, C:3.29e-01
Epoch 664, Train loss: C1:4.47e-02, C:3.31e-01
Epoch 665, Train loss: C1:4.53e-02, C:3.29e-01
Epoch 666, Train loss: C1:4.40e-02, C:3.31e-01
Epoch 667, Train loss: C1:4.40e-02, C:3.30e-01
Epoch 668, Train loss: C1:4.33e-02, C:3.29e-01
Epoch 669, Train loss: C1:4.59e-02, C:3.31e-01
Epoch 670, Train loss: C1:5.11e-02, C:3.29e-01
Epoch 671, Train loss: C1:4.89e-02, C:3.30e-01
Epoch 672, Train loss: C1:4.41e-02, C:3.31e-01
Epoch 673, Train loss: C1:4.27e-02, C:3.29e-01
Epoch 674, Train loss: C1:4.68e-02, C:3.31e-01
Epoch 675, Train loss: C1:4.79e-02, C:3.29e-01
Epoch 676, Train loss: C1:4.14e-02, C:3.28e-01
Epoch 677, Train loss: C1:4.46e-02, C:3.31e-01
Epoch 678, Train loss: C1:4.73e-02, C:3.28e-01
Epoch 679, Train loss: C1:4.44e-02, C:3.30e-01
Epoch 680, Train loss: C1:4.20e-02, C:3.30e-01
Epoch 681, Train loss: C1:4.47e-02, C:3.28e-01
Epoch 682, Train loss: C1:4.42e-02, C:3.31e-01
Epoch 683, Train loss: C1:4.27e-02, C:3.30e-01
Epoch 684, Train loss: C1:4.44e-02, C:3.29e-01
Epoch 685, Train loss: C1:4.61e-02, C:3.30e-01
Epoch 686, Train loss: C1:4.24e-02, C:3.29e-01
Epoch 687, Train loss: C1:4.50e-02, C:3.30e-01
Epoch 688, Train loss: C1:4.55e-02, C:3.30e-01
Epoch 689, Train loss: C1:4.28e-02, C:3.29e-01
Epoch 690, Train loss: C1:4.17e-02, C:3.29e-01
Epoch 691, Train loss: C1:4.44e-02, C:3.30e-01
Epoch 692, Train loss: C1:4.42e-02, C:3.29e-01
Epoch 693, Train loss: C1:4.20e-02, C:3.30e-01
Epoch 694, Train loss: C1:4.09e-02, C:3.28e-01
Epoch 695, Train loss: C1:4.34e-02, C:3.30e-01
Epoch 696, Train loss: C1:4.14e-02, C:3.29e-01
Epoch 697, Train loss: C1:4.17e-02, C:3.30e-01
Epoch 698, Train loss: C1:4.41e-02, C:3.29e-01
Epoch 699, Train loss: C1:4.30e-02, C:3.30e-01
Epoch 700, Train loss: C1:4.08e-02, C:3.30e-01

Test: Epoch 700
Train Accuracy: 0.2928   Test ACC: 0.2717
Train F1: 0.1759         Test F1: 0.1387

Label 	   Train Distribution 	 Train Accuracy 	 Test Distribution 	 Test Accuracy
------------------------------------------------------------------------------------------
Normal 			 0.2000 			 0.9569 			 0.1359 			 1.0000
Basal 			 0.2000 			 0.0191 			 0.1522 			 0.0000
Her2 			 0.2000 			 0.0000 			 0.0543 			 0.0000
LumA 			 0.2000 			 0.0000 			 0.4837 			 0.0000
LumB 			 0.2000 			 0.4880 			 0.1739 			 0.7812
Epoch 701, Train loss: C1:4.22e-02, C:3.29e-01
Epoch 702, Train loss: C1:4.27e-02, C:3.30e-01
Epoch 703, Train loss: C1:4.16e-02, C:3.29e-01