(6135, 25)
(6135, 25)
n_neighbors=500


Spearman Scores:
CD11a          0.667222
CD11c          0.827606
CD123          0.481503
CD127-IL7Ra    0.506191
CD14_y         0.823877
CD16           0.630177
CD161          0.474946
CD19           0.774262
CD197-CCR7     0.330014
CD25           0.255133
CD27           0.618875
CD278-ICOS     0.483168
CD28           0.559722
CD3            0.588998
CD34_y         0.288609
CD38_y         0.427499
CD4            0.506629
CD45RA         0.544135
CD45RO         0.343834
CD56           0.425786
CD57           0.241819
CD69           0.528672
CD79b          0.605137
CD8a           0.592686
HLA.DR         0.572379
dtype: float64

