mean
MSE =  0.009620970744921662
RMSE =  0.09808654721684143
NRMSE =  1.3514235544024777

--------------------------------------------------

median
MSE =  0.010075453599408507
RMSE =  0.10037655901358895
NRMSE =  1.382975035923613

--------------------------------------------------

enet_0.2
MSE =  0.009620970744921662
RMSE =  0.09808654721684143
NRMSE =  1.3514235544024777

--------------------------------------------------

enet_0.8
MSE =  0.009620970744921662
RMSE =  0.09808654721684143
NRMSE =  1.3514235544024777

--------------------------------------------------

knn_iter
MSE =  0.009582576555745282
RMSE =  0.09789063568975984
NRMSE =  1.3487243111342677

--------------------------------------------------

rf3
MSE =  0.009679243694322855
RMSE =  0.09838314741012738
NRMSE =  1.3555100728784604

--------------------------------------------------

rf7
MSE =  0.00963302496690002
RMSE =  0.09814797484869477
NRMSE =  1.3522698962396946

--------------------------------------------------

knn1
MSE =  0.014636142899083526
RMSE =  0.12097992767018637
NRMSE =  1.666845541029768

--------------------------------------------------

knn5
MSE =  0.010334529274674405
RMSE =  0.10165888684554049
NRMSE =  1.400642780234503

--------------------------------------------------

knn10
MSE =  0.009790715953795251
RMSE =  0.09894804674067725
NRMSE =  1.363293181600634

--------------------------------------------------

knn25
MSE =  0.009462834809902515
RMSE =  0.09727710321500387
NRMSE =  1.340271141343888

--------------------------------------------------

knn50
MSE =  0.009336726184496203
RMSE =  0.09662673638541355
NRMSE =  1.3313104726543543

--------------------------------------------------

knn75
MSE =  0.00937515824114975
RMSE =  0.09682540080552081
NRMSE =  1.3340476449208134

--------------------------------------------------

knn100
MSE =  0.009397119231092212
RMSE =  0.09693873957862363
NRMSE =  1.3356092116386185

--------------------------------------------------

knn150
MSE =  0.009422983366090393
RMSE =  0.09707205244605882
NRMSE =  1.3374459788026063

--------------------------------------------------

knn200
MSE =  0.009446843264378365
RMSE =  0.09719487262391141
NRMSE =  1.3391381790687544

--------------------------------------------------

{'mean': 1.3514235544024777, 'median': 1.382975035923613, 'enet_0.2': 1.3514235544024777, 'enet_0.8': 1.3514235544024777, 'knn_iter': 1.3487243111342677, 'rf3': 1.3555100728784604, 'rf7': 1.3522698962396946, 'knn1': 1.666845541029768, 'knn5': 1.400642780234503, 'knn10': 1.363293181600634, 'knn25': 1.340271141343888, 'knn50': 1.3313104726543543, 'knn75': 1.3340476449208134, 'knn100': 1.3356092116386185, 'knn150': 1.3374459788026063, 'knn200': 1.3391381790687544}
