
 ==================================================
Missing datatype =  ['mirna'] 

mean
RMSE =  0.08532672527431143
Std =  0.04489987012416516

 --------------------------------------------------
median
RMSE =  0.08689814304678173
Std =  0.03600215901869758

 --------------------------------------------------
enet
RMSE =  0.08532672527431143
Std =  0.04489987012416516

 --------------------------------------------------
knn_iter
RMSE =  0.08232849364052554
Std =  0.041270431056112195

 --------------------------------------------------
rf
RMSE =  0.0850990679099197
Std =  0.055939636742600975

 --------------------------------------------------
knn1
RMSE =  0.11449270807800034
Std =  0.10300682466039278

 --------------------------------------------------
knn50
RMSE =  0.08377699202034146
Std =  0.054363444672457586

 --------------------------------------------------

 ==================================================
Missing datatype =  ['meth'] 

mean
RMSE =  0.13395549781914132
Std =  0.20719970088331416

 --------------------------------------------------
median
RMSE =  0.1365261915838666
Std =  0.2312080618038297

 --------------------------------------------------
enet
RMSE =  0.13395549781914132
Std =  0.20719970088331416

 --------------------------------------------------
knn_iter
RMSE =  0.1315249295124012
Std =  0.22339018235094285

 --------------------------------------------------
rf
RMSE =  0.1309983108210708
Std =  0.22117273295887646

 --------------------------------------------------
knn1
RMSE =  0.15190264335739462
Std =  0.2406881569627652

 --------------------------------------------------
knn50
RMSE =  0.12619914935603635
Std =  0.21719086090692338

 --------------------------------------------------

 ==================================================
Missing datatype =  ['mrna'] 

mean
RMSE =  0.1386394962855829
Std =  0.09626461413543717

 --------------------------------------------------
median
RMSE =  0.13904486085483822
Std =  0.10595014032466653

 --------------------------------------------------
enet
RMSE =  0.1386394962855829
Std =  0.09626461413543717

 --------------------------------------------------
knn_iter
RMSE =  0.1372066760248861
Std =  0.11693420404878326

 --------------------------------------------------
rf
RMSE =  0.1348820758684213
Std =  0.1118127714094575

 --------------------------------------------------
knn1
RMSE =  0.16348365256327374
Std =  0.16122432251072852

 --------------------------------------------------
knn50
RMSE =  0.13213429198030996
Std =  0.11389051299056539

 --------------------------------------------------

 ==================================================
Missing datatype =  ['mirna', 'meth'] 

mean
RMSE =  0.1255543078298891
Std =  0.26100866746264045

 --------------------------------------------------
median
RMSE =  0.1279546018074483
Std =  0.28414112816315185

 --------------------------------------------------
enet
RMSE =  0.1255543078298891
Std =  0.26100866746264045

 --------------------------------------------------
knn_iter
RMSE =  0.12337420306419647
Std =  0.2769744877298138

 --------------------------------------------------
rf
RMSE =  0.1232409232343429
Std =  0.27132020754605113

 --------------------------------------------------
knn1
RMSE =  0.14384952799697362
Std =  0.2857795271169127

 --------------------------------------------------
knn50
RMSE =  0.11858036659177382
Std =  0.2674971878385363

 --------------------------------------------------

 ==================================================
Missing datatype =  ['meth', 'mrna'] 

mean
RMSE =  0.13631761684810612
Std =  0.1619799396547426

 --------------------------------------------------
median
RMSE =  0.13779128114386624
Std =  0.18028475207597217

 --------------------------------------------------
enet
RMSE =  0.13631761684810612
Std =  0.1619799396547426

 --------------------------------------------------
knn_iter
RMSE =  0.13943390419120877
Std =  0.17950654055840934

 --------------------------------------------------
rf
RMSE =  0.1383403439418751
Std =  0.1808479628253867

 --------------------------------------------------
knn1
RMSE =  0.16522793323823273
Std =  0.20934012159082885

 --------------------------------------------------
knn50
RMSE =  0.13075537040482768
Std =  0.16969063129914233

 --------------------------------------------------

 ==================================================
Missing datatype =  ['mrna', 'mirna'] 

mean
RMSE =  0.1295363403769125
Std =  0.19483150610691286

 --------------------------------------------------
median
RMSE =  0.13009437293336995
Std =  0.20797358931268517

 --------------------------------------------------
enet
RMSE =  0.1295363403769125
Std =  0.19483150610691286

 --------------------------------------------------
knn_iter
RMSE =  0.1287270437378381
Std =  0.211699318797795

 --------------------------------------------------
rf
RMSE =  0.12730489969584988
Std =  0.20548666177453995

 --------------------------------------------------
knn1
RMSE =  0.155759057417638
Std =  0.23002262685498887

 --------------------------------------------------
knn50
RMSE =  0.12485187435053077
Std =  0.20389420945874207

 --------------------------------------------------
[{'random': 0.5303695408807417, 'mean': 0.08532672527431143, 'median': 0.08689814304678173, 'enet': 0.08532672527431143, 'knn_iter': 0.08232849364052554, 'rf': 0.0850990679099197, 'knn1': 0.11449270807800034, 'knn50': 0.08377699202034146}, {'random': 0.381800814614462, 'mean': 0.13395549781914132, 'median': 0.1365261915838666, 'enet': 0.13395549781914132, 'knn_iter': 0.1315249295124012, 'rf': 0.1309983108210708, 'knn1': 0.15190264335739462, 'knn50': 0.12619914935603635}, {'random': 0.335051282535907, 'mean': 0.1386394962855829, 'median': 0.13904486085483822, 'enet': 0.1386394962855829, 'knn_iter': 0.1372066760248861, 'rf': 0.1348820758684213, 'knn1': 0.16348365256327374, 'knn50': 0.13213429198030996}, {'random': 0.41614120902163665, 'mean': 0.1255543078298891, 'median': 0.1279546018074483, 'enet': 0.1255543078298891, 'knn_iter': 0.12337420306419647, 'rf': 0.1232409232343429, 'knn1': 0.14384952799697362, 'knn50': 0.11858036659177382}, {'random': 0.35953532494101187, 'mean': 0.13631761684810612, 'median': 0.13779128114386624, 'enet': 0.13631761684810612, 'knn_iter': 0.13943390419120877, 'rf': 0.1383403439418751, 'knn1': 0.16522793323823273, 'knn50': 0.13075537040482768}, {'random': 0.3828507814833975, 'mean': 0.1295363403769125, 'median': 0.13009437293336995, 'enet': 0.1295363403769125, 'knn_iter': 0.1287270437378381, 'rf': 0.12730489969584988, 'knn1': 0.155759057417638, 'knn50': 0.12485187435053077}]
[{'random': 0.28783983715843064, 'mean': 0.04489987012416516, 'median': 0.03600215901869758, 'enet': 0.04489987012416516, 'knn_iter': 0.041270431056112195, 'rf': 0.055939636742600975, 'knn1': 0.10300682466039278, 'knn50': 0.054363444672457586}, {'random': 0.28834066720952467, 'mean': 0.20719970088331416, 'median': 0.2312080618038297, 'enet': 0.20719970088331416, 'knn_iter': 0.22339018235094285, 'rf': 0.22117273295887646, 'knn1': 0.2406881569627652, 'knn50': 0.21719086090692338}, {'random': 0.28886847126348303, 'mean': 0.09626461413543717, 'median': 0.10595014032466653, 'enet': 0.09626461413543717, 'knn_iter': 0.11693420404878326, 'rf': 0.1118127714094575, 'knn1': 0.16122432251072852, 'knn50': 0.11389051299056539}, {'random': 0.2886284007920187, 'mean': 0.26100866746264045, 'median': 0.28414112816315185, 'enet': 0.26100866746264045, 'knn_iter': 0.2769744877298138, 'rf': 0.27132020754605113, 'knn1': 0.2857795271169127, 'knn50': 0.2674971878385363}, {'random': 0.288858375948973, 'mean': 0.1619799396547426, 'median': 0.18028475207597217, 'enet': 0.1619799396547426, 'knn_iter': 0.17950654055840934, 'rf': 0.1808479628253867, 'knn1': 0.20934012159082885, 'knn50': 0.16969063129914233}, {'random': 0.28846721189386204, 'mean': 0.19483150610691286, 'median': 0.20797358931268517, 'enet': 0.19483150610691286, 'knn_iter': 0.211699318797795, 'rf': 0.20548666177453995, 'knn1': 0.23002262685498887, 'knn50': 0.20389420945874207}]
