(139536, 2025)
(6135, 2025)
n_neighbors= 3000
Spearman Scores:
CD11a          0.745549
CD11c          0.593250
CD123          0.597095
CD127-IL7Ra    0.379960
CD14_y         0.415658
CD16           0.291199
CD161          0.327275
CD19           0.382336
CD197-CCR7     0.389441
CD25           0.124245
CD27           0.644283
CD278-ICOS     0.562824
CD28           0.570127
CD3            0.629305
CD34_y         0.370557
CD38_y         0.504593
CD4            0.584164
CD45RA         0.584821
CD45RO         0.398411
CD56           0.285928
CD57           0.299872
CD69           0.290413
CD79b          0.351785
CD8a           0.284241
HLA.DR         0.717297
dtype: float64



Pearson Scores:
CD11a          0.654449
CD11c          0.365097
CD123          0.704455
CD127-IL7Ra    0.376833
CD14_y         0.130466
CD16           0.776490
CD161          0.554566
CD19           0.850928
CD197-CCR7     0.343969
CD25           0.157939
CD27           0.450537
CD278-ICOS     0.388398
CD28           0.433673
CD3            0.483596
CD34_y         0.655761
CD38_y         0.459104
CD4            0.538016
CD45RA         0.538373
CD45RO         0.353455
CD56           0.682379
CD57           0.476279
CD69           0.212666
CD79b          0.677565
CD8a           0.393623
HLA.DR         0.546988
dtype: float64



--------------------------------------------------
n_neighbors= 5000
Spearman Scores:
CD11a          0.781619
CD11c          0.633565
CD123          0.632385
CD127-IL7Ra    0.456277
CD14_y         0.480146
CD16           0.263703
CD161          0.296121
CD19           0.387918
CD197-CCR7     0.399955
CD25           0.100481
CD27           0.651724
CD278-ICOS     0.609322
CD28           0.645304
CD3            0.659349
CD34_y         0.416816
CD38_y         0.536026
CD4            0.566501
CD45RA         0.624034
CD45RO         0.373608
CD56           0.277379
CD57           0.303511
CD69           0.374687
CD79b          0.355772
CD8a           0.283035
HLA.DR         0.757666
dtype: float64



Pearson Scores:
CD11a          0.684149
CD11c          0.374072
CD123          0.662437
CD127-IL7Ra    0.389659
CD14_y         0.186263
CD16           0.812236
CD161          0.568213
CD19           0.876858
CD197-CCR7     0.371448
CD25           0.129283
CD27           0.452035
CD278-ICOS     0.400850
CD28           0.449271
CD3            0.485172
CD34_y         0.612553
CD38_y         0.410957
CD4            0.525843
CD45RA         0.584589
CD45RO         0.369948
CD56           0.690776
CD57           0.501271
CD69           0.244631
CD79b          0.711431
CD8a           0.382472
HLA.DR         0.527995
dtype: float64



--------------------------------------------------
n_neighbors= 10000
Spearman Scores:
CD11a          0.799181
CD11c          0.702396
CD123          0.669195
CD127-IL7Ra    0.683965
CD14_y         0.552540
CD16           0.219850
CD161          0.257057
CD19           0.387311
CD197-CCR7     0.394258
CD25           0.141561
CD27           0.676012
CD278-ICOS     0.652688
CD28           0.691896
CD3            0.738076
CD34_y         0.490980
CD38_y         0.620522
CD4            0.549516
CD45RA         0.593120
CD45RO         0.322533
CD56           0.226403
CD57           0.263748
CD69           0.422660
CD79b          0.355630
CD8a           0.262074
HLA.DR         0.800926
dtype: float64



Pearson Scores:
CD11a          0.713852
CD11c          0.423041
CD123          0.586973
CD127-IL7Ra    0.452274
CD14_y         0.316082
CD16           0.849518
CD161          0.565118
CD19           0.904090
CD197-CCR7     0.389267
CD25           0.137916
CD27           0.463448
CD278-ICOS     0.416247
CD28           0.486806
CD3            0.515789
CD34_y         0.556718
CD38_y         0.375722
CD4            0.500980
CD45RA         0.597622
CD45RO         0.333312
CD56           0.704902
CD57           0.514024
CD69           0.303287
CD79b          0.740874
CD8a           0.366310
HLA.DR         0.522580
dtype: float64



--------------------------------------------------
n_neighbors= 15000
Spearman Scores:
CD11a          0.803905
CD11c          0.733395
CD123          0.674145
CD127-IL7Ra    0.717957
CD14_y         0.578483
CD16           0.186011
CD161          0.243551
CD19           0.367862
CD197-CCR7     0.370358
CD25           0.201587
CD27           0.706295
CD278-ICOS     0.697381
CD28           0.715288
CD3            0.731281
CD34_y         0.522389
CD38_y         0.653536
CD4            0.560619
CD45RA         0.542636
CD45RO         0.264109
CD56           0.190891
CD57           0.186141
CD69           0.377503
CD79b          0.340815
CD8a           0.241191
HLA.DR         0.818634
dtype: float64



Pearson Scores:
CD11a          0.729304
CD11c          0.490780
CD123          0.574556
CD127-IL7Ra    0.509561
CD14_y         0.427012
CD16           0.852519
CD161          0.514593
CD19           0.904658
CD197-CCR7     0.385462
CD25           0.163629
CD27           0.495633
CD278-ICOS     0.445631
CD28           0.530544
CD3            0.552642
CD34_y         0.547518
CD38_y         0.387020
CD4            0.483933
CD45RA         0.592171
CD45RO         0.303182
CD56           0.717839
CD57           0.496866
CD69           0.330778
CD79b          0.738640
CD8a           0.370602
HLA.DR         0.551077
dtype: float64



--------------------------------------------------
