n_neighbors= 3000
Spearman Scores:
CD11a          0.764922
CD11c          0.778538
CD123          0.690082
CD127-IL7Ra    0.767840
CD14_y         0.643525
CD16           0.226628
CD161          0.375536
CD19           0.415851
CD197-CCR7     0.403354
CD25           0.326380
CD27           0.825380
CD278-ICOS     0.757664
CD28           0.793514
CD3            0.736454
CD34_y         0.590462
CD38_y         0.666562
CD4            0.513819
CD45RA         0.630621
CD45RO         0.472204
CD56           0.261326
CD57           0.292686
CD69           0.605360
CD79b          0.381497
CD8a           0.312040
HLA.DR         0.807647
dtype: float64



Pearson Scores:
CD11a          0.743589
CD11c          0.890286
CD123          0.590970
CD127-IL7Ra    0.657609
CD14_y         0.880216
CD16           0.668251
CD161          0.611569
CD19           0.835047
CD197-CCR7     0.359509
CD25           0.346052
CD27           0.749046
CD278-ICOS     0.620271
CD28           0.702899
CD3            0.703393
CD34_y         0.568350
CD38_y         0.550402
CD4            0.587155
CD45RA         0.604136
CD45RO         0.418644
CD56           0.690288
CD57           0.428096
CD69           0.580867
CD79b          0.695428
CD8a           0.558101
HLA.DR         0.655403
dtype: float64



--------------------------------------------------
n_neighbors= 5000
Spearman Scores:
CD11a          0.768355
CD11c          0.784238
CD123          0.687328
CD127-IL7Ra    0.773245
CD14_y         0.639283
CD16           0.243576
CD161          0.342581
CD19           0.381972
CD197-CCR7     0.397329
CD25           0.323388
CD27           0.830177
CD278-ICOS     0.767391
CD28           0.791843
CD3            0.729719
CD34_y         0.589819
CD38_y         0.695828
CD4            0.464764
CD45RA         0.666427
CD45RO         0.481448
CD56           0.276271
CD57           0.297771
CD69           0.623998
CD79b          0.350969
CD8a           0.296667
HLA.DR         0.813049
dtype: float64



Pearson Scores:
CD11a          0.734266
CD11c          0.916729
CD123          0.596556
CD127-IL7Ra    0.693612
CD14_y         0.889177
CD16           0.746314
CD161          0.594882
CD19           0.893036
CD197-CCR7     0.370130
CD25           0.325692
CD27           0.782312
CD278-ICOS     0.644082
CD28           0.738037
CD3            0.763772
CD34_y         0.588216
CD38_y         0.575507
CD4            0.590751
CD45RA         0.621583
CD45RO         0.425687
CD56           0.695797
CD57           0.464056
CD69           0.568648
CD79b          0.725506
CD8a           0.514539
HLA.DR         0.734773
dtype: float64



--------------------------------------------------
