2020-12-17 16:09:24.176102 

Only the DNA Methylation data

This run includes only 1 GCN - DNA Methylation 

SEED =  20274
<class 'torch.Tensor'> <class 'torch.Tensor'>

Training...
Epoch 0, Train loss: C1:1.08e-01, C:3.34e-01

Test: Epoch 0
Train Accuracy: 0.1780   Test ACC: 0.1359
Train F1: 0.0888         Test F1: 0.0325

Label 	   Train Distribution 	 Train Accuracy 	 Test Distribution 	 Test Accuracy
------------------------------------------------------------------------------------------
Normal 			 0.2000 			 0.7608 			 0.1359 			 1.0000
Basal 			 0.2000 			 0.0000 			 0.1522 			 0.0000
Her2 			 0.2000 			 0.0000 			 0.0543 			 0.0000
LumA 			 0.2000 			 0.1292 			 0.4837 			 0.0000
LumB 			 0.2000 			 0.0000 			 0.1739 			 0.0000
Epoch 1, Train loss: C1:7.17e+02, C:3.29e-01
Epoch 2, Train loss: C1:4.24e+01, C:3.38e-01
Epoch 3, Train loss: C1:7.21e+00, C:3.35e-01
Epoch 4, Train loss: C1:2.45e+02, C:3.35e-01
Epoch 5, Train loss: C1:3.03e+00, C:3.37e-01
Epoch 6, Train loss: C1:7.56e+01, C:3.30e-01
Epoch 7, Train loss: C1:5.94e+01, C:3.29e-01
Epoch 8, Train loss: C1:5.55e+00, C:3.37e-01
Epoch 9, Train loss: C1:1.13e+01, C:3.36e-01
Epoch 10, Train loss: C1:4.64e+01, C:3.36e-01
Epoch 11, Train loss: C1:4.24e+01, C:3.36e-01
Epoch 12, Train loss: C1:1.38e+01, C:3.28e-01
Epoch 13, Train loss: C1:3.53e-01, C:3.30e-01
Epoch 14, Train loss: C1:8.28e+00, C:3.32e-01
Epoch 15, Train loss: C1:1.96e+01, C:3.31e-01
Epoch 16, Train loss: C1:1.73e+01, C:3.29e-01
Epoch 17, Train loss: C1:6.45e+00, C:3.26e-01
Epoch 18, Train loss: C1:3.77e-01, C:3.35e-01
Epoch 19, Train loss: C1:4.16e+00, C:3.36e-01
Epoch 20, Train loss: C1:1.12e+01, C:3.35e-01
Epoch 21, Train loss: C1:1.25e+01, C:3.34e-01
Epoch 22, Train loss: C1:7.24e+00, C:3.33e-01
Epoch 23, Train loss: C1:1.42e+00, C:3.28e-01
Epoch 24, Train loss: C1:1.07e+00, C:3.31e-01
Epoch 25, Train loss: C1:5.23e+00, C:3.31e-01
Epoch 26, Train loss: C1:7.51e+00, C:3.28e-01
Epoch 27, Train loss: C1:5.03e+00, C:3.27e-01
Epoch 28, Train loss: C1:1.31e+00, C:3.32e-01
Epoch 29, Train loss: C1:6.37e-01, C:3.34e-01
Epoch 30, Train loss: C1:3.05e+00, C:3.36e-01
Epoch 31, Train loss: C1:4.72e+00, C:3.34e-01
Epoch 32, Train loss: C1:3.62e+00, C:3.33e-01
Epoch 33, Train loss: C1:1.27e+00, C:3.28e-01
Epoch 34, Train loss: C1:4.55e-01, C:3.28e-01
Epoch 35, Train loss: C1:1.68e+00, C:3.29e-01
Epoch 36, Train loss: C1:2.89e+00, C:3.26e-01
Epoch 37, Train loss: C1:2.27e+00, C:3.27e-01
Epoch 38, Train loss: C1:9.37e-01, C:3.30e-01
Epoch 39, Train loss: C1:4.30e-01, C:3.32e-01
Epoch 40, Train loss: C1:1.25e+00, C:3.33e-01
Epoch 41, Train loss: C1:1.94e+00, C:3.33e-01
Epoch 42, Train loss: C1:1.61e+00, C:3.30e-01
Epoch 43, Train loss: C1:6.99e-01, C:3.27e-01
Epoch 44, Train loss: C1:4.08e-01, C:3.26e-01
Epoch 45, Train loss: C1:9.66e-01, C:3.27e-01
Epoch 46, Train loss: C1:1.37e+00, C:3.28e-01
Epoch 47, Train loss: C1:1.04e+00, C:3.26e-01
Epoch 48, Train loss: C1:4.99e-01, C:3.28e-01
Epoch 49, Train loss: C1:4.35e-01, C:3.32e-01
Epoch 50, Train loss: C1:8.25e-01, C:3.31e-01

Test: Epoch 50
Train Accuracy: 0.1904   Test ACC: 0.4837
Train F1: 0.1418         Test F1: 0.3154

Label 	   Train Distribution 	 Train Accuracy 	 Test Distribution 	 Test Accuracy
------------------------------------------------------------------------------------------
Normal 			 0.2000 			 0.2344 			 0.1359 			 0.0000
Basal 			 0.2000 			 0.0000 			 0.1522 			 0.0000
Her2 			 0.2000 			 0.4019 			 0.0543 			 0.0000
LumA 			 0.2000 			 0.3158 			 0.4837 			 1.0000
LumB 			 0.2000 			 0.0000 			 0.1739 			 0.0000
Epoch 51, Train loss: C1:9.45e-01, C:3.30e-01
Epoch 52, Train loss: C1:6.98e-01, C:3.28e-01
Epoch 53, Train loss: C1:3.92e-01, C:3.28e-01
Epoch 54, Train loss: C1:4.55e-01, C:3.24e-01
Epoch 55, Train loss: C1:6.64e-01, C:3.26e-01
Epoch 56, Train loss: C1:7.10e-01, C:3.28e-01
Epoch 57, Train loss: C1:5.06e-01, C:3.27e-01
Epoch 58, Train loss: C1:3.61e-01, C:3.28e-01
Epoch 59, Train loss: C1:4.82e-01, C:3.29e-01
Epoch 60, Train loss: C1:6.19e-01, C:3.31e-01
Epoch 61, Train loss: C1:5.68e-01, C:3.27e-01
Epoch 62, Train loss: C1:3.63e-01, C:3.26e-01
Epoch 63, Train loss: C1:3.67e-01, C:3.28e-01
Epoch 64, Train loss: C1:4.72e-01, C:3.28e-01
Epoch 65, Train loss: C1:5.00e-01, C:3.27e-01
Epoch 66, Train loss: C1:4.04e-01, C:3.27e-01
Epoch 67, Train loss: C1:3.40e-01, C:3.28e-01
Epoch 68, Train loss: C1:3.78e-01, C:3.31e-01
Epoch 69, Train loss: C1:4.37e-01, C:3.29e-01
Epoch 70, Train loss: C1:4.05e-01, C:3.28e-01
Epoch 71, Train loss: C1:3.57e-01, C:3.27e-01
Epoch 72, Train loss: C1:3.33e-01, C:3.27e-01
Epoch 73, Train loss: C1:3.68e-01, C:3.26e-01
Epoch 74, Train loss: C1:3.97e-01, C:3.28e-01
Epoch 75, Train loss: C1:3.62e-01, C:3.28e-01
Epoch 76, Train loss: C1:3.30e-01, C:3.28e-01
Epoch 77, Train loss: C1:3.31e-01, C:3.28e-01
Epoch 78, Train loss: C1:3.71e-01, C:3.28e-01
Epoch 79, Train loss: C1:3.47e-01, C:3.26e-01
Epoch 80, Train loss: C1:3.05e-01, C:3.26e-01
Epoch 81, Train loss: C1:3.19e-01, C:3.27e-01
Epoch 82, Train loss: C1:3.38e-01, C:3.27e-01
Epoch 83, Train loss: C1:3.34e-01, C:3.28e-01
Epoch 84, Train loss: C1:3.08e-01, C:3.27e-01
Epoch 85, Train loss: C1:3.23e-01, C:3.29e-01
Epoch 86, Train loss: C1:3.29e-01, C:3.28e-01
Epoch 87, Train loss: C1:3.15e-01, C:3.28e-01
Epoch 88, Train loss: C1:3.04e-01, C:3.27e-01
Epoch 89, Train loss: C1:3.18e-01, C:3.26e-01
Epoch 90, Train loss: C1:2.98e-01, C:3.28e-01
Epoch 91, Train loss: C1:3.12e-01, C:3.29e-01
Epoch 92, Train loss: C1:3.10e-01, C:3.26e-01
Epoch 93, Train loss: C1:2.84e-01, C:3.25e-01
Epoch 94, Train loss: C1:2.91e-01, C:3.28e-01
Epoch 95, Train loss: C1:3.02e-01, C:3.28e-01
Epoch 96, Train loss: C1:2.99e-01, C:3.27e-01
Epoch 97, Train loss: C1:2.82e-01, C:3.25e-01
Epoch 98, Train loss: C1:2.93e-01, C:3.26e-01
Epoch 99, Train loss: C1:3.01e-01, C:3.26e-01
Epoch 100, Train loss: C1:2.78e-01, C:3.25e-01

Test: Epoch 100
Train Accuracy: 0.1933   Test ACC: 0.0543
Train F1: 0.1305         Test F1: 0.0056

Label 	   Train Distribution 	 Train Accuracy 	 Test Distribution 	 Test Accuracy
------------------------------------------------------------------------------------------
Normal 			 0.2000 			 0.2249 			 0.1359 			 0.0000
Basal 			 0.2000 			 0.0000 			 0.1522 			 0.0000
Her2 			 0.2000 			 0.6268 			 0.0543 			 1.0000
LumA 			 0.2000 			 0.1100 			 0.4837 			 0.0000
LumB 			 0.2000 			 0.0048 			 0.1739 			 0.0000
Epoch 101, Train loss: C1:2.86e-01, C:3.29e-01
Epoch 102, Train loss: C1:2.79e-01, C:3.29e-01
Epoch 103, Train loss: C1:2.88e-01, C:3.25e-01
Epoch 104, Train loss: C1:2.69e-01, C:3.26e-01
Epoch 105, Train loss: C1:2.80e-01, C:3.28e-01
Epoch 106, Train loss: C1:2.87e-01, C:3.29e-01
Epoch 107, Train loss: C1:2.68e-01, C:3.25e-01
Epoch 108, Train loss: C1:2.78e-01, C:3.26e-01
Epoch 109, Train loss: C1:2.67e-01, C:3.27e-01
Epoch 110, Train loss: C1:2.79e-01, C:3.26e-01
Epoch 111, Train loss: C1:2.55e-01, C:3.25e-01
Epoch 112, Train loss: C1:2.69e-01, C:3.26e-01
Epoch 113, Train loss: C1:2.73e-01, C:3.28e-01
Epoch 114, Train loss: C1:2.73e-01, C:3.26e-01
Epoch 115, Train loss: C1:2.60e-01, C:3.26e-01
Epoch 116, Train loss: C1:2.60e-01, C:3.27e-01
Epoch 117, Train loss: C1:2.64e-01, C:3.26e-01
Epoch 118, Train loss: C1:2.54e-01, C:3.26e-01
Epoch 119, Train loss: C1:2.55e-01, C:3.25e-01
Epoch 120, Train loss: C1:2.45e-01, C:3.27e-01
Epoch 121, Train loss: C1:2.60e-01, C:3.28e-01
Epoch 122, Train loss: C1:2.41e-01, C:3.25e-01
Epoch 123, Train loss: C1:2.49e-01, C:3.27e-01
Epoch 124, Train loss: C1:2.42e-01, C:3.27e-01
Epoch 125, Train loss: C1:2.45e-01, C:3.26e-01
Epoch 126, Train loss: C1:2.31e-01, C:3.25e-01
Epoch 127, Train loss: C1:2.29e-01, C:3.27e-01
Epoch 128, Train loss: C1:2.44e-01, C:3.26e-01
Epoch 129, Train loss: C1:2.25e-01, C:3.25e-01
Epoch 130, Train loss: C1:2.30e-01, C:3.27e-01
Epoch 131, Train loss: C1:2.25e-01, C:3.27e-01
Epoch 132, Train loss: C1:2.29e-01, C:3.26e-01
Epoch 133, Train loss: C1:2.36e-01, C:3.26e-01
Epoch 134, Train loss: C1:2.30e-01, C:3.26e-01
Epoch 135, Train loss: C1:2.36e-01, C:3.26e-01
Epoch 136, Train loss: C1:2.24e-01, C:3.28e-01
Epoch 137, Train loss: C1:2.25e-01, C:3.26e-01
Epoch 138, Train loss: C1:2.29e-01, C:3.26e-01
Epoch 139, Train loss: C1:2.24e-01, C:3.27e-01
Epoch 140, Train loss: C1:2.15e-01, C:3.27e-01
Epoch 141, Train loss: C1:2.25e-01, C:3.28e-01
Epoch 142, Train loss: C1:2.25e-01, C:3.27e-01
Epoch 143, Train loss: C1:2.24e-01, C:3.26e-01
Epoch 144, Train loss: C1:2.23e-01, C:3.28e-01
Epoch 145, Train loss: C1:2.13e-01, C:3.26e-01
Epoch 146, Train loss: C1:2.14e-01, C:3.25e-01
Epoch 147, Train loss: C1:2.17e-01, C:3.25e-01
Epoch 148, Train loss: C1:2.06e-01, C:3.27e-01
Epoch 149, Train loss: C1:2.09e-01, C:3.24e-01
Epoch 150, Train loss: C1:2.19e-01, C:3.26e-01

Test: Epoch 150
Train Accuracy: 0.2057   Test ACC: 0.0543
Train F1: 0.1263         Test F1: 0.0056

Label 	   Train Distribution 	 Train Accuracy 	 Test Distribution 	 Test Accuracy
------------------------------------------------------------------------------------------
Normal 			 0.2000 			 0.0861 			 0.1359 			 0.0000
Basal 			 0.2000 			 0.0000 			 0.1522 			 0.0000
Her2 			 0.2000 			 0.7943 			 0.0543 			 1.0000
LumA 			 0.2000 			 0.1483 			 0.4837 			 0.0000
LumB 			 0.2000 			 0.0000 			 0.1739 			 0.0000
Epoch 151, Train loss: C1:2.11e-01, C:3.27e-01
Epoch 152, Train loss: C1:2.13e-01, C:3.26e-01
Epoch 153, Train loss: C1:2.05e-01, C:3.27e-01
Epoch 154, Train loss: C1:2.05e-01, C:3.26e-01
Epoch 155, Train loss: C1:2.04e-01, C:3.26e-01
Epoch 156, Train loss: C1:2.05e-01, C:3.24e-01
Epoch 157, Train loss: C1:2.11e-01, C:3.28e-01
Epoch 158, Train loss: C1:2.04e-01, C:3.27e-01
Epoch 159, Train loss: C1:2.03e-01, C:3.25e-01
Epoch 160, Train loss: C1:2.03e-01, C:3.27e-01
Epoch 161, Train loss: C1:2.04e-01, C:3.26e-01
Epoch 162, Train loss: C1:2.01e-01, C:3.26e-01
Epoch 163, Train loss: C1:2.04e-01, C:3.27e-01
Epoch 164, Train loss: C1:2.04e-01, C:3.25e-01
Epoch 165, Train loss: C1:1.91e-01, C:3.25e-01
Epoch 166, Train loss: C1:1.95e-01, C:3.28e-01
Epoch 167, Train loss: C1:1.98e-01, C:3.26e-01
Epoch 168, Train loss: C1:1.93e-01, C:3.25e-01
Epoch 169, Train loss: C1:1.94e-01, C:3.27e-01
Epoch 170, Train loss: C1:1.96e-01, C:3.26e-01
Epoch 171, Train loss: C1:1.88e-01, C:3.24e-01
Epoch 172, Train loss: C1:1.97e-01, C:3.27e-01
Epoch 173, Train loss: C1:1.95e-01, C:3.27e-01
Epoch 174, Train loss: C1:1.84e-01, C:3.24e-01
Epoch 175, Train loss: C1:2.02e-01, C:3.25e-01
Epoch 176, Train loss: C1:1.82e-01, C:3.26e-01
Epoch 177, Train loss: C1:1.87e-01, C:3.24e-01
Epoch 178, Train loss: C1:1.97e-01, C:3.24e-01
Epoch 179, Train loss: C1:1.85e-01, C:3.26e-01
Epoch 180, Train loss: C1:1.85e-01, C:3.26e-01
Epoch 181, Train loss: C1:1.76e-01, C:3.25e-01
Epoch 182, Train loss: C1:1.83e-01, C:3.26e-01
Epoch 183, Train loss: C1:1.86e-01, C:3.25e-01
Epoch 184, Train loss: C1:1.84e-01, C:3.24e-01
Epoch 185, Train loss: C1:1.84e-01, C:3.26e-01
Epoch 186, Train loss: C1:1.88e-01, C:3.26e-01
Epoch 187, Train loss: C1:1.84e-01, C:3.25e-01
Epoch 188, Train loss: C1:1.78e-01, C:3.25e-01
Epoch 189, Train loss: C1:1.79e-01, C:3.26e-01
Epoch 190, Train loss: C1:1.82e-01, C:3.24e-01
Epoch 191, Train loss: C1:1.80e-01, C:3.24e-01
Epoch 192, Train loss: C1:1.67e-01, C:3.26e-01
Epoch 193, Train loss: C1:1.77e-01, C:3.24e-01
Epoch 194, Train loss: C1:1.82e-01, C:3.25e-01
Epoch 195, Train loss: C1:1.80e-01, C:3.25e-01
Epoch 196, Train loss: C1:1.69e-01, C:3.24e-01
Epoch 197, Train loss: C1:1.73e-01, C:3.24e-01
Epoch 198, Train loss: C1:1.74e-01, C:3.24e-01
Epoch 199, Train loss: C1:1.70e-01, C:3.27e-01
Epoch 200, Train loss: C1:1.65e-01, C:3.25e-01

Test: Epoch 200
Train Accuracy: 0.1722   Test ACC: 0.0543
Train F1: 0.1246         Test F1: 0.0056

Label 	   Train Distribution 	 Train Accuracy 	 Test Distribution 	 Test Accuracy
------------------------------------------------------------------------------------------
Normal 			 0.2000 			 0.1675 			 0.1359 			 0.0000
Basal 			 0.2000 			 0.0000 			 0.1522 			 0.0000
Her2 			 0.2000 			 0.5120 			 0.0543 			 1.0000
LumA 			 0.2000 			 0.1818 			 0.4837 			 0.0000
LumB 			 0.2000 			 0.0000 			 0.1739 			 0.0000
Epoch 201, Train loss: C1:1.74e-01, C:3.27e-01
Epoch 202, Train loss: C1:1.61e-01, C:3.23e-01
Epoch 203, Train loss: C1:1.72e-01, C:3.25e-01
Epoch 204, Train loss: C1:1.69e-01, C:3.24e-01
Epoch 205, Train loss: C1:1.63e-01, C:3.26e-01
Epoch 206, Train loss: C1:1.63e-01, C:3.23e-01
Epoch 207, Train loss: C1:1.67e-01, C:3.24e-01
Epoch 208, Train loss: C1:1.59e-01, C:3.25e-01
Epoch 209, Train loss: C1:1.61e-01, C:3.25e-01
Epoch 210, Train loss: C1:1.59e-01, C:3.24e-01
Epoch 211, Train loss: C1:1.53e-01, C:3.26e-01
Epoch 212, Train loss: C1:1.58e-01, C:3.24e-01
Epoch 213, Train loss: C1:1.57e-01, C:3.25e-01
Epoch 214, Train loss: C1:1.52e-01, C:3.25e-01
Epoch 215, Train loss: C1:1.56e-01, C:3.24e-01
Epoch 216, Train loss: C1:1.61e-01, C:3.25e-01
Epoch 217, Train loss: C1:1.58e-01, C:3.26e-01
Epoch 218, Train loss: C1:1.52e-01, C:3.24e-01
Epoch 219, Train loss: C1:1.52e-01, C:3.25e-01
Epoch 220, Train loss: C1:1.50e-01, C:3.25e-01
Epoch 221, Train loss: C1:1.54e-01, C:3.24e-01
Epoch 222, Train loss: C1:1.56e-01, C:3.26e-01
Epoch 223, Train loss: C1:1.48e-01, C:3.24e-01
Epoch 224, Train loss: C1:1.44e-01, C:3.25e-01
Epoch 225, Train loss: C1:1.47e-01, C:3.25e-01
Epoch 226, Train loss: C1:1.51e-01, C:3.25e-01
Epoch 227, Train loss: C1:1.62e-01, C:3.25e-01
Epoch 228, Train loss: C1:1.48e-01, C:3.24e-01
Epoch 229, Train loss: C1:1.49e-01, C:3.25e-01
Epoch 230, Train loss: C1:1.50e-01, C:3.25e-01
Epoch 231, Train loss: C1:1.55e-01, C:3.24e-01
Epoch 232, Train loss: C1:1.47e-01, C:3.25e-01
Epoch 233, Train loss: C1:1.46e-01, C:3.25e-01
Epoch 234, Train loss: C1:1.50e-01, C:3.23e-01
Epoch 235, Train loss: C1:1.45e-01, C:3.25e-01
Epoch 236, Train loss: C1:1.43e-01, C:3.24e-01
Epoch 237, Train loss: C1:1.41e-01, C:3.25e-01
Epoch 238, Train loss: C1:1.43e-01, C:3.24e-01
Epoch 239, Train loss: C1:1.47e-01, C:3.25e-01
Epoch 240, Train loss: C1:1.53e-01, C:3.25e-01
Epoch 241, Train loss: C1:1.43e-01, C:3.24e-01
Epoch 242, Train loss: C1:1.40e-01, C:3.24e-01
Epoch 243, Train loss: C1:1.42e-01, C:3.23e-01
Epoch 244, Train loss: C1:1.38e-01, C:3.24e-01
Epoch 245, Train loss: C1:1.47e-01, C:3.25e-01
Epoch 246, Train loss: C1:1.41e-01, C:3.23e-01
Epoch 247, Train loss: C1:1.38e-01, C:3.25e-01
Epoch 248, Train loss: C1:1.44e-01, C:3.24e-01
Epoch 249, Train loss: C1:1.39e-01, C:3.25e-01
Epoch 250, Train loss: C1:1.35e-01, C:3.24e-01

Test: Epoch 250
Train Accuracy: 0.1895   Test ACC: 0.0543
Train F1: 0.1182         Test F1: 0.0056

Label 	   Train Distribution 	 Train Accuracy 	 Test Distribution 	 Test Accuracy
------------------------------------------------------------------------------------------
Normal 			 0.2000 			 0.0957 			 0.1359 			 0.0000
Basal 			 0.2000 			 0.0000 			 0.1522 			 0.0000
Her2 			 0.2000 			 0.7273 			 0.0543 			 1.0000
LumA 			 0.2000 			 0.1244 			 0.4837 			 0.0000
LumB 			 0.2000 			 0.0000 			 0.1739 			 0.0000
Epoch 251, Train loss: C1:1.31e-01, C:3.22e-01
Epoch 252, Train loss: C1:1.29e-01, C:3.25e-01
Epoch 253, Train loss: C1:1.40e-01, C:3.25e-01
Epoch 254, Train loss: C1:1.35e-01, C:3.24e-01
Epoch 255, Train loss: C1:1.41e-01, C:3.25e-01
Epoch 256, Train loss: C1:1.37e-01, C:3.24e-01
Epoch 257, Train loss: C1:1.35e-01, C:3.24e-01
Epoch 258, Train loss: C1:1.38e-01, C:3.24e-01
Epoch 259, Train loss: C1:1.36e-01, C:3.25e-01
Epoch 260, Train loss: C1:1.32e-01, C:3.24e-01
Epoch 261, Train loss: C1:1.41e-01, C:3.26e-01
Epoch 262, Train loss: C1:1.39e-01, C:3.24e-01
Epoch 263, Train loss: C1:1.26e-01, C:3.23e-01
Epoch 264, Train loss: C1:1.33e-01, C:3.25e-01
Epoch 265, Train loss: C1:1.39e-01, C:3.24e-01
Epoch 266, Train loss: C1:1.37e-01, C:3.24e-01
Epoch 267, Train loss: C1:1.26e-01, C:3.25e-01
Epoch 268, Train loss: C1:1.29e-01, C:3.23e-01
Epoch 269, Train loss: C1:1.36e-01, C:3.24e-01
Epoch 270, Train loss: C1:1.37e-01, C:3.24e-01
Epoch 271, Train loss: C1:1.26e-01, C:3.25e-01
Epoch 272, Train loss: C1:1.32e-01, C:3.24e-01
Epoch 273, Train loss: C1:1.32e-01, C:3.25e-01
Epoch 274, Train loss: C1:1.31e-01, C:3.25e-01
Epoch 275, Train loss: C1:1.24e-01, C:3.25e-01
Epoch 276, Train loss: C1:1.17e-01, C:3.24e-01
Epoch 277, Train loss: C1:1.21e-01, C:3.24e-01
Epoch 278, Train loss: C1:1.26e-01, C:3.24e-01
Epoch 279, Train loss: C1:1.28e-01, C:3.24e-01
Epoch 280, Train loss: C1:1.17e-01, C:3.24e-01
Epoch 281, Train loss: C1:1.17e-01, C:3.25e-01
Epoch 282, Train loss: C1:1.32e-01, C:3.23e-01
Epoch 283, Train loss: C1:1.21e-01, C:3.24e-01
Epoch 284, Train loss: C1:1.20e-01, C:3.24e-01
Epoch 285, Train loss: C1:1.23e-01, C:3.23e-01
Epoch 286, Train loss: C1:1.35e-01, C:3.25e-01
Epoch 287, Train loss: C1:1.23e-01, C:3.24e-01
Epoch 288, Train loss: C1:1.16e-01, C:3.23e-01
Epoch 289, Train loss: C1:1.27e-01, C:3.25e-01
Epoch 290, Train loss: C1:1.25e-01, C:3.24e-01
Epoch 291, Train loss: C1:1.24e-01, C:3.23e-01
Epoch 292, Train loss: C1:1.16e-01, C:3.26e-01
Epoch 293, Train loss: C1:1.22e-01, C:3.24e-01
Epoch 294, Train loss: C1:1.20e-01, C:3.23e-01
Epoch 295, Train loss: C1:1.23e-01, C:3.24e-01
Epoch 296, Train loss: C1:1.25e-01, C:3.23e-01
Epoch 297, Train loss: C1:1.20e-01, C:3.24e-01
Epoch 298, Train loss: C1:1.13e-01, C:3.24e-01
Epoch 299, Train loss: C1:1.22e-01, C:3.24e-01
Epoch 300, Train loss: C1:1.16e-01, C:3.23e-01

Test: Epoch 300
Train Accuracy: 0.2086   Test ACC: 0.0543
Train F1: 0.1238         Test F1: 0.0056

Label 	   Train Distribution 	 Train Accuracy 	 Test Distribution 	 Test Accuracy
------------------------------------------------------------------------------------------
Normal 			 0.2000 			 0.0383 			 0.1359 			 0.0000
Basal 			 0.2000 			 0.0000 			 0.1522 			 0.0000
Her2 			 0.2000 			 0.8660 			 0.0543 			 1.0000
LumA 			 0.2000 			 0.1388 			 0.4837 			 0.0000
LumB 			 0.2000 			 0.0000 			 0.1739 			 0.0000
Epoch 301, Train loss: C1:1.23e-01, C:3.24e-01
Epoch 302, Train loss: C1:1.05e-01, C:3.24e-01
Epoch 303, Train loss: C1:1.11e-01, C:3.24e-01
Epoch 304, Train loss: C1:1.20e-01, C:3.23e-01
Epoch 305, Train loss: C1:1.17e-01, C:3.23e-01
Epoch 306, Train loss: C1:1.12e-01, C:3.22e-01
Epoch 307, Train loss: C1:1.21e-01, C:3.24e-01
Epoch 308, Train loss: C1:1.17e-01, C:3.24e-01
Epoch 309, Train loss: C1:1.19e-01, C:3.23e-01
Epoch 310, Train loss: C1:1.17e-01, C:3.24e-01
Epoch 311, Train loss: C1:1.19e-01, C:3.22e-01
Epoch 312, Train loss: C1:1.15e-01, C:3.24e-01
Epoch 313, Train loss: C1:1.22e-01, C:3.24e-01
Epoch 314, Train loss: C1:1.14e-01, C:3.23e-01
Epoch 315, Train loss: C1:1.14e-01, C:3.23e-01
Epoch 316, Train loss: C1:1.16e-01, C:3.23e-01
Epoch 317, Train loss: C1:1.09e-01, C:3.23e-01
Epoch 318, Train loss: C1:1.11e-01, C:3.24e-01
Epoch 319, Train loss: C1:1.11e-01, C:3.24e-01
Epoch 320, Train loss: C1:1.15e-01, C:3.24e-01
Epoch 321, Train loss: C1:1.13e-01, C:3.23e-01
Epoch 322, Train loss: C1:1.10e-01, C:3.23e-01
Epoch 323, Train loss: C1:1.12e-01, C:3.25e-01
Epoch 324, Train loss: C1:1.06e-01, C:3.24e-01
Epoch 325, Train loss: C1:1.05e-01, C:3.23e-01
Epoch 326, Train loss: C1:1.15e-01, C:3.23e-01
Epoch 327, Train loss: C1:1.07e-01, C:3.23e-01
Epoch 328, Train loss: C1:1.03e-01, C:3.23e-01
Epoch 329, Train loss: C1:1.13e-01, C:3.24e-01
Epoch 330, Train loss: C1:1.08e-01, C:3.23e-01
Epoch 331, Train loss: C1:1.07e-01, C:3.23e-01
Epoch 332, Train loss: C1:1.08e-01, C:3.23e-01
Epoch 333, Train loss: C1:1.02e-01, C:3.24e-01
Epoch 334, Train loss: C1:1.05e-01, C:3.24e-01
Epoch 335, Train loss: C1:9.96e-02, C:3.23e-01
Epoch 336, Train loss: C1:1.11e-01, C:3.23e-01
Epoch 337, Train loss: C1:1.05e-01, C:3.23e-01
Epoch 338, Train loss: C1:1.04e-01, C:3.23e-01
Epoch 339, Train loss: C1:1.06e-01, C:3.23e-01
Epoch 340, Train loss: C1:1.09e-01, C:3.24e-01
Epoch 341, Train loss: C1:9.99e-02, C:3.23e-01
Epoch 342, Train loss: C1:1.02e-01, C:3.23e-01
Epoch 343, Train loss: C1:1.11e-01, C:3.23e-01
Epoch 344, Train loss: C1:1.07e-01, C:3.25e-01
Epoch 345, Train loss: C1:1.05e-01, C:3.22e-01
Epoch 346, Train loss: C1:9.86e-02, C:3.22e-01
Epoch 347, Train loss: C1:1.05e-01, C:3.24e-01
Epoch 348, Train loss: C1:9.99e-02, C:3.23e-01
Epoch 349, Train loss: C1:1.08e-01, C:3.25e-01
Epoch 350, Train loss: C1:9.94e-02, C:3.23e-01

Test: Epoch 350
Train Accuracy: 0.1923   Test ACC: 0.0543
Train F1: 0.1165         Test F1: 0.0056

Label 	   Train Distribution 	 Train Accuracy 	 Test Distribution 	 Test Accuracy
------------------------------------------------------------------------------------------
Normal 			 0.2000 			 0.1148 			 0.1359 			 0.0000
Basal 			 0.2000 			 0.0000 			 0.1522 			 0.0000
Her2 			 0.2000 			 0.7656 			 0.0543 			 1.0000
LumA 			 0.2000 			 0.0813 			 0.4837 			 0.0000
LumB 			 0.2000 			 0.0000 			 0.1739 			 0.0000
Epoch 351, Train loss: C1:9.77e-02, C:3.24e-01
Epoch 352, Train loss: C1:9.64e-02, C:3.24e-01
Epoch 353, Train loss: C1:9.65e-02, C:3.22e-01
Epoch 354, Train loss: C1:9.71e-02, C:3.23e-01
Epoch 355, Train loss: C1:1.01e-01, C:3.23e-01
Epoch 356, Train loss: C1:1.01e-01, C:3.23e-01
Epoch 357, Train loss: C1:9.64e-02, C:3.23e-01
Epoch 358, Train loss: C1:1.05e-01, C:3.22e-01
Epoch 359, Train loss: C1:1.00e-01, C:3.23e-01
Epoch 360, Train loss: C1:9.86e-02, C:3.25e-01
Epoch 361, Train loss: C1:9.78e-02, C:3.23e-01
Epoch 362, Train loss: C1:1.07e-01, C:3.23e-01
Epoch 363, Train loss: C1:9.86e-02, C:3.23e-01
Epoch 364, Train loss: C1:1.01e-01, C:3.22e-01
Epoch 365, Train loss: C1:9.71e-02, C:3.24e-01
Epoch 366, Train loss: C1:9.68e-02, C:3.24e-01
Epoch 367, Train loss: C1:1.03e-01, C:3.23e-01
Epoch 368, Train loss: C1:9.77e-02, C:3.23e-01
Epoch 369, Train loss: C1:9.32e-02, C:3.23e-01
Epoch 370, Train loss: C1:9.68e-02, C:3.24e-01
Epoch 371, Train loss: C1:9.51e-02, C:3.22e-01
Epoch 372, Train loss: C1:9.98e-02, C:3.24e-01
Epoch 373, Train loss: C1:9.76e-02, C:3.21e-01
Epoch 374, Train loss: C1:9.58e-02, C:3.23e-01
Epoch 375, Train loss: C1:8.97e-02, C:3.23e-01
Epoch 376, Train loss: C1:9.33e-02, C:3.23e-01
Epoch 377, Train loss: C1:9.99e-02, C:3.23e-01
Epoch 378, Train loss: C1:9.33e-02, C:3.23e-01
Epoch 379, Train loss: C1:9.63e-02, C:3.24e-01
Epoch 380, Train loss: C1:9.37e-02, C:3.22e-01
Epoch 381, Train loss: C1:9.71e-02, C:3.24e-01
Epoch 382, Train loss: C1:9.27e-02, C:3.23e-01
Epoch 383, Train loss: C1:9.10e-02, C:3.22e-01
Epoch 384, Train loss: C1:9.86e-02, C:3.22e-01
Epoch 385, Train loss: C1:9.87e-02, C:3.24e-01
Epoch 386, Train loss: C1:9.55e-02, C:3.22e-01
Epoch 387, Train loss: C1:8.94e-02, C:3.22e-01
Epoch 388, Train loss: C1:9.26e-02, C:3.22e-01
Epoch 389, Train loss: C1:8.56e-02, C:3.23e-01
Epoch 390, Train loss: C1:9.44e-02, C:3.21e-01
Epoch 391, Train loss: C1:9.14e-02, C:3.23e-01
Epoch 392, Train loss: C1:9.31e-02, C:3.23e-01
Epoch 393, Train loss: C1:8.93e-02, C:3.23e-01
Epoch 394, Train loss: C1:8.80e-02, C:3.22e-01
Epoch 395, Train loss: C1:8.87e-02, C:3.22e-01
Epoch 396, Train loss: C1:8.61e-02, C:3.23e-01
Epoch 397, Train loss: C1:8.91e-02, C:3.23e-01
Epoch 398, Train loss: C1:8.90e-02, C:3.22e-01
Epoch 399, Train loss: C1:8.79e-02, C:3.22e-01
Epoch 400, Train loss: C1:9.31e-02, C:3.23e-01

Test: Epoch 400
Train Accuracy: 0.2057   Test ACC: 0.0543
Train F1: 0.1254         Test F1: 0.0056

Label 	   Train Distribution 	 Train Accuracy 	 Test Distribution 	 Test Accuracy
------------------------------------------------------------------------------------------
Normal 			 0.2000 			 0.0766 			 0.1359 			 0.0000
Basal 			 0.2000 			 0.0000 			 0.1522 			 0.0000
Her2 			 0.2000 			 0.8230 			 0.0543 			 1.0000
LumA 			 0.2000 			 0.1292 			 0.4837 			 0.0000
LumB 			 0.2000 			 0.0000 			 0.1739 			 0.0000
Epoch 401, Train loss: C1:8.64e-02, C:3.22e-01
Epoch 402, Train loss: C1:8.91e-02, C:3.24e-01
Epoch 403, Train loss: C1:8.52e-02, C:3.21e-01
Epoch 404, Train loss: C1:8.64e-02, C:3.22e-01
Epoch 405, Train loss: C1:8.53e-02, C:3.23e-01
Epoch 406, Train loss: C1:8.73e-02, C:3.23e-01
Epoch 407, Train loss: C1:9.55e-02, C:3.22e-01
Epoch 408, Train loss: C1:9.03e-02, C:3.22e-01
Epoch 409, Train loss: C1:8.97e-02, C:3.23e-01
Epoch 410, Train loss: C1:9.11e-02, C:3.22e-01
Epoch 411, Train loss: C1:8.93e-02, C:3.23e-01
Epoch 412, Train loss: C1:8.95e-02, C:3.23e-01
Epoch 413, Train loss: C1:9.41e-02, C:3.22e-01
Epoch 414, Train loss: C1:9.02e-02, C:3.22e-01
Epoch 415, Train loss: C1:9.56e-02, C:3.24e-01
Epoch 416, Train loss: C1:9.02e-02, C:3.22e-01
Epoch 417, Train loss: C1:8.72e-02, C:3.22e-01
Epoch 418, Train loss: C1:8.91e-02, C:3.22e-01
Epoch 419, Train loss: C1:8.72e-02, C:3.23e-01
Epoch 420, Train loss: C1:8.91e-02, C:3.22e-01
Epoch 421, Train loss: C1:8.66e-02, C:3.23e-01
Epoch 422, Train loss: C1:9.05e-02, C:3.22e-01
Epoch 423, Train loss: C1:8.76e-02, C:3.22e-01
Epoch 424, Train loss: C1:9.52e-02, C:3.22e-01
Epoch 425, Train loss: C1:8.57e-02, C:3.23e-01
Epoch 426, Train loss: C1:8.99e-02, C:3.22e-01
Epoch 427, Train loss: C1:8.19e-02, C:3.22e-01
Epoch 428, Train loss: C1:8.44e-02, C:3.22e-01
Epoch 429, Train loss: C1:9.22e-02, C:3.21e-01
Epoch 430, Train loss: C1:8.87e-02, C:3.23e-01
Epoch 431, Train loss: C1:8.59e-02, C:3.22e-01
Epoch 432, Train loss: C1:8.88e-02, C:3.22e-01
Epoch 433, Train loss: C1:8.66e-02, C:3.21e-01
Epoch 434, Train loss: C1:8.00e-02, C:3.23e-01
Epoch 435, Train loss: C1:8.63e-02, C:3.23e-01
Epoch 436, Train loss: C1:9.14e-02, C:3.23e-01
Epoch 437, Train loss: C1:8.19e-02, C:3.22e-01
Epoch 438, Train loss: C1:7.93e-02, C:3.23e-01
Epoch 439, Train loss: C1:8.58e-02, C:3.22e-01
Epoch 440, Train loss: C1:8.60e-02, C:3.21e-01
Epoch 441, Train loss: C1:8.12e-02, C:3.23e-01
Epoch 442, Train loss: C1:7.90e-02, C:3.21e-01
Epoch 443, Train loss: C1:8.46e-02, C:3.22e-01
Epoch 444, Train loss: C1:8.13e-02, C:3.22e-01
Epoch 445, Train loss: C1:7.93e-02, C:3.21e-01
Epoch 446, Train loss: C1:8.28e-02, C:3.23e-01
Epoch 447, Train loss: C1:7.68e-02, C:3.22e-01
Epoch 448, Train loss: C1:8.01e-02, C:3.22e-01
Epoch 449, Train loss: C1:8.75e-02, C:3.22e-01
Epoch 450, Train loss: C1:8.20e-02, C:3.22e-01

Test: Epoch 450
Train Accuracy: 0.2057   Test ACC: 0.0543
Train F1: 0.1280         Test F1: 0.0056

Label 	   Train Distribution 	 Train Accuracy 	 Test Distribution 	 Test Accuracy
------------------------------------------------------------------------------------------
Normal 			 0.2000 			 0.0813 			 0.1359 			 0.0000
Basal 			 0.2000 			 0.0000 			 0.1522 			 0.0000
Her2 			 0.2000 			 0.8086 			 0.0543 			 1.0000
LumA 			 0.2000 			 0.1388 			 0.4837 			 0.0000
LumB 			 0.2000 			 0.0000 			 0.1739 			 0.0000
Epoch 451, Train loss: C1:7.99e-02, C:3.22e-01
Epoch 452, Train loss: C1:7.85e-02, C:3.22e-01
Epoch 453, Train loss: C1:8.40e-02, C:3.23e-01
Epoch 454, Train loss: C1:8.20e-02, C:3.21e-01
Epoch 455, Train loss: C1:8.43e-02, C:3.22e-01
Epoch 456, Train loss: C1:7.79e-02, C:3.21e-01
Epoch 457, Train loss: C1:7.67e-02, C:3.23e-01
Epoch 458, Train loss: C1:7.98e-02, C:3.22e-01
Epoch 459, Train loss: C1:7.40e-02, C:3.22e-01
Epoch 460, Train loss: C1:7.38e-02, C:3.22e-01
Epoch 461, Train loss: C1:8.23e-02, C:3.21e-01
Epoch 462, Train loss: C1:7.28e-02, C:3.22e-01
Epoch 463, Train loss: C1:7.73e-02, C:3.21e-01
Epoch 464, Train loss: C1:8.08e-02, C:3.21e-01
Epoch 465, Train loss: C1:7.24e-02, C:3.21e-01
Epoch 466, Train loss: C1:7.53e-02, C:3.21e-01
Epoch 467, Train loss: C1:7.48e-02, C:3.22e-01
Epoch 468, Train loss: C1:7.31e-02, C:3.22e-01
Epoch 469, Train loss: C1:7.71e-02, C:3.21e-01
Epoch 470, Train loss: C1:7.96e-02, C:3.21e-01
Epoch 471, Train loss: C1:7.82e-02, C:3.21e-01
Epoch 472, Train loss: C1:7.41e-02, C:3.21e-01
Epoch 473, Train loss: C1:7.64e-02, C:3.23e-01
Epoch 474, Train loss: C1:7.75e-02, C:3.22e-01
Epoch 475, Train loss: C1:7.39e-02, C:3.22e-01
Epoch 476, Train loss: C1:7.66e-02, C:3.22e-01
Epoch 477, Train loss: C1:7.99e-02, C:3.21e-01
Epoch 478, Train loss: C1:7.53e-02, C:3.22e-01
Epoch 479, Train loss: C1:6.99e-02, C:3.23e-01
Epoch 480, Train loss: C1:7.23e-02, C:3.21e-01
Epoch 481, Train loss: C1:7.87e-02, C:3.22e-01
Epoch 482, Train loss: C1:7.20e-02, C:3.21e-01
Epoch 483, Train loss: C1:7.83e-02, C:3.21e-01
Epoch 484, Train loss: C1:7.80e-02, C:3.22e-01
Epoch 485, Train loss: C1:7.77e-02, C:3.22e-01
Epoch 486, Train loss: C1:7.49e-02, C:3.22e-01
Epoch 487, Train loss: C1:7.20e-02, C:3.22e-01
Epoch 488, Train loss: C1:7.54e-02, C:3.21e-01
Epoch 489, Train loss: C1:7.66e-02, C:3.21e-01
Epoch 490, Train loss: C1:7.54e-02, C:3.22e-01
Epoch 491, Train loss: C1:7.26e-02, C:3.22e-01
Epoch 492, Train loss: C1:7.44e-02, C:3.21e-01
Epoch 493, Train loss: C1:7.37e-02, C:3.22e-01
Epoch 494, Train loss: C1:6.99e-02, C:3.22e-01
Epoch 495, Train loss: C1:7.26e-02, C:3.23e-01
Epoch 496, Train loss: C1:7.33e-02, C:3.22e-01
Epoch 497, Train loss: C1:7.31e-02, C:3.21e-01
Epoch 498, Train loss: C1:7.19e-02, C:3.21e-01
Epoch 499, Train loss: C1:6.77e-02, C:3.21e-01
Epoch 500, Train loss: C1:7.28e-02, C:3.22e-01

Test: Epoch 500
Train Accuracy: 0.2144   Test ACC: 0.0543
Train F1: 0.1287         Test F1: 0.0056

Label 	   Train Distribution 	 Train Accuracy 	 Test Distribution 	 Test Accuracy
------------------------------------------------------------------------------------------
Normal 			 0.2000 			 0.0335 			 0.1359 			 0.0000
Basal 			 0.2000 			 0.0000 			 0.1522 			 0.0000
Her2 			 0.2000 			 0.8708 			 0.0543 			 1.0000
LumA 			 0.2000 			 0.1675 			 0.4837 			 0.0000
LumB 			 0.2000 			 0.0000 			 0.1739 			 0.0000
Epoch 501, Train loss: C1:7.52e-02, C:3.21e-01
Epoch 502, Train loss: C1:7.17e-02, C:3.21e-01
Epoch 503, Train loss: C1:7.69e-02, C:3.21e-01
Epoch 504, Train loss: C1:7.14e-02, C:3.21e-01
Epoch 505, Train loss: C1:6.82e-02, C:3.22e-01
Epoch 506, Train loss: C1:7.26e-02, C:3.22e-01
Epoch 507, Train loss: C1:7.04e-02, C:3.22e-01
Epoch 508, Train loss: C1:6.85e-02, C:3.20e-01
Epoch 509, Train loss: C1:6.69e-02, C:3.21e-01
Epoch 510, Train loss: C1:6.86e-02, C:3.21e-01
Epoch 511, Train loss: C1:6.96e-02, C:3.21e-01
Epoch 512, Train loss: C1:7.13e-02, C:3.22e-01
Epoch 513, Train loss: C1:7.15e-02, C:3.22e-01
Epoch 514, Train loss: C1:7.08e-02, C:3.20e-01
Epoch 515, Train loss: C1:7.19e-02, C:3.22e-01
Epoch 516, Train loss: C1:7.34e-02, C:3.20e-01
Epoch 517, Train loss: C1:7.19e-02, C:3.22e-01
Epoch 518, Train loss: C1:7.23e-02, C:3.21e-01
Epoch 519, Train loss: C1:7.41e-02, C:3.21e-01
Epoch 520, Train loss: C1:7.17e-02, C:3.22e-01
Epoch 521, Train loss: C1:7.46e-02, C:3.21e-01
Epoch 522, Train loss: C1:7.10e-02, C:3.22e-01
Epoch 523, Train loss: C1:6.61e-02, C:3.21e-01
Epoch 524, Train loss: C1:7.03e-02, C:3.21e-01
Epoch 525, Train loss: C1:7.19e-02, C:3.21e-01
Epoch 526, Train loss: C1:6.48e-02, C:3.21e-01
Epoch 527, Train loss: C1:6.73e-02, C:3.21e-01
Epoch 528, Train loss: C1:6.86e-02, C:3.21e-01
Epoch 529, Train loss: C1:6.81e-02, C:3.21e-01
Epoch 530, Train loss: C1:6.48e-02, C:3.21e-01
Epoch 531, Train loss: C1:6.52e-02, C:3.22e-01
Epoch 532, Train loss: C1:6.51e-02, C:3.21e-01
Epoch 533, Train loss: C1:6.72e-02, C:3.21e-01
Epoch 534, Train loss: C1:6.94e-02, C:3.20e-01
Epoch 535, Train loss: C1:6.40e-02, C:3.21e-01
Epoch 536, Train loss: C1:6.85e-02, C:3.21e-01
Epoch 537, Train loss: C1:6.76e-02, C:3.21e-01
Epoch 538, Train loss: C1:6.65e-02, C:3.21e-01
Epoch 539, Train loss: C1:6.91e-02, C:3.21e-01
Epoch 540, Train loss: C1:6.65e-02, C:3.20e-01
Epoch 541, Train loss: C1:6.45e-02, C:3.21e-01
Epoch 542, Train loss: C1:6.77e-02, C:3.21e-01
Epoch 543, Train loss: C1:6.38e-02, C:3.21e-01
Epoch 544, Train loss: C1:6.32e-02, C:3.21e-01
Epoch 545, Train loss: C1:6.49e-02, C:3.20e-01
Epoch 546, Train loss: C1:6.31e-02, C:3.21e-01
Epoch 547, Train loss: C1:7.04e-02, C:3.21e-01
Epoch 548, Train loss: C1:7.29e-02, C:3.21e-01
Epoch 549, Train loss: C1:6.49e-02, C:3.21e-01
Epoch 550, Train loss: C1:7.31e-02, C:3.20e-01

Test: Epoch 550
Train Accuracy: 0.1943   Test ACC: 0.0543
Train F1: 0.1286         Test F1: 0.0056

Label 	   Train Distribution 	 Train Accuracy 	 Test Distribution 	 Test Accuracy
------------------------------------------------------------------------------------------
Normal 			 0.2000 			 0.2440 			 0.1359 			 0.0000
Basal 			 0.2000 			 0.0000 			 0.1522 			 0.0000
Her2 			 0.2000 			 0.6651 			 0.0543 			 1.0000
LumA 			 0.2000 			 0.0622 			 0.4837 			 0.0000
LumB 			 0.2000 			 0.0000 			 0.1739 			 0.0000
Epoch 551, Train loss: C1:6.88e-02, C:3.22e-01
Epoch 552, Train loss: C1:6.99e-02, C:3.21e-01
Epoch 553, Train loss: C1:6.97e-02, C:3.21e-01
Epoch 554, Train loss: C1:6.18e-02, C:3.21e-01
Epoch 555, Train loss: C1:7.42e-02, C:3.21e-01
Epoch 556, Train loss: C1:6.68e-02, C:3.21e-01
Epoch 557, Train loss: C1:6.29e-02, C:3.21e-01
Epoch 558, Train loss: C1:7.10e-02, C:3.21e-01
Epoch 559, Train loss: C1:6.27e-02, C:3.21e-01
Epoch 560, Train loss: C1:6.60e-02, C:3.21e-01
Epoch 561, Train loss: C1:6.62e-02, C:3.20e-01
Epoch 562, Train loss: C1:6.33e-02, C:3.21e-01
Epoch 563, Train loss: C1:6.40e-02, C:3.22e-01
Epoch 564, Train loss: C1:6.43e-02, C:3.21e-01
Epoch 565, Train loss: C1:6.48e-02, C:3.21e-01
Epoch 566, Train loss: C1:6.33e-02, C:3.22e-01
Epoch 567, Train loss: C1:5.80e-02, C:3.21e-01
Epoch 568, Train loss: C1:6.68e-02, C:3.21e-01
Epoch 569, Train loss: C1:6.44e-02, C:3.21e-01
Epoch 570, Train loss: C1:6.17e-02, C:3.21e-01
Epoch 571, Train loss: C1:6.31e-02, C:3.21e-01
Epoch 572, Train loss: C1:6.33e-02, C:3.21e-01
Epoch 573, Train loss: C1:5.51e-02, C:3.21e-01
Epoch 574, Train loss: C1:6.48e-02, C:3.21e-01
Epoch 575, Train loss: C1:6.52e-02, C:3.21e-01
Epoch 576, Train loss: C1:5.92e-02, C:3.21e-01
Epoch 577, Train loss: C1:6.17e-02, C:3.21e-01
Epoch 578, Train loss: C1:6.15e-02, C:3.20e-01
Epoch 579, Train loss: C1:5.93e-02, C:3.21e-01
Epoch 580, Train loss: C1:6.21e-02, C:3.21e-01
Epoch 581, Train loss: C1:6.35e-02, C:3.21e-01
Epoch 582, Train loss: C1:6.31e-02, C:3.20e-01
Epoch 583, Train loss: C1:6.30e-02, C:3.21e-01
Epoch 584, Train loss: C1:6.47e-02, C:3.20e-01
Epoch 585, Train loss: C1:6.69e-02, C:3.21e-01
Epoch 586, Train loss: C1:6.25e-02, C:3.21e-01
Epoch 587, Train loss: C1:5.59e-02, C:3.21e-01
Epoch 588, Train loss: C1:6.45e-02, C:3.21e-01
Epoch 589, Train loss: C1:6.05e-02, C:3.21e-01
Epoch 590, Train loss: C1:6.37e-02, C:3.20e-01
Epoch 591, Train loss: C1:6.32e-02, C:3.20e-01
Epoch 592, Train loss: C1:5.94e-02, C:3.21e-01
Epoch 593, Train loss: C1:6.07e-02, C:3.21e-01
Epoch 594, Train loss: C1:6.06e-02, C:3.20e-01
Epoch 595, Train loss: C1:5.82e-02, C:3.22e-01
Epoch 596, Train loss: C1:6.24e-02, C:3.20e-01
Epoch 597, Train loss: C1:5.95e-02, C:3.21e-01
Epoch 598, Train loss: C1:5.99e-02, C:3.21e-01
Epoch 599, Train loss: C1:5.75e-02, C:3.21e-01
Epoch 600, Train loss: C1:5.95e-02, C:3.21e-01

Test: Epoch 600
Train Accuracy: 0.2124   Test ACC: 0.0543
Train F1: 0.1209         Test F1: 0.0056

Label 	   Train Distribution 	 Train Accuracy 	 Test Distribution 	 Test Accuracy
------------------------------------------------------------------------------------------
Normal 			 0.2000 			 0.0574 			 0.1359 			 0.0000
Basal 			 0.2000 			 0.0000 			 0.1522 			 0.0000
Her2 			 0.2000 			 0.9139 			 0.0543 			 1.0000
LumA 			 0.2000 			 0.0909 			 0.4837 			 0.0000
LumB 			 0.2000 			 0.0000 			 0.1739 			 0.0000
Epoch 601, Train loss: C1:5.81e-02, C:3.21e-01
Epoch 602, Train loss: C1:6.17e-02, C:3.21e-01
Epoch 603, Train loss: C1:6.03e-02, C:3.21e-01
Epoch 604, Train loss: C1:5.55e-02, C:3.20e-01
Epoch 605, Train loss: C1:6.22e-02, C:3.20e-01
Epoch 606, Train loss: C1:5.92e-02, C:3.21e-01
Epoch 607, Train loss: C1:5.99e-02, C:3.20e-01
Epoch 608, Train loss: C1:5.95e-02, C:3.20e-01
Epoch 609, Train loss: C1:5.78e-02, C:3.20e-01
Epoch 610, Train loss: C1:6.02e-02, C:3.20e-01
Epoch 611, Train loss: C1:5.83e-02, C:3.20e-01
Epoch 612, Train loss: C1:5.74e-02, C:3.20e-01
Epoch 613, Train loss: C1:5.79e-02, C:3.21e-01
Epoch 614, Train loss: C1:5.56e-02, C:3.21e-01
Epoch 615, Train loss: C1:5.80e-02, C:3.20e-01
Epoch 616, Train loss: C1:5.69e-02, C:3.20e-01
Epoch 617, Train loss: C1:5.31e-02, C:3.20e-01
Epoch 618, Train loss: C1:5.82e-02, C:3.20e-01
Epoch 619, Train loss: C1:5.54e-02, C:3.21e-01
Epoch 620, Train loss: C1:5.57e-02, C:3.21e-01
Epoch 621, Train loss: C1:5.66e-02, C:3.21e-01
Epoch 622, Train loss: C1:5.45e-02, C:3.21e-01
Epoch 623, Train loss: C1:5.70e-02, C:3.20e-01
Epoch 624, Train loss: C1:5.65e-02, C:3.20e-01
Epoch 625, Train loss: C1:5.86e-02, C:3.20e-01
Epoch 626, Train loss: C1:5.89e-02, C:3.21e-01
Epoch 627, Train loss: C1:5.27e-02, C:3.20e-01
Epoch 628, Train loss: C1:5.10e-02, C:3.21e-01
Epoch 629, Train loss: C1:6.00e-02, C:3.20e-01
Epoch 630, Train loss: C1:5.87e-02, C:3.19e-01
Epoch 631, Train loss: C1:5.72e-02, C:3.21e-01
Epoch 632, Train loss: C1:5.67e-02, C:3.20e-01
Epoch 633, Train loss: C1:5.48e-02, C:3.20e-01
Epoch 634, Train loss: C1:5.72e-02, C:3.21e-01
Epoch 635, Train loss: C1:5.79e-02, C:3.20e-01
Epoch 636, Train loss: C1:5.43e-02, C:3.20e-01
Epoch 637, Train loss: C1:5.50e-02, C:3.21e-01
Epoch 638, Train loss: C1:5.84e-02, C:3.20e-01
Epoch 639, Train loss: C1:6.04e-02, C:3.20e-01
Epoch 640, Train loss: C1:5.48e-02, C:3.19e-01
Epoch 641, Train loss: C1:5.39e-02, C:3.20e-01
Epoch 642, Train loss: C1:5.52e-02, C:3.21e-01
Epoch 643, Train loss: C1:5.55e-02, C:3.21e-01
Epoch 644, Train loss: C1:5.32e-02, C:3.20e-01
Epoch 645, Train loss: C1:5.68e-02, C:3.21e-01
Epoch 646, Train loss: C1:5.37e-02, C:3.20e-01
Epoch 647, Train loss: C1:5.57e-02, C:3.21e-01
Epoch 648, Train loss: C1:5.38e-02, C:3.21e-01
Epoch 649, Train loss: C1:5.15e-02, C:3.20e-01
Epoch 650, Train loss: C1:5.16e-02, C:3.20e-01

Test: Epoch 650
Train Accuracy: 0.1952   Test ACC: 0.0543
Train F1: 0.1254         Test F1: 0.0056

Label 	   Train Distribution 	 Train Accuracy 	 Test Distribution 	 Test Accuracy
------------------------------------------------------------------------------------------
Normal 			 0.2000 			 0.1005 			 0.1359 			 0.0000
Basal 			 0.2000 			 0.0000 			 0.1522 			 0.0000
Her2 			 0.2000 			 0.7799 			 0.0543 			 1.0000
LumA 			 0.2000 			 0.0909 			 0.4837 			 0.0000
LumB 			 0.2000 			 0.0048 			 0.1739 			 0.0000
Epoch 651, Train loss: C1:5.61e-02, C:3.21e-01
Epoch 652, Train loss: C1:5.39e-02, C:3.20e-01
Epoch 653, Train loss: C1:5.48e-02, C:3.20e-01
Epoch 654, Train loss: C1:5.18e-02, C:3.20e-01
Epoch 655, Train loss: C1:5.23e-02, C:3.20e-01
Epoch 656, Train loss: C1:5.05e-02, C:3.20e-01
Epoch 657, Train loss: C1:5.27e-02, C:3.21e-01
Epoch 658, Train loss: C1:5.12e-02, C:3.20e-01
Epoch 659, Train loss: C1:5.30e-02, C:3.20e-01
Epoch 660, Train loss: C1:5.53e-02, C:3.20e-01
Epoch 661, Train loss: C1:5.17e-02, C:3.20e-01
Epoch 662, Train loss: C1:5.50e-02, C:3.20e-01
Epoch 663, Train loss: C1:5.04e-02, C:3.20e-01
Epoch 664, Train loss: C1:4.94e-02, C:3.20e-01
Epoch 665, Train loss: C1:5.46e-02, C:3.20e-01
Epoch 666, Train loss: C1:5.43e-02, C:3.20e-01
Epoch 667, Train loss: C1:5.32e-02, C:3.20e-01
Epoch 668, Train loss: C1:5.12e-02, C:3.21e-01
Epoch 669, Train loss: C1:5.19e-02, C:3.20e-01
Epoch 670, Train loss: C1:5.24e-02, C:3.20e-01
Epoch 671, Train loss: C1:5.60e-02, C:3.20e-01
Epoch 672, Train loss: C1:5.26e-02, C:3.21e-01
Epoch 673, Train loss: C1:5.01e-02, C:3.20e-01
Epoch 674, Train loss: C1:5.03e-02, C:3.20e-01
Epoch 675, Train loss: C1:5.16e-02, C:3.20e-01
Epoch 676, Train loss: C1:5.29e-02, C:3.20e-01
Epoch 677, Train loss: C1:5.41e-02, C:3.20e-01
Epoch 678, Train loss: C1:4.96e-02, C:3.21e-01
Epoch 679, Train loss: C1:4.93e-02, C:3.21e-01
Epoch 680, Train loss: C1:4.97e-02, C:3.21e-01
Epoch 681, Train loss: C1:5.17e-02, C:3.21e-01
Epoch 682, Train loss: C1:5.13e-02, C:3.20e-01
Epoch 683, Train loss: C1:4.88e-02, C:3.20e-01
Epoch 684, Train loss: C1:5.10e-02, C:3.20e-01
Epoch 685, Train loss: C1:4.98e-02, C:3.19e-01
Epoch 686, Train loss: C1:5.13e-02, C:3.20e-01
Epoch 687, Train loss: C1:5.19e-02, C:3.20e-01
Epoch 688, Train loss: C1:5.01e-02, C:3.19e-01
Epoch 689, Train loss: C1:5.00e-02, C:3.20e-01
Epoch 690, Train loss: C1:4.80e-02, C:3.19e-01
Epoch 691, Train loss: C1:4.89e-02, C:3.20e-01
Epoch 692, Train loss: C1:4.89e-02, C:3.20e-01
Epoch 693, Train loss: C1:4.96e-02, C:3.20e-01
Epoch 694, Train loss: C1:4.94e-02, C:3.19e-01
Epoch 695, Train loss: C1:5.08e-02, C:3.21e-01
Epoch 696, Train loss: C1:4.92e-02, C:3.20e-01
Epoch 697, Train loss: C1:5.09e-02, C:3.20e-01
Epoch 698, Train loss: C1:5.23e-02, C:3.19e-01
Epoch 699, Train loss: C1:4.71e-02, C:3.20e-01
Epoch 700, Train loss: C1:5.30e-02, C:3.20e-01

Test: Epoch 700
Train Accuracy: 0.1952   Test ACC: 0.0543
Train F1: 0.1282         Test F1: 0.0056

Label 	   Train Distribution 	 Train Accuracy 	 Test Distribution 	 Test Accuracy
------------------------------------------------------------------------------------------
Normal 			 0.2000 			 0.0957 			 0.1359 			 0.0000
Basal 			 0.2000 			 0.0048 			 0.1522 			 0.0000
Her2 			 0.2000 			 0.7799 			 0.0543 			 1.0000
LumA 			 0.2000 			 0.0766 			 0.4837 			 0.0000
LumB 			 0.2000 			 0.0191 			 0.1739 			 0.0000
Epoch 701, Train loss: C1:5.00e-02, C:3.20e-01
Epoch 702, Train loss: C1:5.00e-02, C:3.20e-01
Epoch 703, Train loss: C1:4.76e-02, C:3.20e-01
Epoch 704, Train loss: C1:5.00e-02, C:3.19e-01
Epoch 705, Train loss: C1:5.04e-02, C:3.20e-01
Epoch 706, Train loss: C1:5.04e-02, C:3.20e-01
Epoch 707, Train loss: C1:4.85e-02, C:3.20e-01
Epoch 708, Train loss: C1:4.86e-02, C:3.20e-01
Epoch 709, Train loss: C1:4.96e-02, C:3.20e-01
Epoch 710, Train loss: C1:4.52e-02, C:3.19e-01
Epoch 711, Train loss: C1:4.81e-02, C:3.19e-01
Epoch 712, Train loss: C1:4.50e-02, C:3.20e-01
Epoch 713, Train loss: C1:4.92e-02, C:3.20e-01
Epoch 714, Train loss: C1:4.57e-02, C:3.19e-01
Epoch 715, Train loss: C1:4.75e-02, C:3.20e-01
Epoch 716, Train loss: C1:4.39e-02, C:3.21e-01
Epoch 717, Train loss: C1:4.58e-02, C:3.20e-01
Epoch 718, Train loss: C1:4.60e-02, C:3.19e-01
Epoch 719, Train loss: C1:4.55e-02, C:3.20e-01
Epoch 720, Train loss: C1:4.72e-02, C:3.20e-01
Epoch 721, Train loss: C1:4.80e-02, C:3.19e-01
Epoch 722, Train loss: C1:5.15e-02, C:3.20e-01
Epoch 723, Train loss: C1:5.03e-02, C:3.20e-01
Epoch 724, Train loss: C1:5.03e-02, C:3.19e-01
Epoch 725, Train loss: C1:4.59e-02, C:3.20e-01
Epoch 726, Train loss: C1:4.66e-02, C:3.20e-01
Epoch 727, Train loss: C1:4.96e-02, C:3.20e-01
Epoch 728, Train loss: C1:4.49e-02, C:3.20e-01
Epoch 729, Train loss: C1:4.78e-02, C:3.19e-01
Epoch 730, Train loss: C1:4.67e-02, C:3.19e-01
Epoch 731, Train loss: C1:4.55e-02, C:3.20e-01
Epoch 732, Train loss: C1:4.58e-02, C:3.19e-01
Epoch 733, Train loss: C1:4.35e-02, C:3.20e-01
Epoch 734, Train loss: C1:4.43e-02, C:3.20e-01
Epoch 735, Train loss: C1:4.67e-02, C:3.19e-01
Epoch 736, Train loss: C1:4.66e-02, C:3.19e-01
Epoch 737, Train loss: C1:4.44e-02, C:3.20e-01
Epoch 738, Train loss: C1:4.58e-02, C:3.20e-01
Epoch 739, Train loss: C1:4.90e-02, C:3.20e-01
Epoch 740, Train loss: C1:5.27e-02, C:3.20e-01
Epoch 741, Train loss: C1:5.18e-02, C:3.20e-01
Epoch 742, Train loss: C1:4.73e-02, C:3.20e-01
Epoch 743, Train loss: C1:4.38e-02, C:3.19e-01
Epoch 744, Train loss: C1:4.78e-02, C:3.20e-01
Epoch 745, Train loss: C1:5.39e-02, C:3.20e-01
Epoch 746, Train loss: C1:4.75e-02, C:3.19e-01
Epoch 747, Train loss: C1:4.18e-02, C:3.20e-01
Epoch 748, Train loss: C1:4.76e-02, C:3.20e-01
Epoch 749, Train loss: C1:4.81e-02, C:3.19e-01
Epoch 750, Train loss: C1:4.66e-02, C:3.19e-01

Test: Epoch 750
Train Accuracy: 0.2258   Test ACC: 0.0543
Train F1: 0.1545         Test F1: 0.0056

Label 	   Train Distribution 	 Train Accuracy 	 Test Distribution 	 Test Accuracy
------------------------------------------------------------------------------------------
Normal 			 0.2000 			 0.0909 			 0.1359 			 0.0000
Basal 			 0.2000 			 0.0048 			 0.1522 			 0.0000
Her2 			 0.2000 			 0.8612 			 0.0543 			 1.0000
LumA 			 0.2000 			 0.1627 			 0.4837 			 0.0000
LumB 			 0.2000 			 0.0096 			 0.1739 			 0.0000
Epoch 751, Train loss: C1:4.36e-02, C:3.20e-01
Epoch 752, Train loss: C1:4.79e-02, C:3.20e-01
Epoch 753, Train loss: C1:4.51e-02, C:3.19e-01
Epoch 754, Train loss: C1:4.47e-02, C:3.20e-01
Epoch 755, Train loss: C1:5.02e-02, C:3.19e-01
Epoch 756, Train loss: C1:4.97e-02, C:3.20e-01
Epoch 757, Train loss: C1:4.53e-02, C:3.19e-01
Epoch 758, Train loss: C1:4.48e-02, C:3.20e-01
Epoch 759, Train loss: C1:4.64e-02, C:3.19e-01
Epoch 760, Train loss: C1:4.25e-02, C:3.20e-01
Epoch 761, Train loss: C1:4.38e-02, C:3.20e-01
Epoch 762, Train loss: C1:4.56e-02, C:3.20e-01
Epoch 763, Train loss: C1:4.28e-02, C:3.19e-01
Epoch 764, Train loss: C1:4.38e-02, C:3.20e-01
Epoch 765, Train loss: C1:4.26e-02, C:3.20e-01
Epoch 766, Train loss: C1:4.38e-02, C:3.20e-01
Epoch 767, Train loss: C1:4.37e-02, C:3.19e-01
Epoch 768, Train loss: C1:4.56e-02, C:3.19e-01
Epoch 769, Train loss: C1:4.43e-02, C:3.19e-01
Epoch 770, Train loss: C1:4.29e-02, C:3.20e-01
Epoch 771, Train loss: C1:4.41e-02, C:3.20e-01
Epoch 772, Train loss: C1:4.46e-02, C:3.19e-01
Epoch 773, Train loss: C1:4.28e-02, C:3.20e-01
Epoch 774, Train loss: C1:4.13e-02, C:3.20e-01
Epoch 775, Train loss: C1:4.35e-02, C:3.20e-01
Epoch 776, Train loss: C1:4.34e-02, C:3.20e-01
Epoch 777, Train loss: C1:4.15e-02, C:3.20e-01
Epoch 778, Train loss: C1:4.13e-02, C:3.19e-01
Epoch 779, Train loss: C1:4.18e-02, C:3.20e-01
Epoch 780, Train loss: C1:4.07e-02, C:3.19e-01
Epoch 781, Train loss: C1:4.52e-02, C:3.20e-01
Epoch 782, Train loss: C1:4.13e-02, C:3.19e-01
Epoch 783, Train loss: C1:4.31e-02, C:3.19e-01
Epoch 784, Train loss: C1:4.41e-02, C:3.20e-01
Epoch 785, Train loss: C1:4.43e-02, C:3.20e-01
Epoch 786, Train loss: C1:4.30e-02, C:3.20e-01
Epoch 787, Train loss: C1:4.39e-02, C:3.20e-01
Epoch 788, Train loss: C1:4.75e-02, C:3.20e-01
Epoch 789, Train loss: C1:4.10e-02, C:3.19e-01
Epoch 790, Train loss: C1:4.09e-02, C:3.19e-01
Epoch 791, Train loss: C1:4.43e-02, C:3.20e-01
Epoch 792, Train loss: C1:4.41e-02, C:3.20e-01
Epoch 793, Train loss: C1:4.59e-02, C:3.19e-01
Epoch 794, Train loss: C1:4.40e-02, C:3.20e-01
Epoch 795, Train loss: C1:4.54e-02, C:3.19e-01
Epoch 796, Train loss: C1:4.07e-02, C:3.19e-01
Epoch 797, Train loss: C1:4.44e-02, C:3.20e-01
Epoch 798, Train loss: C1:4.45e-02, C:3.19e-01
Epoch 799, Train loss: C1:4.11e-02, C:3.19e-01
Epoch 800, Train loss: C1:4.32e-02, C:3.20e-01

Test: Epoch 800
Train Accuracy: 0.2249   Test ACC: 0.0543
Train F1: 0.1411         Test F1: 0.0056

Label 	   Train Distribution 	 Train Accuracy 	 Test Distribution 	 Test Accuracy
------------------------------------------------------------------------------------------
Normal 			 0.2000 			 0.0144 			 0.1359 			 0.0000
Basal 			 0.2000 			 0.0048 			 0.1522 			 0.0000
Her2 			 0.2000 			 0.9282 			 0.0543 			 1.0000
LumA 			 0.2000 			 0.1579 			 0.4837 			 0.0000
LumB 			 0.2000 			 0.0191 			 0.1739 			 0.0000
Epoch 801, Train loss: C1:4.30e-02, C:3.20e-01
Epoch 802, Train loss: C1:4.26e-02, C:3.19e-01
Epoch 803, Train loss: C1:4.10e-02, C:3.19e-01
Epoch 804, Train loss: C1:4.08e-02, C:3.19e-01
Epoch 805, Train loss: C1:4.19e-02, C:3.20e-01
Epoch 806, Train loss: C1:3.86e-02, C:3.20e-01
Epoch 807, Train loss: C1:4.29e-02, C:3.20e-01
Epoch 808, Train loss: C1:4.13e-02, C:3.20e-01
Epoch 809, Train loss: C1:3.88e-02, C:3.20e-01
Epoch 810, Train loss: C1:3.96e-02, C:3.20e-01
Epoch 811, Train loss: C1:4.09e-02, C:3.19e-01
Epoch 812, Train loss: C1:4.21e-02, C:3.19e-01
Epoch 813, Train loss: C1:3.90e-02, C:3.19e-01
Epoch 814, Train loss: C1:3.97e-02, C:3.19e-01
Epoch 815, Train loss: C1:3.89e-02, C:3.19e-01
Epoch 816, Train loss: C1:3.93e-02, C:3.20e-01
Epoch 817, Train loss: C1:3.99e-02, C:3.19e-01
Epoch 818, Train loss: C1:4.13e-02, C:3.19e-01
Epoch 819, Train loss: C1:3.85e-02, C:3.20e-01
Epoch 820, Train loss: C1:4.08e-02, C:3.18e-01
Epoch 821, Train loss: C1:4.39e-02, C:3.19e-01
Epoch 822, Train loss: C1:4.22e-02, C:3.19e-01
Epoch 823, Train loss: C1:4.07e-02, C:3.19e-01
Epoch 824, Train loss: C1:4.43e-02, C:3.20e-01
Epoch 825, Train loss: C1:4.31e-02, C:3.19e-01
Epoch 826, Train loss: C1:4.17e-02, C:3.19e-01
Epoch 827, Train loss: C1:4.07e-02, C:3.19e-01
Epoch 828, Train loss: C1:4.30e-02, C:3.19e-01
Epoch 829, Train loss: C1:4.29e-02, C:3.19e-01
Epoch 830, Train loss: C1:4.01e-02, C:3.19e-01
Epoch 831, Train loss: C1:4.22e-02, C:3.19e-01
Epoch 832, Train loss: C1:4.11e-02, C:3.19e-01
Epoch 833, Train loss: C1:4.08e-02, C:3.19e-01
Epoch 834, Train loss: C1:3.94e-02, C:3.19e-01
Epoch 835, Train loss: C1:3.90e-02, C:3.20e-01
Epoch 836, Train loss: C1:3.78e-02, C:3.20e-01
Epoch 837, Train loss: C1:3.70e-02, C:3.19e-01
Epoch 838, Train loss: C1:3.79e-02, C:3.18e-01
Epoch 839, Train loss: C1:3.72e-02, C:3.19e-01
Epoch 840, Train loss: C1:3.82e-02, C:3.19e-01
Epoch 841, Train loss: C1:3.86e-02, C:3.19e-01
Epoch 842, Train loss: C1:3.71e-02, C:3.20e-01
Epoch 843, Train loss: C1:3.91e-02, C:3.19e-01
Epoch 844, Train loss: C1:3.75e-02, C:3.19e-01
Epoch 845, Train loss: C1:3.91e-02, C:3.19e-01
Epoch 846, Train loss: C1:4.02e-02, C:3.19e-01
Epoch 847, Train loss: C1:3.80e-02, C:3.20e-01
Epoch 848, Train loss: C1:3.66e-02, C:3.19e-01
Epoch 849, Train loss: C1:3.81e-02, C:3.20e-01
Epoch 850, Train loss: C1:3.83e-02, C:3.20e-01

Test: Epoch 850
Train Accuracy: 0.2239   Test ACC: 0.0543
Train F1: 0.1510         Test F1: 0.0056

Label 	   Train Distribution 	 Train Accuracy 	 Test Distribution 	 Test Accuracy
------------------------------------------------------------------------------------------
Normal 			 0.2000 			 0.0287 			 0.1359 			 0.0000
Basal 			 0.2000 			 0.0000 			 0.1522 			 0.0000
Her2 			 0.2000 			 0.8660 			 0.0543 			 1.0000
LumA 			 0.2000 			 0.2201 			 0.4837 			 0.0000
LumB 			 0.2000 			 0.0048 			 0.1739 			 0.0000
Epoch 851, Train loss: C1:3.77e-02, C:3.19e-01
Epoch 852, Train loss: C1:3.65e-02, C:3.19e-01
Epoch 853, Train loss: C1:3.95e-02, C:3.19e-01
Epoch 854, Train loss: C1:3.87e-02, C:3.19e-01
Epoch 855, Train loss: C1:3.77e-02, C:3.19e-01
Epoch 856, Train loss: C1:3.57e-02, C:3.19e-01
Epoch 857, Train loss: C1:3.98e-02, C:3.19e-01
Epoch 858, Train loss: C1:3.85e-02, C:3.19e-01
Epoch 859, Train loss: C1:3.85e-02, C:3.19e-01
Epoch 860, Train loss: C1:4.05e-02, C:3.19e-01
Epoch 861, Train loss: C1:4.02e-02, C:3.19e-01
Epoch 862, Train loss: C1:3.72e-02, C:3.19e-01
Epoch 863, Train loss: C1:4.13e-02, C:3.19e-01
Epoch 864, Train loss: C1:3.99e-02, C:3.19e-01
Epoch 865, Train loss: C1:3.91e-02, C:3.19e-01
Epoch 866, Train loss: C1:3.71e-02, C:3.19e-01
Epoch 867, Train loss: C1:3.79e-02, C:3.20e-01
Epoch 868, Train loss: C1:3.72e-02, C:3.19e-01
Epoch 869, Train loss: C1:3.74e-02, C:3.19e-01
Epoch 870, Train loss: C1:3.65e-02, C:3.19e-01
Epoch 871, Train loss: C1:3.64e-02, C:3.19e-01
Epoch 872, Train loss: C1:3.79e-02, C:3.19e-01
Epoch 873, Train loss: C1:3.70e-02, C:3.18e-01
Epoch 874, Train loss: C1:3.85e-02, C:3.19e-01
Epoch 875, Train loss: C1:3.71e-02, C:3.19e-01
Epoch 876, Train loss: C1:3.77e-02, C:3.19e-01
Epoch 877, Train loss: C1:3.53e-02, C:3.19e-01
Epoch 878, Train loss: C1:3.55e-02, C:3.19e-01
Epoch 879, Train loss: C1:3.72e-02, C:3.19e-01
Epoch 880, Train loss: C1:3.49e-02, C:3.19e-01
Epoch 881, Train loss: C1:3.55e-02, C:3.19e-01
Epoch 882, Train loss: C1:3.54e-02, C:3.19e-01
Epoch 883, Train loss: C1:3.78e-02, C:3.19e-01
Epoch 884, Train loss: C1:3.77e-02, C:3.19e-01
Epoch 885, Train loss: C1:3.63e-02, C:3.19e-01
Epoch 886, Train loss: C1:3.54e-02, C:3.19e-01
Epoch 887, Train loss: C1:3.69e-02, C:3.19e-01
Epoch 888, Train loss: C1:3.58e-02, C:3.18e-01
Epoch 889, Train loss: C1:3.64e-02, C:3.18e-01
Epoch 890, Train loss: C1:3.65e-02, C:3.19e-01
Epoch 891, Train loss: C1:3.66e-02, C:3.18e-01
Epoch 892, Train loss: C1:3.45e-02, C:3.19e-01
Epoch 893, Train loss: C1:3.45e-02, C:3.19e-01
Epoch 894, Train loss: C1:3.71e-02, C:3.19e-01
Epoch 895, Train loss: C1:3.43e-02, C:3.19e-01
Epoch 896, Train loss: C1:3.53e-02, C:3.19e-01
Epoch 897, Train loss: C1:3.53e-02, C:3.18e-01
Epoch 898, Train loss: C1:3.69e-02, C:3.19e-01
Epoch 899, Train loss: C1:3.67e-02, C:3.19e-01
Epoch 900, Train loss: C1:3.50e-02, C:3.19e-01

Test: Epoch 900
Train Accuracy: 0.2249   Test ACC: 0.0543
Train F1: 0.1516         Test F1: 0.0056

Label 	   Train Distribution 	 Train Accuracy 	 Test Distribution 	 Test Accuracy
------------------------------------------------------------------------------------------
Normal 			 0.2000 			 0.0622 			 0.1359 			 0.0000
Basal 			 0.2000 			 0.0000 			 0.1522 			 0.0000
Her2 			 0.2000 			 0.8947 			 0.0543 			 1.0000
LumA 			 0.2000 			 0.1435 			 0.4837 			 0.0000
LumB 			 0.2000 			 0.0239 			 0.1739 			 0.0000
Epoch 901, Train loss: C1:3.46e-02, C:3.19e-01
Epoch 902, Train loss: C1:3.58e-02, C:3.19e-01
Epoch 903, Train loss: C1:3.81e-02, C:3.18e-01
Epoch 904, Train loss: C1:3.49e-02, C:3.19e-01
Epoch 905, Train loss: C1:3.50e-02, C:3.19e-01
Epoch 906, Train loss: C1:3.38e-02, C:3.19e-01
Epoch 907, Train loss: C1:3.38e-02, C:3.19e-01
Epoch 908, Train loss: C1:3.47e-02, C:3.19e-01
Epoch 909, Train loss: C1:3.49e-02, C:3.18e-01
Epoch 910, Train loss: C1:3.38e-02, C:3.18e-01
Epoch 911, Train loss: C1:3.54e-02, C:3.18e-01
Epoch 912, Train loss: C1:3.58e-02, C:3.19e-01
Epoch 913, Train loss: C1:3.67e-02, C:3.18e-01
Epoch 914, Train loss: C1:3.65e-02, C:3.18e-01
Epoch 915, Train loss: C1:3.54e-02, C:3.19e-01
Epoch 916, Train loss: C1:3.50e-02, C:3.19e-01
Epoch 917, Train loss: C1:3.49e-02, C:3.19e-01
Epoch 918, Train loss: C1:3.52e-02, C:3.19e-01
Epoch 919, Train loss: C1:3.55e-02, C:3.18e-01
Epoch 920, Train loss: C1:3.45e-02, C:3.18e-01
Epoch 921, Train loss: C1:3.59e-02, C:3.19e-01
Epoch 922, Train loss: C1:3.98e-02, C:3.19e-01
Epoch 923, Train loss: C1:3.97e-02, C:3.18e-01
Epoch 924, Train loss: C1:3.38e-02, C:3.19e-01
Epoch 925, Train loss: C1:3.35e-02, C:3.18e-01
Epoch 926, Train loss: C1:3.30e-02, C:3.18e-01
Epoch 927, Train loss: C1:3.56e-02, C:3.18e-01
Epoch 928, Train loss: C1:3.51e-02, C:3.19e-01
Epoch 929, Train loss: C1:3.28e-02, C:3.19e-01
Epoch 930, Train loss: C1:3.37e-02, C:3.18e-01
Epoch 931, Train loss: C1:3.39e-02, C:3.18e-01
Epoch 932, Train loss: C1:3.25e-02, C:3.19e-01
Epoch 933, Train loss: C1:3.33e-02, C:3.19e-01
Epoch 934, Train loss: C1:3.40e-02, C:3.19e-01
Epoch 935, Train loss: C1:3.31e-02, C:3.18e-01
Epoch 936, Train loss: C1:3.40e-02, C:3.18e-01
Epoch 937, Train loss: C1:3.51e-02, C:3.19e-01
Epoch 938, Train loss: C1:3.43e-02, C:3.19e-01
Epoch 939, Train loss: C1:3.30e-02, C:3.18e-01
Epoch 940, Train loss: C1:3.30e-02, C:3.19e-01
Epoch 941, Train loss: C1:3.42e-02, C:3.19e-01
Epoch 942, Train loss: C1:3.42e-02, C:3.18e-01
Epoch 943, Train loss: C1:3.51e-02, C:3.18e-01
Epoch 944, Train loss: C1:3.16e-02, C:3.18e-01
Epoch 945, Train loss: C1:3.61e-02, C:3.18e-01
Epoch 946, Train loss: C1:3.29e-02, C:3.19e-01
Epoch 947, Train loss: C1:3.59e-02, C:3.18e-01
Epoch 948, Train loss: C1:3.39e-02, C:3.19e-01
Epoch 949, Train loss: C1:3.53e-02, C:3.19e-01
Epoch 950, Train loss: C1:3.38e-02, C:3.19e-01

Test: Epoch 950
Train Accuracy: 0.2258   Test ACC: 0.0598
Train F1: 0.1872         Test F1: 0.0168

Label 	   Train Distribution 	 Train Accuracy 	 Test Distribution 	 Test Accuracy
------------------------------------------------------------------------------------------
Normal 			 0.2000 			 0.1531 			 0.1359 			 0.0000
Basal 			 0.2000 			 0.0000 			 0.1522 			 0.0000
Her2 			 0.2000 			 0.6651 			 0.0543 			 1.0000
LumA 			 0.2000 			 0.2344 			 0.4837 			 0.0112
LumB 			 0.2000 			 0.0766 			 0.1739 			 0.0000
Epoch 951, Train loss: C1:3.47e-02, C:3.19e-01
Epoch 952, Train loss: C1:3.32e-02, C:3.18e-01
Epoch 953, Train loss: C1:3.12e-02, C:3.19e-01
Epoch 954, Train loss: C1:3.23e-02, C:3.18e-01
Epoch 955, Train loss: C1:3.13e-02, C:3.19e-01
Epoch 956, Train loss: C1:3.11e-02, C:3.19e-01
Epoch 957, Train loss: C1:2.95e-02, C:3.18e-01
Epoch 958, Train loss: C1:3.04e-02, C:3.18e-01
Epoch 959, Train loss: C1:3.21e-02, C:3.19e-01
Epoch 960, Train loss: C1:3.32e-02, C:3.18e-01
Epoch 961, Train loss: C1:3.20e-02, C:3.18e-01
Epoch 962, Train loss: C1:3.28e-02, C:3.19e-01
Epoch 963, Train loss: C1:3.11e-02, C:3.19e-01
Epoch 964, Train loss: C1:3.07e-02, C:3.19e-01
Epoch 965, Train loss: C1:3.05e-02, C:3.18e-01
Epoch 966, Train loss: C1:3.24e-02, C:3.18e-01
Epoch 967, Train loss: C1:3.29e-02, C:3.18e-01
Epoch 968, Train loss: C1:3.04e-02, C:3.18e-01
Epoch 969, Train loss: C1:3.10e-02, C:3.18e-01
Epoch 970, Train loss: C1:3.35e-02, C:3.19e-01
Epoch 971, Train loss: C1:3.91e-02, C:3.19e-01
Epoch 972, Train loss: C1:4.53e-02, C:3.19e-01
Epoch 973, Train loss: C1:5.83e-02, C:3.19e-01
Epoch 974, Train loss: C1:5.84e-02, C:3.19e-01
Epoch 975, Train loss: C1:3.60e-02, C:3.18e-01
Epoch 976, Train loss: C1:3.71e-02, C:3.19e-01
Epoch 977, Train loss: C1:4.88e-02, C:3.19e-01
Epoch 978, Train loss: C1:3.22e-02, C:3.19e-01
Epoch 979, Train loss: C1:3.99e-02, C:3.19e-01
Epoch 980, Train loss: C1:4.07e-02, C:3.19e-01
Epoch 981, Train loss: C1:3.33e-02, C:3.19e-01
Epoch 982, Train loss: C1:3.88e-02, C:3.19e-01
Epoch 983, Train loss: C1:3.40e-02, C:3.18e-01
Epoch 984, Train loss: C1:3.50e-02, C:3.19e-01
Epoch 985, Train loss: C1:3.57e-02, C:3.19e-01
Epoch 986, Train loss: C1:3.23e-02, C:3.19e-01
Epoch 987, Train loss: C1:3.38e-02, C:3.18e-01
Epoch 988, Train loss: C1:3.06e-02, C:3.19e-01
Epoch 989, Train loss: C1:3.16e-02, C:3.19e-01
Epoch 990, Train loss: C1:3.32e-02, C:3.19e-01
Epoch 991, Train loss: C1:3.20e-02, C:3.19e-01
Epoch 992, Train loss: C1:3.21e-02, C:3.19e-01
Epoch 993, Train loss: C1:3.16e-02, C:3.18e-01
Epoch 994, Train loss: C1:3.11e-02, C:3.18e-01
Epoch 995, Train loss: C1:3.09e-02, C:3.18e-01
Epoch 996, Train loss: C1:3.33e-02, C:3.18e-01
Epoch 997, Train loss: C1:3.00e-02, C:3.19e-01
Epoch 998, Train loss: C1:3.19e-02, C:3.19e-01
Epoch 999, Train loss: C1:3.12e-02, C:3.18e-01
Epoch 1000, Train loss: C1:3.07e-02, C:3.18e-01

Test: Epoch 1000
Train Accuracy: 0.2536   Test ACC: 0.0543
Train F1: 0.1790         Test F1: 0.0056

Label 	   Train Distribution 	 Train Accuracy 	 Test Distribution 	 Test Accuracy
------------------------------------------------------------------------------------------
Normal 			 0.2000 			 0.0191 			 0.1359 			 0.0000
Basal 			 0.2000 			 0.0048 			 0.1522 			 0.0000
Her2 			 0.2000 			 0.9282 			 0.0543 			 1.0000
LumA 			 0.2000 			 0.2919 			 0.4837 			 0.0000
LumB 			 0.2000 			 0.0239 			 0.1739 			 0.0000
